#
# There is insufficient memory for the Java Runtime Environment to continue.
# Native memory allocation (malloc) failed to allocate 1144256 bytes for Chunk::new
# Possible reasons:
#   The system is out of physical RAM or swap space
#   The process is running with CompressedOops enabled, and the Java Heap may be blocking the growth of the native heap
# Possible solutions:
#   Reduce memory load on the system
#   Increase physical memory or swap space
#   Check if swap backing store is full
#   Decrease Java heap size (-Xmx/-Xms)
#   Decrease number of Java threads
#   Decrease Java thread stack sizes (-Xss)
#   Set larger code cache with -XX:ReservedCodeCacheSize=
#   JVM is running with Unscaled Compressed Oops mode in which the Java heap is
#     placed in the first 4GB address space. The Java Heap base address is the
#     maximum limit for the native heap growth. Please use -XX:HeapBaseMinAddress
#     to set the Java Heap base and to place the Java Heap above 4GB virtual address.
# This output file may be truncated or incomplete.
#
#  Out of Memory Error (./src/hotspot/share/memory/arena.cpp:197), pid=6364, tid=3332
#
# JRE version: OpenJDK Runtime Environment (11.0.11+9) (build 11.0.11+9-b60-7590822)
# Java VM: OpenJDK 64-Bit Server VM (11.0.11+9-b60-7590822, mixed mode, tiered, compressed oops, g1 gc, windows-amd64)
# No core dump will be written. Minidumps are not enabled by default on client versions of Windows
#

---------------  S U M M A R Y ------------

Command Line: --add-opens=java.base/java.util=ALL-UNNAMED --add-opens=java.base/java.lang=ALL-UNNAMED --add-opens=java.base/java.lang.invoke=ALL-UNNAMED --add-opens=java.prefs/java.util.prefs=ALL-UNNAMED -Xmx1536m -Dfile.encoding=windows-1252 -Duser.country=CO -Duser.language=es -Duser.variant org.gradle.launcher.daemon.bootstrap.GradleDaemon 5.4.1

Host: AMD Ryzen 5 3600 6-Core Processor              , 12 cores, 15G,  Windows 10 , 64 bit Build 19041 (10.0.19041.1566)
Time: Sun Mar 20 23:56:09 2022 Hora est. Pacífico, Sudamérica elapsed time: 200.542267 seconds (0d 0h 3m 20s)

---------------  T H R E A D  ---------------

Current thread (0x000001f5edfd0800):  JavaThread "C2 CompilerThread2" daemon [_thread_in_native, id=3332, stack(0x0000005dd4d00000,0x0000005dd4e00000)]


Current CompileTask:
C2: 200542 15018   !   4       java.io.ObjectInputStream::readSerialData (563 bytes)

Stack: [0x0000005dd4d00000,0x0000005dd4e00000]
Native frames: (J=compiled Java code, j=interpreted, Vv=VM code, C=native code)
V  [jvm.dll+0x5f214a]
V  [jvm.dll+0x726fb5]
V  [jvm.dll+0x7285cd]
V  [jvm.dll+0x728c83]
V  [jvm.dll+0x243278]
V  [jvm.dll+0xbc53c]
V  [jvm.dll+0xbca3c]
V  [jvm.dll+0x2b5c34]
V  [jvm.dll+0x508488]
V  [jvm.dll+0x203d53]
V  [jvm.dll+0x1fdbac]
V  [jvm.dll+0x1fb35f]
V  [jvm.dll+0x183d6c]
V  [jvm.dll+0x209a57]
V  [jvm.dll+0x2082a1]
V  [jvm.dll+0x6ef58f]
V  [jvm.dll+0x6e80b5]
V  [jvm.dll+0x5f1036]
C  [ucrtbase.dll+0x21bb2]
C  [KERNEL32.DLL+0x17034]
C  [ntdll.dll+0x52651]


---------------  P R O C E S S  ---------------

Threads class SMR info:
_java_thread_list=0x000001f5e3ecb640, length=82, elements={
0x000001f5c5bc9800, 0x000001f5e196f800, 0x000001f5e1993000, 0x000001f5e19f0000,
0x000001f5e19f2000, 0x000001f5e19f4800, 0x000001f5e19f8000, 0x000001f5e19ff000,
0x000001f5e1a27000, 0x000001f5e1a23800, 0x000001f5e1a24800, 0x000001f5e1a29800,
0x000001f5e1a27800, 0x000001f5e3715800, 0x000001f5e3717800, 0x000001f5e3716000,
0x000001f5e3724000, 0x000001f5e6812000, 0x000001f5e6819800, 0x000001f5e6814000,
0x000001f5e6815800, 0x000001f5e1a2a000, 0x000001f5e1a26000, 0x000001f5e1a25800,
0x000001f5e1a28800, 0x000001f5e6814800, 0x000001f5e6813000, 0x000001f5eb9be800,
0x000001f5e6816800, 0x000001f5e6810800, 0x000001f5edfd0800, 0x000001f5e6817000,
0x000001f5e6811800, 0x000001f5e681a800, 0x000001f5e681d000, 0x000001f5e681c000,
0x000001f5e6819000, 0x000001f5e681d800, 0x000001f5e6818000, 0x000001f5e681e800,
0x000001f5e681f800, 0x000001f5e371c000, 0x000001f5e3718800, 0x000001f5e371f000,
0x000001f5e371a000, 0x000001f5e3719800, 0x000001f5e3720000, 0x000001f5e3720800,
0x000001f5e371b000, 0x000001f5e3721800, 0x000001f5e3722800, 0x000001f5e3723000,
0x000001f5ec154000, 0x000001f5ec154800, 0x000001f5ec14f800, 0x000001f5ec150800,
0x000001f5ec152000, 0x000001f5ec14f000, 0x000001f5ec153000, 0x000001f5ec156800,
0x000001f5ec157000, 0x000001f5ec151800, 0x000001f5ec15b000, 0x000001f5ec159800,
0x000001f5ec15d000, 0x000001f5ec15a800, 0x000001f5ec15c000, 0x000001f5ec15d800,
0x000001f5ec158000, 0x000001f5ec158800, 0x000001f5e99e3000, 0x000001f5e99e4800,
0x000001f5e99e3800, 0x000001f5e99df800, 0x000001f5e99e6000, 0x000001f5e99e5800,
0x000001f5e99e0800, 0x000001f5e99e2000, 0x000001f5e99e7000, 0x000001f5e99e1000,
0x000001f5e99eb000, 0x000001f5e99e8000
}

Java Threads: ( => current thread )
  0x000001f5c5bc9800 JavaThread "main" [_thread_blocked, id=3184, stack(0x0000005dd2300000,0x0000005dd2400000)]
  0x000001f5e196f800 JavaThread "Reference Handler" daemon [_thread_blocked, id=8268, stack(0x0000005dd2a00000,0x0000005dd2b00000)]
  0x000001f5e1993000 JavaThread "Finalizer" daemon [_thread_blocked, id=13588, stack(0x0000005dd2b00000,0x0000005dd2c00000)]
  0x000001f5e19f0000 JavaThread "Signal Dispatcher" daemon [_thread_blocked, id=16032, stack(0x0000005dd2c00000,0x0000005dd2d00000)]
  0x000001f5e19f2000 JavaThread "Attach Listener" daemon [_thread_blocked, id=7272, stack(0x0000005dd2d00000,0x0000005dd2e00000)]
  0x000001f5e19f4800 JavaThread "Service Thread" daemon [_thread_blocked, id=4208, stack(0x0000005dd2e00000,0x0000005dd2f00000)]
  0x000001f5e19f8000 JavaThread "C2 CompilerThread0" daemon [_thread_in_native, id=7360, stack(0x0000005dd2f00000,0x0000005dd3000000)]
  0x000001f5e19ff000 JavaThread "C1 CompilerThread0" daemon [_thread_blocked, id=16208, stack(0x0000005dd3000000,0x0000005dd3100000)]
  0x000001f5e1a27000 JavaThread "Sweeper thread" daemon [_thread_blocked, id=16284, stack(0x0000005dd3100000,0x0000005dd3200000)]
  0x000001f5e1a23800 JavaThread "Common-Cleaner" daemon [_thread_blocked, id=14628, stack(0x0000005dd3200000,0x0000005dd3300000)]
  0x000001f5e1a24800 JavaThread "Daemon health stats" [_thread_blocked, id=16340, stack(0x0000005dd3b00000,0x0000005dd3c00000)]
  0x000001f5e1a29800 JavaThread "Incoming local TCP Connector on port 56130" [_thread_in_native, id=11544, stack(0x0000005dd3a00000,0x0000005dd3b00000)]
  0x000001f5e1a27800 JavaThread "Daemon periodic checks" [_thread_blocked, id=19044, stack(0x0000005dd3c00000,0x0000005dd3d00000)]
  0x000001f5e3715800 JavaThread "Cache worker for file hash cache (C:\Users\eiyah\.gradle\caches\5.4.1\fileHashes)" [_thread_blocked, id=9240, stack(0x0000005dd4400000,0x0000005dd4500000)]
  0x000001f5e3717800 JavaThread "File lock request listener" [_thread_in_native, id=5996, stack(0x0000005dd4500000,0x0000005dd4600000)]
  0x000001f5e3716000 JavaThread "Cache worker for journal cache (C:\Users\eiyah\.gradle\caches\journal-1)" [_thread_blocked, id=15168, stack(0x0000005dd4600000,0x0000005dd4700000)]
  0x000001f5e3724000 JavaThread "Cache worker for execution history cache (C:\Users\eiyah\.gradle\caches\5.4.1\executionHistory)" [_thread_blocked, id=13056, stack(0x0000005dd5100000,0x0000005dd5200000)]
  0x000001f5e6812000 JavaThread "Memory manager" [_thread_blocked, id=1320, stack(0x0000005dd6300000,0x0000005dd6400000)]
  0x000001f5e6819800 JavaThread "Cache worker for file content cache (C:\Users\eiyah\.gradle\caches\5.4.1\fileContent)" [_thread_blocked, id=13920, stack(0x0000005dd6400000,0x0000005dd6500000)]
  0x000001f5e6814000 JavaThread "Daemon Thread 2" [_thread_blocked, id=8468, stack(0x0000005dd2000000,0x0000005dd2100000)]
  0x000001f5e6815800 JavaThread "Daemon worker Thread 2" [_thread_in_Java, id=7892, stack(0x0000005dd3400000,0x0000005dd3500000)]
  0x000001f5e1a2a000 JavaThread "Handler for socket connection from /127.0.0.1:56130 to /127.0.0.1:56430" [_thread_in_native, id=12056, stack(0x0000005dd2100000,0x0000005dd2200000)]
  0x000001f5e1a26000 JavaThread "Cancel handler" [_thread_blocked, id=19288, stack(0x0000005dd2200000,0x0000005dd2300000)]
  0x000001f5e1a25800 JavaThread "Asynchronous log dispatcher for DefaultDaemonConnection: socket connection from /127.0.0.1:56130 to /127.0.0.1:56430" [_thread_blocked, id=9512, stack(0x0000005dd3d00000,0x0000005dd3e00000)]
  0x000001f5e1a28800 JavaThread "Stdin handler" [_thread_blocked, id=2252, stack(0x0000005dd3e00000,0x0000005dd3f00000)]
  0x000001f5e6814800 JavaThread "Thread-80" [_thread_blocked, id=5652, stack(0x0000005dd3f00000,0x0000005dd4000000)]
  0x000001f5e6813000 JavaThread "Cache worker for file hash cache (C:\Users\eiyah\AndroidStudioProjects\Taller2\.gradle\5.4.1\fileHashes)" [_thread_blocked, id=3216, stack(0x0000005dd4000000,0x0000005dd4100000)]
  0x000001f5eb9be800 JavaThread "C2 CompilerThread1" daemon [_thread_in_native, id=8816, stack(0x0000005dd4100000,0x0000005dd4200000)]
  0x000001f5e6816800 JavaThread "Cache worker for cache directory md-supplier (C:\Users\eiyah\.gradle\caches\5.4.1\md-supplier)" [_thread_blocked, id=8340, stack(0x0000005dd4200000,0x0000005dd4300000)]
  0x000001f5e6810800 JavaThread "Cache worker for cache directory md-rule (C:\Users\eiyah\.gradle\caches\5.4.1\md-rule)" [_thread_blocked, id=6736, stack(0x0000005dd4300000,0x0000005dd4400000)]
=>0x000001f5edfd0800 JavaThread "C2 CompilerThread2" daemon [_thread_in_native, id=3332, stack(0x0000005dd4d00000,0x0000005dd4e00000)]
  0x000001f5e6817000 JavaThread "Build operations" [_thread_blocked, id=7668, stack(0x0000005dd4e00000,0x0000005dd4f00000)]
  0x000001f5e6811800 JavaThread "Build operations Thread 2" [_thread_blocked, id=13700, stack(0x0000005dd4f00000,0x0000005dd5000000)]
  0x000001f5e681a800 JavaThread "Build operations Thread 3" [_thread_blocked, id=1416, stack(0x0000005dd5000000,0x0000005dd5100000)]
  0x000001f5e681d000 JavaThread "Build operations Thread 4" [_thread_blocked, id=11040, stack(0x0000005dd5200000,0x0000005dd5300000)]
  0x000001f5e681c000 JavaThread "Build operations Thread 5" [_thread_blocked, id=7432, stack(0x0000005dd5300000,0x0000005dd5400000)]
  0x000001f5e6819000 JavaThread "Build operations Thread 6" [_thread_blocked, id=4216, stack(0x0000005dd5400000,0x0000005dd5500000)]
  0x000001f5e681d800 JavaThread "Build operations Thread 7" [_thread_blocked, id=12252, stack(0x0000005dd5500000,0x0000005dd5600000)]
  0x000001f5e6818000 JavaThread "Build operations Thread 8" [_thread_blocked, id=15728, stack(0x0000005dd5600000,0x0000005dd5700000)]
  0x000001f5e681e800 JavaThread "Build operations Thread 9" [_thread_blocked, id=11184, stack(0x0000005dd5700000,0x0000005dd5800000)]
  0x000001f5e681f800 JavaThread "Build operations Thread 10" [_thread_blocked, id=16596, stack(0x0000005dd5800000,0x0000005dd5900000)]
  0x000001f5e371c000 JavaThread "Build operations Thread 11" [_thread_blocked, id=15812, stack(0x0000005dd5900000,0x0000005dd5a00000)]
  0x000001f5e3718800 JavaThread "Build operations Thread 12" [_thread_blocked, id=10680, stack(0x0000005dd5a00000,0x0000005dd5b00000)]
  0x000001f5e371f000 JavaThread "pool-4-thread-1" [_thread_blocked, id=4056, stack(0x0000005dd5b00000,0x0000005dd5c00000)]
  0x000001f5e371a000 JavaThread "Cache worker for Build Output Cleanup Cache (C:\Users\eiyah\AndroidStudioProjects\Taller2\.gradle\buildOutputCleanup)" [_thread_blocked, id=2684, stack(0x0000005dd5c00000,0x0000005dd5d00000)]
  0x000001f5e3719800 JavaThread "Cache worker for file content cache (C:\Users\eiyah\AndroidStudioProjects\Taller2\.gradle\5.4.1\fileContent)" [_thread_blocked, id=19056, stack(0x0000005dd5d00000,0x0000005dd5e00000)]
  0x000001f5e3720000 JavaThread "Execution worker for ':'" [_thread_blocked, id=14036, stack(0x0000005dd5e00000,0x0000005dd5f00000)]
  0x000001f5e3720800 JavaThread "Execution worker for ':' Thread 2" [_thread_blocked, id=9312, stack(0x0000005dd5f00000,0x0000005dd6000000)]
  0x000001f5e371b000 JavaThread "Execution worker for ':' Thread 3" [_thread_blocked, id=3048, stack(0x0000005dd6500000,0x0000005dd6600000)]
  0x000001f5e3721800 JavaThread "Execution worker for ':' Thread 4" [_thread_blocked, id=14680, stack(0x0000005dd6600000,0x0000005dd6700000)]
  0x000001f5e3722800 JavaThread "Execution worker for ':' Thread 5" [_thread_blocked, id=11980, stack(0x0000005dd6700000,0x0000005dd6800000)]
  0x000001f5e3723000 JavaThread "Execution worker for ':' Thread 6" [_thread_blocked, id=13048, stack(0x0000005dd6800000,0x0000005dd6900000)]
  0x000001f5ec154000 JavaThread "Execution worker for ':' Thread 7" [_thread_blocked, id=9764, stack(0x0000005dd6900000,0x0000005dd6a00000)]
  0x000001f5ec154800 JavaThread "Execution worker for ':' Thread 8" [_thread_blocked, id=10560, stack(0x0000005dd6a00000,0x0000005dd6b00000)]
  0x000001f5ec14f800 JavaThread "Execution worker for ':' Thread 9" [_thread_blocked, id=8976, stack(0x0000005dd6b00000,0x0000005dd6c00000)]
  0x000001f5ec150800 JavaThread "Execution worker for ':' Thread 10" [_thread_blocked, id=9888, stack(0x0000005dd6c00000,0x0000005dd6d00000)]
  0x000001f5ec152000 JavaThread "Execution worker for ':' Thread 11" [_thread_blocked, id=19444, stack(0x0000005dd6d00000,0x0000005dd6e00000)]
  0x000001f5ec14f000 JavaThread "Cache worker for execution history cache (C:\Users\eiyah\AndroidStudioProjects\Taller2\.gradle\5.4.1\executionHistory)" [_thread_blocked, id=2588, stack(0x0000005dd6e00000,0x0000005dd6f00000)]
  0x000001f5ec153000 JavaThread "WorkerExecutor Queue" [_thread_blocked, id=9140, stack(0x0000005dd6f00000,0x0000005dd7000000)]
  0x000001f5ec156800 JavaThread "WorkerExecutor Queue Thread 2" [_thread_blocked, id=9572, stack(0x0000005dd7000000,0x0000005dd7100000)]
  0x000001f5ec157000 JavaThread "WorkerExecutor Queue Thread 3" [_thread_blocked, id=8324, stack(0x0000005dd7100000,0x0000005dd7200000)]
  0x000001f5ec151800 JavaThread "WorkerExecutor Queue Thread 4" [_thread_blocked, id=1104, stack(0x0000005dd7200000,0x0000005dd7300000)]
  0x000001f5ec15b000 JavaThread "WorkerExecutor Queue Thread 5" [_thread_blocked, id=2560, stack(0x0000005dd7300000,0x0000005dd7400000)]
  0x000001f5ec159800 JavaThread "WorkerExecutor Queue Thread 6" [_thread_blocked, id=17284, stack(0x0000005dd7700000,0x0000005dd7800000)]
  0x000001f5ec15d000 JavaThread "WorkerExecutor Queue Thread 7" [_thread_blocked, id=2024, stack(0x0000005dd7800000,0x0000005dd7900000)]
  0x000001f5ec15a800 JavaThread "Java2D Disposer" daemon [_thread_blocked, id=6864, stack(0x0000005dd7900000,0x0000005dd7a00000)]
  0x000001f5ec15c000 JavaThread "WorkerExecutor Queue Thread 8" [_thread_blocked, id=17896, stack(0x0000005dd7a00000,0x0000005dd7b00000)]
  0x000001f5ec15d800 JavaThread "pool-5-thread-1" [_thread_blocked, id=10104, stack(0x0000005dd7b00000,0x0000005dd7c00000)]
  0x000001f5ec158000 JavaThread "stderr" [_thread_in_native, id=14128, stack(0x0000005dd7c00000,0x0000005dd7d00000)]
  0x000001f5ec158800 JavaThread "stdout" [_thread_in_native, id=17012, stack(0x0000005dd7d00000,0x0000005dd7e00000)]
  0x000001f5e99e3000 Thread [stack: 0x0000005dd7e00000,0x0000005dd7f00000] [id=3676]
  0x000001f5e99e4800 Thread [stack: 0x0000005dd7f00000,0x0000005dd8000000] [id=18264]
  0x000001f5e99e3800 JavaThread "stderr" [_thread_in_native, id=8492, stack(0x0000005dd8600000,0x0000005dd8700000)]
  0x000001f5e99df800 JavaThread "stdout" [_thread_in_native, id=10476, stack(0x0000005dd8700000,0x0000005dd8800000)]
  0x000001f5e99e6000 JavaThread "stderr" [_thread_in_native, id=16328, stack(0x0000005dd8800000,0x0000005dd8900000)]
  0x000001f5e99e5800 JavaThread "stdout" [_thread_in_native, id=17264, stack(0x0000005dd8900000,0x0000005dd8a00000)]
  0x000001f5e99e0800 JavaThread "stderr" [_thread_in_native, id=6700, stack(0x0000005dd8a00000,0x0000005dd8b00000)]
  0x000001f5e99e2000 JavaThread "stdout" [_thread_in_native, id=2708, stack(0x0000005dd8b00000,0x0000005dd8c00000)]
  0x000001f5e99e7000 Thread [stack: 0x0000005dd8c00000,0x0000005dd8d00000] [id=6744]
  0x000001f5e99e1000 Thread [stack: 0x0000005dd8d00000,0x0000005dd8e00000] [id=276]
  0x000001f5e99eb000 JavaThread "stderr" [_thread_in_native, id=3500, stack(0x0000005dd9000000,0x0000005dd9100000)]
  0x000001f5e99e8000 JavaThread "stdout" [_thread_in_native, id=3460, stack(0x0000005dd9100000,0x0000005dd9200000)]

Other Threads:
  0x000001f5e196c800 VMThread "VM Thread" [stack: 0x0000005dd2900000,0x0000005dd2a00000] [id=13980]
  0x000001f5e1bc2000 WatcherThread [stack: 0x0000005dd3300000,0x0000005dd3400000] [id=10944]
  0x000001f5c5be2000 GCTaskThread "GC Thread#0" [stack: 0x0000005dd2400000,0x0000005dd2500000] [id=13340]
  0x000001f5e2967000 GCTaskThread "GC Thread#1" [stack: 0x0000005dd3500000,0x0000005dd3600000] [id=12488]
  0x000001f5e2968000 GCTaskThread "GC Thread#2" [stack: 0x0000005dd3600000,0x0000005dd3700000] [id=5820]
  0x000001f5e28d3000 GCTaskThread "GC Thread#3" [stack: 0x0000005dd3700000,0x0000005dd3800000] [id=16808]
  0x000001f5e2a57000 GCTaskThread "GC Thread#4" [stack: 0x0000005dd3800000,0x0000005dd3900000] [id=14176]
  0x000001f5e2a58000 GCTaskThread "GC Thread#5" [stack: 0x0000005dd3900000,0x0000005dd3a00000] [id=18768]
  0x000001f5e3751800 GCTaskThread "GC Thread#6" [stack: 0x0000005dd4700000,0x0000005dd4800000] [id=4984]
  0x000001f5e3949000 GCTaskThread "GC Thread#7" [stack: 0x0000005dd4800000,0x0000005dd4900000] [id=15012]
  0x000001f5e3881800 GCTaskThread "GC Thread#8" [stack: 0x0000005dd4900000,0x0000005dd4a00000] [id=10580]
  0x000001f5e396b800 GCTaskThread "GC Thread#9" [stack: 0x0000005dd4a00000,0x0000005dd4b00000] [id=5828]
  0x000001f5c5c09000 ConcurrentGCThread "G1 Main Marker" [stack: 0x0000005dd2500000,0x0000005dd2600000] [id=17624]
  0x000001f5c5c0c000 ConcurrentGCThread "G1 Conc#0" [stack: 0x0000005dd2600000,0x0000005dd2700000] [id=960]
  0x000001f5e306f000 ConcurrentGCThread "G1 Conc#1" [stack: 0x0000005dd4b00000,0x0000005dd4c00000] [id=1236]
  0x000001f5e3a4c000 ConcurrentGCThread "G1 Conc#2" [stack: 0x0000005dd4c00000,0x0000005dd4d00000] [id=12596]
  0x000001f5e0fcc800 ConcurrentGCThread "G1 Refine#0" [stack: 0x0000005dd2700000,0x0000005dd2800000] [id=8004]
  0x000001f5e939b000 ConcurrentGCThread "G1 Refine#1" [stack: 0x0000005dd6000000,0x0000005dd6100000] [id=1316]
  0x000001f5e939b800 ConcurrentGCThread "G1 Refine#2" [stack: 0x0000005dd6100000,0x0000005dd6200000] [id=16496]
  0x000001f5e939c800 ConcurrentGCThread "G1 Refine#3" [stack: 0x0000005dd6200000,0x0000005dd6300000] [id=17660]
  0x000001f5e9b67800 ConcurrentGCThread "G1 Refine#4" [stack: 0x0000005dd8000000,0x0000005dd8100000] [id=18308]
  0x000001f5eba91000 ConcurrentGCThread "G1 Refine#5" [stack: 0x0000005dd8100000,0x0000005dd8200000] [id=9268]
  0x000001f5ec327800 ConcurrentGCThread "G1 Refine#6" [stack: 0x0000005dd8200000,0x0000005dd8300000] [id=14736]
  0x000001f5e42b3000 ConcurrentGCThread "G1 Refine#7" [stack: 0x0000005dd8300000,0x0000005dd8400000] [id=19272]
  0x000001f5e5ac6000 ConcurrentGCThread "G1 Refine#8" [stack: 0x0000005dd8400000,0x0000005dd8500000] [id=3236]
  0x000001f5ec01d000 ConcurrentGCThread "G1 Refine#9" [stack: 0x0000005dd8500000,0x0000005dd8600000] [id=3904]
  0x000001f5e0fcd800 ConcurrentGCThread "G1 Young RemSet Sampling" [stack: 0x0000005dd2800000,0x0000005dd2900000] [id=4396]

Threads with active compile tasks:
C2 CompilerThread0 200561 14966   !   4       java.io.ObjectOutputStream::writeObject0 (619 bytes)
C2 CompilerThread1 200561 14800       4       com.android.utils.XmlUtils::append (639 bytes)
C2 CompilerThread2 200561 15018   !   4       java.io.ObjectInputStream::readSerialData (563 bytes)

VM state:synchronizing (normal execution)

VM Mutex/Monitor currently owned by a thread:  ([mutex/lock_event])
[0x000001f5c5bc62a0] Threads_lock - owner thread: 0x000001f5e196c800

Heap address: 0x00000000a0000000, size: 1536 MB, Compressed Oops mode: 32-bit
Narrow klass base: 0x0000000000000000, Narrow klass shift: 3
Compressed class space size: 1073741824 Address: 0x0000000100000000

Heap:
 garbage-first heap   total 262144K, used 141224K [0x00000000a0000000, 0x0000000100000000)
  region size 1024K, 24 young (24576K), 11 survivors (11264K)
 Metaspace       used 104615K, capacity 107443K, committed 107648K, reserved 1142784K
  class space    used 13010K, capacity 13952K, committed 13952K, reserved 1048576K
Heap Regions: E=young(eden), S=young(survivor), O=old, HS=humongous(starts), HC=humongous(continues), CS=collection set, F=free, A=archive, TAMS=top-at-mark-start (previous, next)
|   0|0x00000000a0000000, 0x00000000a0100000, 0x00000000a0100000|100%|HS|  |TAMS 0x00000000a0100000, 0x00000000a0000000| Complete 
|   1|0x00000000a0100000, 0x00000000a0200000, 0x00000000a0200000|100%|HC|  |TAMS 0x00000000a0200000, 0x00000000a0100000| Complete 
|   2|0x00000000a0200000, 0x00000000a0300000, 0x00000000a0300000|100%|HS|  |TAMS 0x00000000a0300000, 0x00000000a0200000| Complete 
|   3|0x00000000a0300000, 0x00000000a0400000, 0x00000000a0400000|100%|HS|  |TAMS 0x00000000a0400000, 0x00000000a0300000| Complete 
|   4|0x00000000a0400000, 0x00000000a0500000, 0x00000000a0500000|100%|HC|  |TAMS 0x00000000a0500000, 0x00000000a0400000| Complete 
|   5|0x00000000a0500000, 0x00000000a0600000, 0x00000000a0600000|100%| O|  |TAMS 0x00000000a0600000, 0x00000000a0500000| Untracked 
|   6|0x00000000a0600000, 0x00000000a0700000, 0x00000000a0700000|100%| O|  |TAMS 0x00000000a0700000, 0x00000000a0600000| Untracked 
|   7|0x00000000a0700000, 0x00000000a0800000, 0x00000000a0800000|100%|HS|  |TAMS 0x00000000a0800000, 0x00000000a0700000| Complete 
|   8|0x00000000a0800000, 0x00000000a0900000, 0x00000000a0900000|100%|HC|  |TAMS 0x00000000a0900000, 0x00000000a0800000| Complete 
|   9|0x00000000a0900000, 0x00000000a0a00000, 0x00000000a0a00000|100%|HC|  |TAMS 0x00000000a0a00000, 0x00000000a0900000| Complete 
|  10|0x00000000a0a00000, 0x00000000a0b00000, 0x00000000a0b00000|100%|HS|  |TAMS 0x00000000a0b00000, 0x00000000a0a00000| Complete 
|  11|0x00000000a0b00000, 0x00000000a0c00000, 0x00000000a0c00000|100%|HC|  |TAMS 0x00000000a0c00000, 0x00000000a0b00000| Complete 
|  12|0x00000000a0c00000, 0x00000000a0d00000, 0x00000000a0d00000|100%|HC|  |TAMS 0x00000000a0d00000, 0x00000000a0c00000| Complete 
|  13|0x00000000a0d00000, 0x00000000a0e00000, 0x00000000a0e00000|100%|HC|  |TAMS 0x00000000a0e00000, 0x00000000a0d00000| Complete 
|  14|0x00000000a0e00000, 0x00000000a0f00000, 0x00000000a0f00000|100%| O|  |TAMS 0x00000000a0f00000, 0x00000000a0e00000| Untracked 
|  15|0x00000000a0f00000, 0x00000000a1000000, 0x00000000a1000000|100%| O|  |TAMS 0x00000000a1000000, 0x00000000a0f00000| Untracked 
|  16|0x00000000a1000000, 0x00000000a1100000, 0x00000000a1100000|100%| O|  |TAMS 0x00000000a1100000, 0x00000000a1000000| Untracked 
|  17|0x00000000a1100000, 0x00000000a1200000, 0x00000000a1200000|100%| O|  |TAMS 0x00000000a1200000, 0x00000000a1100000| Untracked 
|  18|0x00000000a1200000, 0x00000000a1300000, 0x00000000a1300000|100%| O|  |TAMS 0x00000000a1300000, 0x00000000a1200000| Untracked 
|  19|0x00000000a1300000, 0x00000000a1400000, 0x00000000a1400000|100%| O|  |TAMS 0x00000000a1400000, 0x00000000a1300000| Untracked 
|  20|0x00000000a1400000, 0x00000000a1500000, 0x00000000a1500000|100%| O|  |TAMS 0x00000000a1500000, 0x00000000a1400000| Untracked 
|  21|0x00000000a1500000, 0x00000000a1600000, 0x00000000a1600000|100%| O|  |TAMS 0x00000000a1600000, 0x00000000a1500000| Untracked 
|  22|0x00000000a1600000, 0x00000000a1700000, 0x00000000a1700000|100%| O|  |TAMS 0x00000000a1700000, 0x00000000a1600000| Untracked 
|  23|0x00000000a1700000, 0x00000000a1800000, 0x00000000a1800000|100%| O|  |TAMS 0x00000000a1800000, 0x00000000a1700000| Untracked 
|  24|0x00000000a1800000, 0x00000000a1900000, 0x00000000a1900000|100%| O|  |TAMS 0x00000000a1900000, 0x00000000a1800000| Untracked 
|  25|0x00000000a1900000, 0x00000000a1a00000, 0x00000000a1a00000|100%| O|  |TAMS 0x00000000a1a00000, 0x00000000a1900000| Untracked 
|  26|0x00000000a1a00000, 0x00000000a1b00000, 0x00000000a1b00000|100%| O|  |TAMS 0x00000000a1b00000, 0x00000000a1a00000| Untracked 
|  27|0x00000000a1b00000, 0x00000000a1c00000, 0x00000000a1c00000|100%| O|  |TAMS 0x00000000a1c00000, 0x00000000a1b00000| Untracked 
|  28|0x00000000a1c00000, 0x00000000a1d00000, 0x00000000a1d00000|100%| O|  |TAMS 0x00000000a1d00000, 0x00000000a1c00000| Untracked 
|  29|0x00000000a1d00000, 0x00000000a1e00000, 0x00000000a1e00000|100%|HS|  |TAMS 0x00000000a1e00000, 0x00000000a1d00000| Complete 
|  30|0x00000000a1e00000, 0x00000000a1f00000, 0x00000000a1f00000|100%|HC|  |TAMS 0x00000000a1f00000, 0x00000000a1e00000| Complete 
|  31|0x00000000a1f00000, 0x00000000a2000000, 0x00000000a2000000|100%|HC|  |TAMS 0x00000000a2000000, 0x00000000a1f00000| Complete 
|  32|0x00000000a2000000, 0x00000000a2100000, 0x00000000a2100000|100%|HS|  |TAMS 0x00000000a2100000, 0x00000000a2000000| Complete 
|  33|0x00000000a2100000, 0x00000000a2200000, 0x00000000a2200000|100%|HC|  |TAMS 0x00000000a2200000, 0x00000000a2100000| Complete 
|  34|0x00000000a2200000, 0x00000000a2300000, 0x00000000a2300000|100%| O|  |TAMS 0x00000000a2300000, 0x00000000a2200000| Untracked 
|  35|0x00000000a2300000, 0x00000000a2400000, 0x00000000a2400000|100%| O|  |TAMS 0x00000000a2400000, 0x00000000a2300000| Untracked 
|  36|0x00000000a2400000, 0x00000000a2500000, 0x00000000a2500000|100%| O|  |TAMS 0x00000000a2500000, 0x00000000a2400000| Untracked 
|  37|0x00000000a2500000, 0x00000000a2600000, 0x00000000a2600000|100%| O|  |TAMS 0x00000000a2600000, 0x00000000a2500000| Untracked 
|  38|0x00000000a2600000, 0x00000000a2700000, 0x00000000a2700000|100%| O|  |TAMS 0x00000000a2700000, 0x00000000a2600000| Untracked 
|  39|0x00000000a2700000, 0x00000000a2800000, 0x00000000a2800000|100%| O|  |TAMS 0x00000000a2800000, 0x00000000a2700000| Untracked 
|  40|0x00000000a2800000, 0x00000000a2900000, 0x00000000a2900000|100%| O|  |TAMS 0x00000000a2900000, 0x00000000a2800000| Untracked 
|  41|0x00000000a2900000, 0x00000000a2a00000, 0x00000000a2a00000|100%| O|  |TAMS 0x00000000a2a00000, 0x00000000a2900000| Untracked 
|  42|0x00000000a2a00000, 0x00000000a2b00000, 0x00000000a2b00000|100%| O|  |TAMS 0x00000000a2b00000, 0x00000000a2a00000| Untracked 
|  43|0x00000000a2b00000, 0x00000000a2c00000, 0x00000000a2c00000|100%| O|  |TAMS 0x00000000a2c00000, 0x00000000a2b00000| Untracked 
|  44|0x00000000a2c00000, 0x00000000a2d00000, 0x00000000a2d00000|100%| O|  |TAMS 0x00000000a2d00000, 0x00000000a2c00000| Untracked 
|  45|0x00000000a2d00000, 0x00000000a2e00000, 0x00000000a2e00000|100%| O|  |TAMS 0x00000000a2e00000, 0x00000000a2d00000| Untracked 
|  46|0x00000000a2e00000, 0x00000000a2f00000, 0x00000000a2f00000|100%| O|  |TAMS 0x00000000a2f00000, 0x00000000a2e00000| Untracked 
|  47|0x00000000a2f00000, 0x00000000a3000000, 0x00000000a3000000|100%| O|  |TAMS 0x00000000a3000000, 0x00000000a2f00000| Untracked 
|  48|0x00000000a3000000, 0x00000000a3100000, 0x00000000a3100000|100%| O|  |TAMS 0x00000000a3100000, 0x00000000a3000000| Untracked 
|  49|0x00000000a3100000, 0x00000000a3200000, 0x00000000a3200000|100%| O|  |TAMS 0x00000000a3200000, 0x00000000a3100000| Untracked 
|  50|0x00000000a3200000, 0x00000000a3300000, 0x00000000a3300000|100%| O|  |TAMS 0x00000000a3300000, 0x00000000a3200000| Untracked 
|  51|0x00000000a3300000, 0x00000000a3400000, 0x00000000a3400000|100%| O|  |TAMS 0x00000000a3400000, 0x00000000a3300000| Untracked 
|  52|0x00000000a3400000, 0x00000000a3500000, 0x00000000a3500000|100%| O|  |TAMS 0x00000000a3500000, 0x00000000a3400000| Untracked 
|  53|0x00000000a3500000, 0x00000000a3600000, 0x00000000a3600000|100%| O|  |TAMS 0x00000000a3600000, 0x00000000a3500000| Untracked 
|  54|0x00000000a3600000, 0x00000000a3700000, 0x00000000a3700000|100%| O|  |TAMS 0x00000000a3700000, 0x00000000a3600000| Untracked 
|  55|0x00000000a3700000, 0x00000000a3800000, 0x00000000a3800000|100%| O|  |TAMS 0x00000000a3800000, 0x00000000a3700000| Untracked 
|  56|0x00000000a3800000, 0x00000000a3900000, 0x00000000a3900000|100%| O|  |TAMS 0x00000000a3900000, 0x00000000a3800000| Untracked 
|  57|0x00000000a3900000, 0x00000000a3a00000, 0x00000000a3a00000|100%| O|  |TAMS 0x00000000a3a00000, 0x00000000a3900000| Untracked 
|  58|0x00000000a3a00000, 0x00000000a3b00000, 0x00000000a3b00000|100%| O|  |TAMS 0x00000000a3b00000, 0x00000000a3a00000| Untracked 
|  59|0x00000000a3b00000, 0x00000000a3c00000, 0x00000000a3c00000|100%| O|  |TAMS 0x00000000a3c00000, 0x00000000a3b00000| Untracked 
|  60|0x00000000a3c00000, 0x00000000a3d00000, 0x00000000a3d00000|100%| O|  |TAMS 0x00000000a3d00000, 0x00000000a3c00000| Untracked 
|  61|0x00000000a3d00000, 0x00000000a3e00000, 0x00000000a3e00000|100%| O|  |TAMS 0x00000000a3e00000, 0x00000000a3d00000| Untracked 
|  62|0x00000000a3e00000, 0x00000000a3f00000, 0x00000000a3f00000|100%| O|  |TAMS 0x00000000a3f00000, 0x00000000a3e00000| Untracked 
|  63|0x00000000a3f00000, 0x00000000a4000000, 0x00000000a4000000|100%| O|  |TAMS 0x00000000a4000000, 0x00000000a3f00000| Untracked 
|  64|0x00000000a4000000, 0x00000000a4100000, 0x00000000a4100000|100%| O|  |TAMS 0x00000000a4100000, 0x00000000a4000000| Untracked 
|  65|0x00000000a4100000, 0x00000000a4200000, 0x00000000a4200000|100%| O|  |TAMS 0x00000000a4200000, 0x00000000a4100000| Untracked 
|  66|0x00000000a4200000, 0x00000000a4300000, 0x00000000a4300000|100%| O|  |TAMS 0x00000000a4300000, 0x00000000a4200000| Untracked 
|  67|0x00000000a4300000, 0x00000000a4400000, 0x00000000a4400000|100%| O|  |TAMS 0x00000000a4400000, 0x00000000a4300000| Untracked 
|  68|0x00000000a4400000, 0x00000000a4500000, 0x00000000a4500000|100%| O|  |TAMS 0x00000000a4500000, 0x00000000a4400000| Untracked 
|  69|0x00000000a4500000, 0x00000000a4600000, 0x00000000a4600000|100%| O|  |TAMS 0x00000000a4600000, 0x00000000a4500000| Untracked 
|  70|0x00000000a4600000, 0x00000000a4700000, 0x00000000a4700000|100%| O|  |TAMS 0x00000000a4700000, 0x00000000a4600000| Untracked 
|  71|0x00000000a4700000, 0x00000000a4800000, 0x00000000a4800000|100%| O|  |TAMS 0x00000000a4708600, 0x00000000a4700000| Untracked 
|  72|0x00000000a4800000, 0x00000000a4900000, 0x00000000a4900000|100%| O|  |TAMS 0x00000000a4800000, 0x00000000a4800000| Untracked 
|  73|0x00000000a4900000, 0x00000000a4a00000, 0x00000000a4a00000|100%| O|  |TAMS 0x00000000a4900000, 0x00000000a4900000| Untracked 
|  74|0x00000000a4a00000, 0x00000000a4b00000, 0x00000000a4b00000|100%| O|  |TAMS 0x00000000a4a00000, 0x00000000a4a00000| Untracked 
|  75|0x00000000a4b00000, 0x00000000a4c00000, 0x00000000a4c00000|100%| O|  |TAMS 0x00000000a4c00000, 0x00000000a4b00000| Untracked 
|  76|0x00000000a4c00000, 0x00000000a4d00000, 0x00000000a4d00000|100%| O|  |TAMS 0x00000000a4c00000, 0x00000000a4c00000| Untracked 
|  77|0x00000000a4d00000, 0x00000000a4e00000, 0x00000000a4e00000|100%| O|  |TAMS 0x00000000a4d00000, 0x00000000a4d00000| Untracked 
|  78|0x00000000a4e00000, 0x00000000a4f00000, 0x00000000a4f00000|100%| O|  |TAMS 0x00000000a4e00000, 0x00000000a4e00000| Untracked 
|  79|0x00000000a4f00000, 0x00000000a5000000, 0x00000000a5000000|100%| O|  |TAMS 0x00000000a5000000, 0x00000000a4f00000| Untracked 
|  80|0x00000000a5000000, 0x00000000a5100000, 0x00000000a5100000|100%| O|  |TAMS 0x00000000a5100000, 0x00000000a5000000| Untracked 
|  81|0x00000000a5100000, 0x00000000a5200000, 0x00000000a5200000|100%| O|  |TAMS 0x00000000a5200000, 0x00000000a5100000| Untracked 
|  82|0x00000000a5200000, 0x00000000a5300000, 0x00000000a5300000|100%| O|  |TAMS 0x00000000a5300000, 0x00000000a5200000| Untracked 
|  83|0x00000000a5300000, 0x00000000a5400000, 0x00000000a5400000|100%| O|  |TAMS 0x00000000a5400000, 0x00000000a5300000| Untracked 
|  84|0x00000000a5400000, 0x00000000a5500000, 0x00000000a5500000|100%| O|  |TAMS 0x00000000a5500000, 0x00000000a5400000| Untracked 
|  85|0x00000000a5500000, 0x00000000a5600000, 0x00000000a5600000|100%| O|  |TAMS 0x00000000a5600000, 0x00000000a5500000| Untracked 
|  86|0x00000000a5600000, 0x00000000a5700000, 0x00000000a5700000|100%| O|  |TAMS 0x00000000a5700000, 0x00000000a5600000| Untracked 
|  87|0x00000000a5700000, 0x00000000a5800000, 0x00000000a5800000|100%| O|  |TAMS 0x00000000a5800000, 0x00000000a5700000| Untracked 
|  88|0x00000000a5800000, 0x00000000a5900000, 0x00000000a5900000|100%| O|  |TAMS 0x00000000a5800000, 0x00000000a5800000| Untracked 
|  89|0x00000000a5900000, 0x00000000a5a00000, 0x00000000a5a00000|100%| O|  |TAMS 0x00000000a5900000, 0x00000000a5900000| Untracked 
|  90|0x00000000a5a00000, 0x00000000a5b00000, 0x00000000a5b00000|100%| O|  |TAMS 0x00000000a5a00000, 0x00000000a5a00000| Untracked 
|  91|0x00000000a5b00000, 0x00000000a5c00000, 0x00000000a5c00000|100%| O|  |TAMS 0x00000000a5b00000, 0x00000000a5b00000| Untracked 
|  92|0x00000000a5c00000, 0x00000000a5d00000, 0x00000000a5d00000|100%| O|  |TAMS 0x00000000a5c00000, 0x00000000a5c00000| Untracked 
|  93|0x00000000a5d00000, 0x00000000a5e00000, 0x00000000a5e00000|100%| O|  |TAMS 0x00000000a5d00000, 0x00000000a5d00000| Untracked 
|  94|0x00000000a5e00000, 0x00000000a5f00000, 0x00000000a5f00000|100%| O|  |TAMS 0x00000000a5e00000, 0x00000000a5e00000| Untracked 
|  95|0x00000000a5f00000, 0x00000000a6000000, 0x00000000a6000000|100%| O|  |TAMS 0x00000000a5f00000, 0x00000000a5f00000| Untracked 
|  96|0x00000000a6000000, 0x00000000a6100000, 0x00000000a6100000|100%|HS|  |TAMS 0x00000000a6000000, 0x00000000a6000000| Complete 
|  97|0x00000000a6100000, 0x00000000a6100000, 0x00000000a6200000|  0%| F|  |TAMS 0x00000000a6100000, 0x00000000a6100000| Untracked 
|  98|0x00000000a6200000, 0x00000000a6200000, 0x00000000a6300000|  0%| F|  |TAMS 0x00000000a6200000, 0x00000000a6200000| Untracked 
|  99|0x00000000a6300000, 0x00000000a6300000, 0x00000000a6400000|  0%| F|  |TAMS 0x00000000a6300000, 0x00000000a6300000| Untracked 
| 100|0x00000000a6400000, 0x00000000a6400000, 0x00000000a6500000|  0%| F|  |TAMS 0x00000000a6400000, 0x00000000a6400000| Untracked 
| 101|0x00000000a6500000, 0x00000000a6500000, 0x00000000a6600000|  0%| F|  |TAMS 0x00000000a6500000, 0x00000000a6500000| Untracked 
| 102|0x00000000a6600000, 0x00000000a6600000, 0x00000000a6700000|  0%| F|  |TAMS 0x00000000a6600000, 0x00000000a6600000| Untracked 
| 103|0x00000000a6700000, 0x00000000a6800000, 0x00000000a6800000|100%| O|  |TAMS 0x00000000a6700000, 0x00000000a6700000| Untracked 
| 104|0x00000000a6800000, 0x00000000a6900000, 0x00000000a6900000|100%| O|  |TAMS 0x00000000a6900000, 0x00000000a6800000| Untracked 
| 105|0x00000000a6900000, 0x00000000a6900000, 0x00000000a6a00000|  0%| F|  |TAMS 0x00000000a6900000, 0x00000000a6900000| Untracked 
| 106|0x00000000a6a00000, 0x00000000a6a00000, 0x00000000a6b00000|  0%| F|  |TAMS 0x00000000a6a00000, 0x00000000a6a00000| Untracked 
| 107|0x00000000a6b00000, 0x00000000a6c00000, 0x00000000a6c00000|100%| O|  |TAMS 0x00000000a6b00000, 0x00000000a6b00000| Untracked 
| 108|0x00000000a6c00000, 0x00000000a6d00000, 0x00000000a6d00000|100%| O|  |TAMS 0x00000000a6c00000, 0x00000000a6c00000| Untracked 
| 109|0x00000000a6d00000, 0x00000000a6e00000, 0x00000000a6e00000|100%| O|  |TAMS 0x00000000a6d00000, 0x00000000a6d00000| Untracked 
| 110|0x00000000a6e00000, 0x00000000a6f00000, 0x00000000a6f00000|100%| O|  |TAMS 0x00000000a6e00000, 0x00000000a6e00000| Untracked 
| 111|0x00000000a6f00000, 0x00000000a7000000, 0x00000000a7000000|100%| O|  |TAMS 0x00000000a6f00000, 0x00000000a6f00000| Untracked 
| 112|0x00000000a7000000, 0x00000000a70ea000, 0x00000000a7100000| 91%| O|  |TAMS 0x00000000a7000000, 0x00000000a7000000| Untracked 
| 113|0x00000000a7100000, 0x00000000a7100000, 0x00000000a7200000|  0%| F|  |TAMS 0x00000000a7100000, 0x00000000a7100000| Untracked 
| 114|0x00000000a7200000, 0x00000000a7200000, 0x00000000a7300000|  0%| F|  |TAMS 0x00000000a7200000, 0x00000000a7200000| Untracked 
| 115|0x00000000a7300000, 0x00000000a7300000, 0x00000000a7400000|  0%| F|  |TAMS 0x00000000a7300000, 0x00000000a7300000| Untracked 
| 116|0x00000000a7400000, 0x00000000a7400000, 0x00000000a7500000|  0%| F|  |TAMS 0x00000000a7400000, 0x00000000a7400000| Untracked 
| 117|0x00000000a7500000, 0x00000000a7500000, 0x00000000a7600000|  0%| F|  |TAMS 0x00000000a7500000, 0x00000000a7500000| Untracked 
| 118|0x00000000a7600000, 0x00000000a7600000, 0x00000000a7700000|  0%| F|  |TAMS 0x00000000a7600000, 0x00000000a7600000| Untracked 
| 119|0x00000000a7700000, 0x00000000a7700000, 0x00000000a7800000|  0%| F|  |TAMS 0x00000000a7700000, 0x00000000a7700000| Untracked 
| 120|0x00000000a7800000, 0x00000000a7800000, 0x00000000a7900000|  0%| F|  |TAMS 0x00000000a7800000, 0x00000000a7800000| Untracked 
| 121|0x00000000a7900000, 0x00000000a7900000, 0x00000000a7a00000|  0%| F|  |TAMS 0x00000000a7900000, 0x00000000a7900000| Untracked 
| 122|0x00000000a7a00000, 0x00000000a7b00000, 0x00000000a7b00000|100%| O|  |TAMS 0x00000000a7b00000, 0x00000000a7a00000| Untracked 
| 123|0x00000000a7b00000, 0x00000000a7c00000, 0x00000000a7c00000|100%|HS|  |TAMS 0x00000000a7c00000, 0x00000000a7b00000| Complete 
| 124|0x00000000a7c00000, 0x00000000a7d00000, 0x00000000a7d00000|100%|HC|  |TAMS 0x00000000a7d00000, 0x00000000a7c00000| Complete 
| 125|0x00000000a7d00000, 0x00000000a7e00000, 0x00000000a7e00000|100%|HS|  |TAMS 0x00000000a7e00000, 0x00000000a7d00000| Complete 
| 126|0x00000000a7e00000, 0x00000000a7f00000, 0x00000000a7f00000|100%|HC|  |TAMS 0x00000000a7f00000, 0x00000000a7e00000| Complete 
| 127|0x00000000a7f00000, 0x00000000a8000000, 0x00000000a8000000|100%|HC|  |TAMS 0x00000000a8000000, 0x00000000a7f00000| Complete 
| 128|0x00000000a8000000, 0x00000000a8100000, 0x00000000a8100000|100%|HS|  |TAMS 0x00000000a8100000, 0x00000000a8000000| Complete 
| 129|0x00000000a8100000, 0x00000000a8200000, 0x00000000a8200000|100%|HC|  |TAMS 0x00000000a8200000, 0x00000000a8100000| Complete 
| 130|0x00000000a8200000, 0x00000000a8300000, 0x00000000a8300000|100%|HC|  |TAMS 0x00000000a8300000, 0x00000000a8200000| Complete 
| 131|0x00000000a8300000, 0x00000000a8400000, 0x00000000a8400000|100%|HC|  |TAMS 0x00000000a8400000, 0x00000000a8300000| Complete 
| 132|0x00000000a8400000, 0x00000000a8400000, 0x00000000a8500000|  0%| F|  |TAMS 0x00000000a8400000, 0x00000000a8400000| Untracked 
| 133|0x00000000a8500000, 0x00000000a8500000, 0x00000000a8600000|  0%| F|  |TAMS 0x00000000a8500000, 0x00000000a8500000| Untracked 
| 134|0x00000000a8600000, 0x00000000a8600000, 0x00000000a8700000|  0%| F|  |TAMS 0x00000000a8600000, 0x00000000a8600000| Untracked 
| 135|0x00000000a8700000, 0x00000000a8700000, 0x00000000a8800000|  0%| F|  |TAMS 0x00000000a8700000, 0x00000000a8700000| Untracked 
| 136|0x00000000a8800000, 0x00000000a8800000, 0x00000000a8900000|  0%| F|  |TAMS 0x00000000a8800000, 0x00000000a8800000| Untracked 
| 137|0x00000000a8900000, 0x00000000a8900000, 0x00000000a8a00000|  0%| F|  |TAMS 0x00000000a8900000, 0x00000000a8900000| Untracked 
| 138|0x00000000a8a00000, 0x00000000a8a00000, 0x00000000a8b00000|  0%| F|  |TAMS 0x00000000a8a00000, 0x00000000a8a00000| Untracked 
| 139|0x00000000a8b00000, 0x00000000a8b00000, 0x00000000a8c00000|  0%| F|  |TAMS 0x00000000a8b00000, 0x00000000a8b00000| Untracked 
| 140|0x00000000a8c00000, 0x00000000a8c00000, 0x00000000a8d00000|  0%| F|  |TAMS 0x00000000a8c00000, 0x00000000a8c00000| Untracked 
| 141|0x00000000a8d00000, 0x00000000a8d00000, 0x00000000a8e00000|  0%| F|  |TAMS 0x00000000a8d00000, 0x00000000a8d00000| Untracked 
| 142|0x00000000a8e00000, 0x00000000a8e00000, 0x00000000a8f00000|  0%| F|  |TAMS 0x00000000a8e00000, 0x00000000a8e00000| Untracked 
| 143|0x00000000a8f00000, 0x00000000a8f00000, 0x00000000a9000000|  0%| F|  |TAMS 0x00000000a8f00000, 0x00000000a8f00000| Untracked 
| 144|0x00000000a9000000, 0x00000000a9000000, 0x00000000a9100000|  0%| F|  |TAMS 0x00000000a9000000, 0x00000000a9000000| Untracked 
| 145|0x00000000a9100000, 0x00000000a9100000, 0x00000000a9200000|  0%| F|  |TAMS 0x00000000a9100000, 0x00000000a9100000| Untracked 
| 146|0x00000000a9200000, 0x00000000a9200000, 0x00000000a9300000|  0%| F|  |TAMS 0x00000000a9200000, 0x00000000a9200000| Untracked 
| 147|0x00000000a9300000, 0x00000000a9300000, 0x00000000a9400000|  0%| F|  |TAMS 0x00000000a9300000, 0x00000000a9300000| Untracked 
| 148|0x00000000a9400000, 0x00000000a9400000, 0x00000000a9500000|  0%| F|  |TAMS 0x00000000a9400000, 0x00000000a9400000| Untracked 
| 149|0x00000000a9500000, 0x00000000a9500000, 0x00000000a9600000|  0%| F|  |TAMS 0x00000000a9500000, 0x00000000a9500000| Untracked 
| 150|0x00000000a9600000, 0x00000000a9600000, 0x00000000a9700000|  0%| F|  |TAMS 0x00000000a9600000, 0x00000000a9600000| Untracked 
| 151|0x00000000a9700000, 0x00000000a9700000, 0x00000000a9800000|  0%| F|  |TAMS 0x00000000a9700000, 0x00000000a9700000| Untracked 
| 152|0x00000000a9800000, 0x00000000a9800000, 0x00000000a9900000|  0%| F|  |TAMS 0x00000000a9800000, 0x00000000a9800000| Untracked 
| 153|0x00000000a9900000, 0x00000000a9900000, 0x00000000a9a00000|  0%| F|  |TAMS 0x00000000a9900000, 0x00000000a9900000| Untracked 
| 154|0x00000000a9a00000, 0x00000000a9a00000, 0x00000000a9b00000|  0%| F|  |TAMS 0x00000000a9a00000, 0x00000000a9a00000| Untracked 
| 155|0x00000000a9b00000, 0x00000000a9b00000, 0x00000000a9c00000|  0%| F|  |TAMS 0x00000000a9b00000, 0x00000000a9b00000| Untracked 
| 156|0x00000000a9c00000, 0x00000000a9c00000, 0x00000000a9d00000|  0%| F|  |TAMS 0x00000000a9c00000, 0x00000000a9c00000| Untracked 
| 157|0x00000000a9d00000, 0x00000000a9d00000, 0x00000000a9e00000|  0%| F|  |TAMS 0x00000000a9d00000, 0x00000000a9d00000| Untracked 
| 158|0x00000000a9e00000, 0x00000000a9e00000, 0x00000000a9f00000|  0%| F|  |TAMS 0x00000000a9e00000, 0x00000000a9e00000| Untracked 
| 159|0x00000000a9f00000, 0x00000000a9f00000, 0x00000000aa000000|  0%| F|  |TAMS 0x00000000a9f00000, 0x00000000a9f00000| Untracked 
| 160|0x00000000aa000000, 0x00000000aa000000, 0x00000000aa100000|  0%| F|  |TAMS 0x00000000aa000000, 0x00000000aa000000| Untracked 
| 161|0x00000000aa100000, 0x00000000aa100000, 0x00000000aa200000|  0%| F|  |TAMS 0x00000000aa100000, 0x00000000aa100000| Untracked 
| 162|0x00000000aa200000, 0x00000000aa200000, 0x00000000aa300000|  0%| F|  |TAMS 0x00000000aa200000, 0x00000000aa200000| Untracked 
| 163|0x00000000aa300000, 0x00000000aa400000, 0x00000000aa400000|100%| S|CS|TAMS 0x00000000aa300000, 0x00000000aa300000| Complete 
| 164|0x00000000aa400000, 0x00000000aa500000, 0x00000000aa500000|100%| S|CS|TAMS 0x00000000aa400000, 0x00000000aa400000| Complete 
| 165|0x00000000aa500000, 0x00000000aa600000, 0x00000000aa600000|100%| S|CS|TAMS 0x00000000aa500000, 0x00000000aa500000| Complete 
| 166|0x00000000aa600000, 0x00000000aa700000, 0x00000000aa700000|100%| S|CS|TAMS 0x00000000aa600000, 0x00000000aa600000| Complete 
| 167|0x00000000aa700000, 0x00000000aa700000, 0x00000000aa800000|  0%| F|  |TAMS 0x00000000aa700000, 0x00000000aa700000| Untracked 
| 168|0x00000000aa800000, 0x00000000aa800000, 0x00000000aa900000|  0%| F|  |TAMS 0x00000000aa800000, 0x00000000aa800000| Untracked 
| 169|0x00000000aa900000, 0x00000000aa900000, 0x00000000aaa00000|  0%| F|  |TAMS 0x00000000aa900000, 0x00000000aa900000| Untracked 
| 170|0x00000000aaa00000, 0x00000000aaa00000, 0x00000000aab00000|  0%| F|  |TAMS 0x00000000aaa00000, 0x00000000aaa00000| Untracked 
| 171|0x00000000aab00000, 0x00000000aab00000, 0x00000000aac00000|  0%| F|  |TAMS 0x00000000aab00000, 0x00000000aab00000| Untracked 
| 172|0x00000000aac00000, 0x00000000aac00000, 0x00000000aad00000|  0%| F|  |TAMS 0x00000000aac00000, 0x00000000aac00000| Untracked 
| 173|0x00000000aad00000, 0x00000000aad00000, 0x00000000aae00000|  0%| F|  |TAMS 0x00000000aad00000, 0x00000000aad00000| Untracked 
| 174|0x00000000aae00000, 0x00000000aae00000, 0x00000000aaf00000|  0%| F|  |TAMS 0x00000000aae00000, 0x00000000aae00000| Untracked 
| 175|0x00000000aaf00000, 0x00000000aaf00000, 0x00000000ab000000|  0%| F|  |TAMS 0x00000000aaf00000, 0x00000000aaf00000| Untracked 
| 176|0x00000000ab000000, 0x00000000ab000000, 0x00000000ab100000|  0%| F|  |TAMS 0x00000000ab000000, 0x00000000ab000000| Untracked 
| 177|0x00000000ab100000, 0x00000000ab200000, 0x00000000ab200000|100%| S|CS|TAMS 0x00000000ab100000, 0x00000000ab100000| Complete 
| 178|0x00000000ab200000, 0x00000000ab300000, 0x00000000ab300000|100%| S|CS|TAMS 0x00000000ab200000, 0x00000000ab200000| Complete 
| 179|0x00000000ab300000, 0x00000000ab400000, 0x00000000ab400000|100%| S|CS|TAMS 0x00000000ab300000, 0x00000000ab300000| Complete 
| 180|0x00000000ab400000, 0x00000000ab500000, 0x00000000ab500000|100%| S|CS|TAMS 0x00000000ab400000, 0x00000000ab400000| Complete 
| 181|0x00000000ab500000, 0x00000000ab600000, 0x00000000ab600000|100%| S|CS|TAMS 0x00000000ab500000, 0x00000000ab500000| Complete 
| 182|0x00000000ab600000, 0x00000000ab700000, 0x00000000ab700000|100%| S|CS|TAMS 0x00000000ab600000, 0x00000000ab600000| Complete 
| 183|0x00000000ab700000, 0x00000000ab800000, 0x00000000ab800000|100%| S|CS|TAMS 0x00000000ab700000, 0x00000000ab700000| Complete 
| 184|0x00000000ab800000, 0x00000000ab800000, 0x00000000ab900000|  0%| F|  |TAMS 0x00000000ab800000, 0x00000000ab800000| Untracked 
| 185|0x00000000ab900000, 0x00000000ab900000, 0x00000000aba00000|  0%| F|  |TAMS 0x00000000ab900000, 0x00000000ab900000| Untracked 
| 186|0x00000000aba00000, 0x00000000aba00000, 0x00000000abb00000|  0%| F|  |TAMS 0x00000000aba00000, 0x00000000aba00000| Untracked 
| 187|0x00000000abb00000, 0x00000000abb00000, 0x00000000abc00000|  0%| F|  |TAMS 0x00000000abb00000, 0x00000000abb00000| Untracked 
| 188|0x00000000abc00000, 0x00000000abc00000, 0x00000000abd00000|  0%| F|  |TAMS 0x00000000abc00000, 0x00000000abc00000| Untracked 
| 189|0x00000000abd00000, 0x00000000abd00000, 0x00000000abe00000|  0%| F|  |TAMS 0x00000000abd00000, 0x00000000abd00000| Untracked 
| 190|0x00000000abe00000, 0x00000000abe00000, 0x00000000abf00000|  0%| F|  |TAMS 0x00000000abe00000, 0x00000000abe00000| Untracked 
| 191|0x00000000abf00000, 0x00000000abf00000, 0x00000000ac000000|  0%| F|  |TAMS 0x00000000abf00000, 0x00000000abf00000| Untracked 
| 192|0x00000000ac000000, 0x00000000ac000000, 0x00000000ac100000|  0%| F|  |TAMS 0x00000000ac000000, 0x00000000ac000000| Untracked 
| 193|0x00000000ac100000, 0x00000000ac100000, 0x00000000ac200000|  0%| F|  |TAMS 0x00000000ac100000, 0x00000000ac100000| Untracked 
| 194|0x00000000ac200000, 0x00000000ac200000, 0x00000000ac300000|  0%| F|  |TAMS 0x00000000ac200000, 0x00000000ac200000| Untracked 
| 195|0x00000000ac300000, 0x00000000ac300000, 0x00000000ac400000|  0%| F|  |TAMS 0x00000000ac300000, 0x00000000ac300000| Untracked 
| 196|0x00000000ac400000, 0x00000000ac400000, 0x00000000ac500000|  0%| F|  |TAMS 0x00000000ac400000, 0x00000000ac400000| Untracked 
| 197|0x00000000ac500000, 0x00000000ac500000, 0x00000000ac600000|  0%| F|  |TAMS 0x00000000ac500000, 0x00000000ac500000| Untracked 
| 198|0x00000000ac600000, 0x00000000ac600000, 0x00000000ac700000|  0%| F|  |TAMS 0x00000000ac600000, 0x00000000ac600000| Untracked 
| 199|0x00000000ac700000, 0x00000000ac700000, 0x00000000ac800000|  0%| F|  |TAMS 0x00000000ac700000, 0x00000000ac700000| Untracked 
| 200|0x00000000ac800000, 0x00000000ac800000, 0x00000000ac900000|  0%| F|  |TAMS 0x00000000ac800000, 0x00000000ac800000| Untracked 
| 201|0x00000000ac900000, 0x00000000ac900000, 0x00000000aca00000|  0%| F|  |TAMS 0x00000000ac900000, 0x00000000ac900000| Untracked 
| 202|0x00000000aca00000, 0x00000000aca00000, 0x00000000acb00000|  0%| F|  |TAMS 0x00000000aca00000, 0x00000000aca00000| Untracked 
| 203|0x00000000acb00000, 0x00000000acb00000, 0x00000000acc00000|  0%| F|  |TAMS 0x00000000acb00000, 0x00000000acb00000| Untracked 
| 204|0x00000000acc00000, 0x00000000acc00000, 0x00000000acd00000|  0%| F|  |TAMS 0x00000000acc00000, 0x00000000acc00000| Untracked 
| 205|0x00000000acd00000, 0x00000000acd00000, 0x00000000ace00000|  0%| F|  |TAMS 0x00000000acd00000, 0x00000000acd00000| Untracked 
| 206|0x00000000ace00000, 0x00000000ace00000, 0x00000000acf00000|  0%| F|  |TAMS 0x00000000ace00000, 0x00000000ace00000| Untracked 
| 207|0x00000000acf00000, 0x00000000acf00000, 0x00000000ad000000|  0%| F|  |TAMS 0x00000000acf00000, 0x00000000acf00000| Untracked 
| 208|0x00000000ad000000, 0x00000000ad000000, 0x00000000ad100000|  0%| F|  |TAMS 0x00000000ad000000, 0x00000000ad000000| Untracked 
| 209|0x00000000ad100000, 0x00000000ad100000, 0x00000000ad200000|  0%| F|  |TAMS 0x00000000ad100000, 0x00000000ad100000| Untracked 
| 210|0x00000000ad200000, 0x00000000ad200000, 0x00000000ad300000|  0%| F|  |TAMS 0x00000000ad200000, 0x00000000ad200000| Untracked 
| 211|0x00000000ad300000, 0x00000000ad300000, 0x00000000ad400000|  0%| F|  |TAMS 0x00000000ad300000, 0x00000000ad300000| Untracked 
| 212|0x00000000ad400000, 0x00000000ad400000, 0x00000000ad500000|  0%| F|  |TAMS 0x00000000ad400000, 0x00000000ad400000| Untracked 
| 213|0x00000000ad500000, 0x00000000ad500000, 0x00000000ad600000|  0%| F|  |TAMS 0x00000000ad500000, 0x00000000ad500000| Untracked 
| 214|0x00000000ad600000, 0x00000000ad600000, 0x00000000ad700000|  0%| F|  |TAMS 0x00000000ad600000, 0x00000000ad600000| Untracked 
| 215|0x00000000ad700000, 0x00000000ad700000, 0x00000000ad800000|  0%| F|  |TAMS 0x00000000ad700000, 0x00000000ad700000| Untracked 
| 216|0x00000000ad800000, 0x00000000ad800000, 0x00000000ad900000|  0%| F|  |TAMS 0x00000000ad800000, 0x00000000ad800000| Untracked 
| 217|0x00000000ad900000, 0x00000000ad900000, 0x00000000ada00000|  0%| F|  |TAMS 0x00000000ad900000, 0x00000000ad900000| Untracked 
| 218|0x00000000ada00000, 0x00000000ada00000, 0x00000000adb00000|  0%| F|  |TAMS 0x00000000ada00000, 0x00000000ada00000| Untracked 
| 219|0x00000000adb00000, 0x00000000adb00000, 0x00000000adc00000|  0%| F|  |TAMS 0x00000000adb00000, 0x00000000adb00000| Untracked 
| 220|0x00000000adc00000, 0x00000000adc00000, 0x00000000add00000|  0%| F|  |TAMS 0x00000000adc00000, 0x00000000adc00000| Untracked 
| 221|0x00000000add00000, 0x00000000add00000, 0x00000000ade00000|  0%| F|  |TAMS 0x00000000add00000, 0x00000000add00000| Untracked 
| 222|0x00000000ade00000, 0x00000000ade00000, 0x00000000adf00000|  0%| F|  |TAMS 0x00000000ade00000, 0x00000000ade00000| Untracked 
| 223|0x00000000adf00000, 0x00000000adf00000, 0x00000000ae000000|  0%| F|  |TAMS 0x00000000adf00000, 0x00000000adf00000| Untracked 
| 224|0x00000000ae000000, 0x00000000ae000000, 0x00000000ae100000|  0%| F|  |TAMS 0x00000000ae000000, 0x00000000ae000000| Untracked 
| 225|0x00000000ae100000, 0x00000000ae100000, 0x00000000ae200000|  0%| F|  |TAMS 0x00000000ae100000, 0x00000000ae100000| Untracked 
| 226|0x00000000ae200000, 0x00000000ae200000, 0x00000000ae300000|  0%| F|  |TAMS 0x00000000ae200000, 0x00000000ae200000| Untracked 
| 227|0x00000000ae300000, 0x00000000ae300000, 0x00000000ae400000|  0%| F|  |TAMS 0x00000000ae300000, 0x00000000ae300000| Untracked 
| 228|0x00000000ae400000, 0x00000000ae400000, 0x00000000ae500000|  0%| F|  |TAMS 0x00000000ae400000, 0x00000000ae400000| Untracked 
| 229|0x00000000ae500000, 0x00000000ae500000, 0x00000000ae600000|  0%| F|  |TAMS 0x00000000ae500000, 0x00000000ae500000| Untracked 
| 230|0x00000000ae600000, 0x00000000ae600000, 0x00000000ae700000|  0%| F|  |TAMS 0x00000000ae600000, 0x00000000ae600000| Untracked 
| 231|0x00000000ae700000, 0x00000000ae700000, 0x00000000ae800000|  0%| F|  |TAMS 0x00000000ae700000, 0x00000000ae700000| Untracked 
| 232|0x00000000ae800000, 0x00000000ae800000, 0x00000000ae900000|  0%| F|  |TAMS 0x00000000ae800000, 0x00000000ae800000| Untracked 
| 233|0x00000000ae900000, 0x00000000ae900000, 0x00000000aea00000|  0%| F|  |TAMS 0x00000000ae900000, 0x00000000ae900000| Untracked 
| 234|0x00000000aea00000, 0x00000000aea00000, 0x00000000aeb00000|  0%| F|  |TAMS 0x00000000aea00000, 0x00000000aea00000| Untracked 
| 235|0x00000000aeb00000, 0x00000000aeb00000, 0x00000000aec00000|  0%| F|  |TAMS 0x00000000aeb00000, 0x00000000aeb00000| Untracked 
| 236|0x00000000aec00000, 0x00000000aec00000, 0x00000000aed00000|  0%| F|  |TAMS 0x00000000aec00000, 0x00000000aec00000| Untracked 
| 237|0x00000000aed00000, 0x00000000aed00000, 0x00000000aee00000|  0%| F|  |TAMS 0x00000000aed00000, 0x00000000aed00000| Untracked 
| 238|0x00000000aee00000, 0x00000000aee00000, 0x00000000aef00000|  0%| F|  |TAMS 0x00000000aee00000, 0x00000000aee00000| Untracked 
| 239|0x00000000aef00000, 0x00000000aef00000, 0x00000000af000000|  0%| F|  |TAMS 0x00000000aef00000, 0x00000000aef00000| Untracked 
| 240|0x00000000af000000, 0x00000000af000000, 0x00000000af100000|  0%| F|  |TAMS 0x00000000af000000, 0x00000000af000000| Untracked 
| 241|0x00000000af100000, 0x00000000af100000, 0x00000000af200000|  0%| F|  |TAMS 0x00000000af100000, 0x00000000af100000| Untracked 
| 242|0x00000000af200000, 0x00000000af200000, 0x00000000af300000|  0%| F|  |TAMS 0x00000000af200000, 0x00000000af200000| Untracked 
| 243|0x00000000af300000, 0x00000000af390770, 0x00000000af400000| 56%| E|  |TAMS 0x00000000af300000, 0x00000000af300000| Complete 
| 244|0x00000000af400000, 0x00000000af500000, 0x00000000af500000|100%| E|CS|TAMS 0x00000000af400000, 0x00000000af400000| Complete 
| 245|0x00000000af500000, 0x00000000af600000, 0x00000000af600000|100%| E|CS|TAMS 0x00000000af500000, 0x00000000af500000| Complete 
| 246|0x00000000af600000, 0x00000000af700000, 0x00000000af700000|100%| E|CS|TAMS 0x00000000af600000, 0x00000000af600000| Complete 
| 247|0x00000000af700000, 0x00000000af800000, 0x00000000af800000|100%| E|CS|TAMS 0x00000000af700000, 0x00000000af700000| Complete 
| 248|0x00000000af800000, 0x00000000af900000, 0x00000000af900000|100%| E|CS|TAMS 0x00000000af800000, 0x00000000af800000| Complete 
| 249|0x00000000af900000, 0x00000000afa00000, 0x00000000afa00000|100%| E|CS|TAMS 0x00000000af900000, 0x00000000af900000| Complete 
| 250|0x00000000afa00000, 0x00000000afb00000, 0x00000000afb00000|100%| E|CS|TAMS 0x00000000afa00000, 0x00000000afa00000| Complete 
| 251|0x00000000afb00000, 0x00000000afc00000, 0x00000000afc00000|100%| E|CS|TAMS 0x00000000afb00000, 0x00000000afb00000| Complete 
| 252|0x00000000afc00000, 0x00000000afd00000, 0x00000000afd00000|100%| E|CS|TAMS 0x00000000afc00000, 0x00000000afc00000| Complete 
| 253|0x00000000afd00000, 0x00000000afe00000, 0x00000000afe00000|100%| E|CS|TAMS 0x00000000afd00000, 0x00000000afd00000| Complete 
| 254|0x00000000afe00000, 0x00000000aff00000, 0x00000000aff00000|100%| E|CS|TAMS 0x00000000afe00000, 0x00000000afe00000| Complete 
| 255|0x00000000aff00000, 0x00000000b0000000, 0x00000000b0000000|100%| E|CS|TAMS 0x00000000aff00000, 0x00000000aff00000| Complete 

Card table byte_map: [0x000001f5dae30000,0x000001f5db130000] _byte_map_base: 0x000001f5da930000

Marking Bits (Prev, Next): (CMBitMap*) 0x000001f5c5c01f58, (CMBitMap*) 0x000001f5c5c01f90
 Prev Bits: [0x000001f5db430000, 0x000001f5dcc30000)
 Next Bits: [0x000001f5dcc30000, 0x000001f5de430000)

Polling page: 0x000001f5c5cb0000

Metaspace:

Usage:
  Non-class:     91.30 MB capacity,    89.49 MB ( 98%) used,     1.56 MB (  2%) free+waste,   258.19 KB ( <1%) overhead. 
      Class:     13.63 MB capacity,    12.71 MB ( 93%) used,   821.68 KB (  6%) free+waste,   113.38 KB ( <1%) overhead. 
       Both:    104.93 MB capacity,   102.20 MB ( 97%) used,     2.36 MB (  2%) free+waste,   371.56 KB ( <1%) overhead. 

Virtual space:
  Non-class space:       92.00 MB reserved,      91.50 MB (>99%) committed 
      Class space:        1.00 GB reserved,      13.75 MB (  1%) committed 
             Both:        1.09 GB reserved,     105.25 MB (  9%) committed 

Chunk freelists:
   Non-Class:  9.00 KB
       Class:  0 bytes
        Both:  9.00 KB

MaxMetaspaceSize: 17179869184.00 GB
CompressedClassSpaceSize: 1.00 GB

CodeHeap 'non-profiled nmethods': size=120000Kb used=9292Kb max_used=9292Kb free=110707Kb
 bounds [0x000001f5d2970000, 0x000001f5d3290000, 0x000001f5d9ea0000]
CodeHeap 'profiled nmethods': size=120000Kb used=33480Kb max_used=33480Kb free=86519Kb
 bounds [0x000001f5cb440000, 0x000001f5cd500000, 0x000001f5d2970000]
CodeHeap 'non-nmethods': size=5760Kb used=2383Kb max_used=2430Kb free=3376Kb
 bounds [0x000001f5caea0000, 0x000001f5cb110000, 0x000001f5cb440000]
 total_blobs=15873 nmethods=14842 adapters=942
 compilation: enabled
              stopped_count=0, restarted_count=0
 full_count=0

Compilation events (20 events):
Event: 200.481 Thread 0x000001f5e19ff000 15037       2       org.gradle.api.internal.tasks.properties.AbstractPropertySpec::<init> (10 bytes)
Event: 200.482 Thread 0x000001f5e19ff000 nmethod 15037 0x000001f5cd4ee390 code [0x000001f5cd4ee540, 0x000001f5cd4ee678]
Event: 200.486 Thread 0x000001f5e19ff000 15038       2       org.gradle.api.internal.tasks.properties.AbstractValidatingProperty::validate (65 bytes)
Event: 200.486 Thread 0x000001f5e19ff000 nmethod 15038 0x000001f5cd4ee710 code [0x000001f5cd4ee960, 0x000001f5cd4eefb8]
Event: 200.488 Thread 0x000001f5e19ff000 15039       1       org.gradle.api.internal.tasks.properties.DefaultInputPropertySpec::getValue (5 bytes)
Event: 200.488 Thread 0x000001f5e19ff000 nmethod 15039 0x000001f5d3283010 code [0x000001f5d32831c0, 0x000001f5d3283278]
Event: 200.489 Thread 0x000001f5e19ff000 15040       2       org.gradle.api.internal.file.CompositeFileCollection::getFiles (8 bytes)
Event: 200.489 Thread 0x000001f5e19ff000 nmethod 15040 0x000001f5cd4ef310 code [0x000001f5cd4ef4e0, 0x000001f5cd4ef618]
Event: 200.494 Thread 0x000001f5e19ff000 15041       2       java.util.Arrays::copyOf (19 bytes)
Event: 200.494 Thread 0x000001f5e19ff000 nmethod 15041 0x000001f5cd4ef710 code [0x000001f5cd4ef8c0, 0x000001f5cd4efac8]
Event: 200.513 Thread 0x000001f5e19ff000 15042       2       com.android.resources.ResourceFolderType::getTypeByName (38 bytes)
Event: 200.513 Thread 0x000001f5e19ff000 nmethod 15042 0x000001f5cd4efb90 code [0x000001f5cd4efd60, 0x000001f5cd4eff18]
Event: 200.513 Thread 0x000001f5e19ff000 15043       2       com.android.ide.common.resources.ResourceSet::isWhiteListed (39 bytes)
Event: 200.515 Thread 0x000001f5e19ff000 nmethod 15043 0x000001f5cd4f0090 code [0x000001f5cd4f02a0, 0x000001f5cd4f05d8]
Event: 200.526 Thread 0x000001f5e19ff000 15044       2       com.google.common.collect.Lists::newArrayList (36 bytes)
Event: 200.527 Thread 0x000001f5e19ff000 nmethod 15044 0x000001f5cd4f0810 code [0x000001f5cd4f0a00, 0x000001f5cd4f0df8]
Event: 200.535 Thread 0x000001f5e19ff000 15045       2       com.google.common.collect.ImmutableList$Builder::<init> (6 bytes)
Event: 200.535 Thread 0x000001f5e19ff000 nmethod 15045 0x000001f5cd4f0f90 code [0x000001f5cd4f1140, 0x000001f5cd4f1338]
Event: 200.535 Thread 0x000001f5e19ff000 15046       2       com.google.common.collect.ImmutableList$Builder::<init> (18 bytes)
Event: 200.535 Thread 0x000001f5e19ff000 nmethod 15046 0x000001f5cd4f1410 code [0x000001f5cd4f15c0, 0x000001f5cd4f17b8]

GC Heap History (20 events):
Event: 6.511 GC heap before
{Heap before GC invocations=14 (full 0):
 garbage-first heap   total 262144K, used 146406K [0x00000000a0000000, 0x0000000100000000)
  region size 1024K, 47 young (48128K), 14 survivors (14336K)
 Metaspace       used 82960K, capacity 85221K, committed 85376K, reserved 1122304K
  class space    used 10877K, capacity 11613K, committed 11648K, reserved 1048576K
}
Event: 6.534 GC heap after
{Heap after GC invocations=15 (full 0):
 garbage-first heap   total 262144K, used 121852K [0x00000000a0000000, 0x0000000100000000)
  region size 1024K, 6 young (6144K), 6 survivors (6144K)
 Metaspace       used 82960K, capacity 85221K, committed 85376K, reserved 1122304K
  class space    used 10877K, capacity 11613K, committed 11648K, reserved 1048576K
}
Event: 6.665 GC heap before
{Heap before GC invocations=15 (full 0):
 garbage-first heap   total 262144K, used 151548K [0x00000000a0000000, 0x0000000100000000)
  region size 1024K, 36 young (36864K), 6 survivors (6144K)
 Metaspace       used 83156K, capacity 85404K, committed 85760K, reserved 1124352K
  class space    used 10900K, capacity 11651K, committed 11776K, reserved 1048576K
}
Event: 6.672 GC heap after
{Heap after GC invocations=16 (full 0):
 garbage-first heap   total 262144K, used 125964K [0x00000000a0000000, 0x0000000100000000)
  region size 1024K, 4 young (4096K), 4 survivors (4096K)
 Metaspace       used 83156K, capacity 85404K, committed 85760K, reserved 1124352K
  class space    used 10900K, capacity 11651K, committed 11776K, reserved 1048576K
}
Event: 182.510 GC heap before
{Heap before GC invocations=17 (full 0):
 garbage-first heap   total 262144K, used 189452K [0x00000000a0000000, 0x0000000100000000)
  region size 1024K, 62 young (63488K), 4 survivors (4096K)
 Metaspace       used 87390K, capacity 89563K, committed 89856K, reserved 1126400K
  class space    used 11163K, capacity 11830K, committed 12032K, reserved 1048576K
}
Event: 182.513 GC heap after
{Heap after GC invocations=18 (full 0):
 garbage-first heap   total 262144K, used 129933K [0x00000000a0000000, 0x0000000100000000)
  region size 1024K, 8 young (8192K), 8 survivors (8192K)
 Metaspace       used 87390K, capacity 89563K, committed 89856K, reserved 1126400K
  class space    used 11163K, capacity 11830K, committed 12032K, reserved 1048576K
}
Event: 182.810 GC heap before
{Heap before GC invocations=18 (full 0):
 garbage-first heap   total 262144K, used 166797K [0x00000000a0000000, 0x0000000100000000)
  region size 1024K, 45 young (46080K), 8 survivors (8192K)
 Metaspace       used 89300K, capacity 91608K, committed 91904K, reserved 1128448K
  class space    used 11399K, capacity 12120K, committed 12288K, reserved 1048576K
}
Event: 182.820 GC heap after
{Heap after GC invocations=19 (full 0):
 garbage-first heap   total 262144K, used 133700K [0x00000000a0000000, 0x0000000100000000)
  region size 1024K, 8 young (8192K), 8 survivors (8192K)
 Metaspace       used 89300K, capacity 91608K, committed 91904K, reserved 1128448K
  class space    used 11399K, capacity 12120K, committed 12288K, reserved 1048576K
}
Event: 183.072 GC heap before
{Heap before GC invocations=20 (full 0):
 garbage-first heap   total 262144K, used 166468K [0x00000000a0000000, 0x0000000100000000)
  region size 1024K, 43 young (44032K), 8 survivors (8192K)
 Metaspace       used 91571K, capacity 93999K, committed 94208K, reserved 1130496K
  class space    used 11653K, capacity 12379K, committed 12544K, reserved 1048576K
}
Event: 183.087 GC heap after
{Heap after GC invocations=21 (full 0):
 garbage-first heap   total 262144K, used 138273K [0x00000000a0000000, 0x0000000100000000)
  region size 1024K, 9 young (9216K), 9 survivors (9216K)
 Metaspace       used 91571K, capacity 93999K, committed 94208K, reserved 1130496K
  class space    used 11653K, capacity 12379K, committed 12544K, reserved 1048576K
}
Event: 183.555 GC heap before
{Heap before GC invocations=22 (full 0):
 garbage-first heap   total 262144K, used 175137K [0x00000000a0000000, 0x0000000100000000)
  region size 1024K, 65 young (66560K), 9 survivors (9216K)
 Metaspace       used 96024K, capacity 98496K, committed 98688K, reserved 1134592K
  class space    used 12087K, capacity 12825K, committed 12928K, reserved 1048576K
}
Event: 183.562 GC heap after
{Heap after GC invocations=23 (full 0):
 garbage-first heap   total 262144K, used 120388K [0x00000000a0000000, 0x0000000100000000)
  region size 1024K, 4 young (4096K), 4 survivors (4096K)
 Metaspace       used 96024K, capacity 98496K, committed 98688K, reserved 1134592K
  class space    used 12087K, capacity 12825K, committed 12928K, reserved 1048576K
}
Event: 183.614 GC heap before
{Heap before GC invocations=23 (full 0):
 garbage-first heap   total 262144K, used 128580K [0x00000000a0000000, 0x0000000100000000)
  region size 1024K, 12 young (12288K), 4 survivors (4096K)
 Metaspace       used 96161K, capacity 98711K, committed 98944K, reserved 1134592K
  class space    used 12090K, capacity 12830K, committed 12928K, reserved 1048576K
}
Event: 183.618 GC heap after
{Heap after GC invocations=24 (full 0):
 garbage-first heap   total 262144K, used 106646K [0x00000000a0000000, 0x0000000100000000)
  region size 1024K, 1 young (1024K), 1 survivors (1024K)
 Metaspace       used 96161K, capacity 98711K, committed 98944K, reserved 1134592K
  class space    used 12090K, capacity 12830K, committed 12928K, reserved 1048576K
}
Event: 199.269 GC heap before
{Heap before GC invocations=24 (full 0):
 garbage-first heap   total 262144K, used 179350K [0x00000000a0000000, 0x0000000100000000)
  region size 1024K, 72 young (73728K), 1 survivors (1024K)
 Metaspace       used 99480K, capacity 102210K, committed 102272K, reserved 1138688K
  class space    used 12526K, capacity 13402K, committed 13440K, reserved 1048576K
}
Event: 199.273 GC heap after
{Heap after GC invocations=25 (full 0):
 garbage-first heap   total 262144K, used 111001K [0x00000000a0000000, 0x0000000100000000)
  region size 1024K, 6 young (6144K), 6 survivors (6144K)
 Metaspace       used 99480K, capacity 102210K, committed 102272K, reserved 1138688K
  class space    used 12526K, capacity 13402K, committed 13440K, reserved 1048576K
}
Event: 199.966 GC heap before
{Heap before GC invocations=25 (full 0):
 garbage-first heap   total 262144K, used 184729K [0x00000000a0000000, 0x0000000100000000)
  region size 1024K, 79 young (80896K), 6 survivors (6144K)
 Metaspace       used 100763K, capacity 103416K, committed 103680K, reserved 1138688K
  class space    used 12628K, capacity 13517K, committed 13568K, reserved 1048576K
}
Event: 199.972 GC heap after
{Heap after GC invocations=26 (full 0):
 garbage-first heap   total 262144K, used 119494K [0x00000000a0000000, 0x0000000100000000)
  region size 1024K, 10 young (10240K), 10 survivors (10240K)
 Metaspace       used 100763K, capacity 103416K, committed 103680K, reserved 1138688K
  class space    used 12628K, capacity 13517K, committed 13568K, reserved 1048576K
}
Event: 200.447 GC heap before
{Heap before GC invocations=26 (full 0):
 garbage-first heap   total 262144K, used 201414K [0x00000000a0000000, 0x0000000100000000)
  region size 1024K, 82 young (83968K), 10 survivors (10240K)
 Metaspace       used 104218K, capacity 107041K, committed 107136K, reserved 1142784K
  class space    used 12958K, capacity 13884K, committed 13952K, reserved 1048576K
}
Event: 200.454 GC heap after
{Heap after GC invocations=27 (full 0):
 garbage-first heap   total 262144K, used 128936K [0x00000000a0000000, 0x0000000100000000)
  region size 1024K, 11 young (11264K), 11 survivors (11264K)
 Metaspace       used 104218K, capacity 107041K, committed 107136K, reserved 1142784K
  class space    used 12958K, capacity 13884K, committed 13952K, reserved 1048576K
}

Deoptimization events (20 events):
Event: 200.469 Thread 0x000001f5ec150800 Uncommon trap: trap_request=0xffffff4d fr.pc=0x000001f5d2d41bf4 relative=0x00000000000004b4
Event: 200.469 Thread 0x000001f5ec150800 Uncommon trap: reason=unstable_if action=reinterpret pc=0x000001f5d2d41bf4 method=java.util.concurrent.ConcurrentLinkedQueue.poll()Ljava/lang/Object; @ 24 c2
Event: 200.469 Thread 0x000001f5ec150800 DEOPT PACKING pc=0x000001f5d2d41bf4 sp=0x0000005dd6cfd1a0
Event: 200.469 Thread 0x000001f5ec150800 DEOPT UNPACKING pc=0x000001f5caec662f sp=0x0000005dd6cfd160 mode 2
Event: 200.486 Thread 0x000001f5e6815800 Uncommon trap: trap_request=0xffffffc6 fr.pc=0x000001f5d3223bec relative=0x00000000000000ac
Event: 200.486 Thread 0x000001f5e6815800 Uncommon trap: reason=bimorphic_or_optimized_type_check action=maybe_recompile pc=0x000001f5d3223bec method=com.google.common.collect.TransformedIterator.hasNext()Z @ 4 c2
Event: 200.486 Thread 0x000001f5e6815800 DEOPT PACKING pc=0x000001f5d3223bec sp=0x0000005dd34fa250
Event: 200.486 Thread 0x000001f5e6815800 DEOPT UNPACKING pc=0x000001f5caec662f sp=0x0000005dd34fa1f0 mode 2
Event: 200.526 Thread 0x000001f5e6815800 Uncommon trap: trap_request=0xffffffc6 fr.pc=0x000001f5d3223bec relative=0x00000000000000ac
Event: 200.526 Thread 0x000001f5e6815800 Uncommon trap: reason=bimorphic_or_optimized_type_check action=maybe_recompile pc=0x000001f5d3223bec method=com.google.common.collect.TransformedIterator.hasNext()Z @ 4 c2
Event: 200.526 Thread 0x000001f5e6815800 DEOPT PACKING pc=0x000001f5d3223bec sp=0x0000005dd34f88f0
Event: 200.526 Thread 0x000001f5e6815800 DEOPT UNPACKING pc=0x000001f5caec662f sp=0x0000005dd34f8890 mode 2
Event: 200.526 Thread 0x000001f5e6815800 Uncommon trap: trap_request=0xffffffc6 fr.pc=0x000001f5d3223bec relative=0x00000000000000ac
Event: 200.526 Thread 0x000001f5e6815800 Uncommon trap: reason=bimorphic_or_optimized_type_check action=maybe_recompile pc=0x000001f5d3223bec method=com.google.common.collect.TransformedIterator.hasNext()Z @ 4 c2
Event: 200.526 Thread 0x000001f5e6815800 DEOPT PACKING pc=0x000001f5d3223bec sp=0x0000005dd34f88f0
Event: 200.526 Thread 0x000001f5e6815800 DEOPT UNPACKING pc=0x000001f5caec662f sp=0x0000005dd34f8890 mode 2
Event: 200.526 Thread 0x000001f5e6815800 Uncommon trap: trap_request=0xffffffc6 fr.pc=0x000001f5d3223bec relative=0x00000000000000ac
Event: 200.526 Thread 0x000001f5e6815800 Uncommon trap: reason=bimorphic_or_optimized_type_check action=maybe_recompile pc=0x000001f5d3223bec method=com.google.common.collect.TransformedIterator.hasNext()Z @ 4 c2
Event: 200.526 Thread 0x000001f5e6815800 DEOPT PACKING pc=0x000001f5d3223bec sp=0x0000005dd34f88f0
Event: 200.526 Thread 0x000001f5e6815800 DEOPT UNPACKING pc=0x000001f5caec662f sp=0x0000005dd34f8890 mode 2

Classes redefined (0 events):
No events

Internal exceptions (20 events):
Event: 200.092 Thread 0x000001f5e3720000 Exception <a 'java/lang/NoSuchMethodError'{0x00000000aed8f490}: <clinit>> (0x00000000aed8f490) thrown at [./src/hotspot/share/prims/jni.cpp, line 1362]
Event: 200.093 Thread 0x000001f5e3720000 Exception <a 'java/lang/NoSuchMethodError'{0x00000000aed939c0}: <clinit>> (0x00000000aed939c0) thrown at [./src/hotspot/share/prims/jni.cpp, line 1362]
Event: 200.093 Thread 0x000001f5e3720000 Exception <a 'java/lang/NoSuchMethodError'{0x00000000aed9eb30}: <clinit>> (0x00000000aed9eb30) thrown at [./src/hotspot/share/prims/jni.cpp, line 1362]
Event: 200.094 Thread 0x000001f5e3720000 Exception <a 'java/lang/NoSuchMethodError'{0x00000000aede20f0}: <clinit>> (0x00000000aede20f0) thrown at [./src/hotspot/share/prims/jni.cpp, line 1362]
Event: 200.095 Thread 0x000001f5e3720000 Exception <a 'java/lang/NoSuchMethodError'{0x00000000aec14fc0}: <clinit>> (0x00000000aec14fc0) thrown at [./src/hotspot/share/prims/jni.cpp, line 1362]
Event: 200.096 Thread 0x000001f5e3720000 Exception <a 'java/lang/NoSuchMethodError'{0x00000000aec40ea0}: <clinit>> (0x00000000aec40ea0) thrown at [./src/hotspot/share/prims/jni.cpp, line 1362]
Event: 200.096 Thread 0x000001f5e3720000 Exception <a 'java/lang/NoSuchMethodError'{0x00000000aec44060}: <clinit>> (0x00000000aec44060) thrown at [./src/hotspot/share/prims/jni.cpp, line 1362]
Event: 200.096 Thread 0x000001f5e3720000 Exception <a 'java/lang/NoSuchMethodError'{0x00000000aec46a28}: <clinit>> (0x00000000aec46a28) thrown at [./src/hotspot/share/prims/jni.cpp, line 1362]
Event: 200.096 Thread 0x000001f5e3720000 Exception <a 'java/lang/NoSuchMethodError'{0x00000000aec5e9d8}: <clinit>> (0x00000000aec5e9d8) thrown at [./src/hotspot/share/prims/jni.cpp, line 1362]
Event: 200.097 Thread 0x000001f5e3720000 Exception <a 'java/lang/NoSuchMethodError'{0x00000000aec737c8}: <clinit>> (0x00000000aec737c8) thrown at [./src/hotspot/share/prims/jni.cpp, line 1362]
Event: 200.097 Thread 0x000001f5e3720000 Exception <a 'java/lang/NoSuchMethodError'{0x00000000aec91ac8}: <clinit>> (0x00000000aec91ac8) thrown at [./src/hotspot/share/prims/jni.cpp, line 1362]
Event: 200.098 Thread 0x000001f5e3720000 Exception <a 'java/lang/NoSuchMethodError'{0x00000000aeca2ab8}: <clinit>> (0x00000000aeca2ab8) thrown at [./src/hotspot/share/prims/jni.cpp, line 1362]
Event: 200.132 Thread 0x000001f5ec156800 Exception <a 'java/lang/ClassNotFoundException'{0x00000000adf01548}: sun/awt/resources/spi/awtProvider> (0x00000000adf01548) thrown at [./src/hotspot/share/classfile/systemDictionary.cpp, line 231]
Event: 200.136 Thread 0x000001f5ec156800 Exception <a 'java/io/FileNotFoundException'{0x00000000adff8958}> (0x00000000adff8958) thrown at [./src/hotspot/share/prims/jni.cpp, line 615]
Event: 200.137 Thread 0x000001f5ec156800 Exception <a 'java/io/FileNotFoundException'{0x00000000adffc7f8}> (0x00000000adffc7f8) thrown at [./src/hotspot/share/prims/jni.cpp, line 615]
Event: 200.146 Thread 0x000001f5e3720000 Implicit null exception at 0x000001f5d2fa0b6c to 0x000001f5d2fa11ac
Event: 200.417 Thread 0x000001f5e3720000 Exception <a 'java/lang/NoSuchMethodError'{0x00000000ac2142b0}: <clinit>> (0x00000000ac2142b0) thrown at [./src/hotspot/share/prims/jni.cpp, line 1362]
Event: 200.418 Thread 0x000001f5e3720000 Exception <a 'java/lang/NoSuchMethodError'{0x00000000ac22f5f8}: <clinit>> (0x00000000ac22f5f8) thrown at [./src/hotspot/share/prims/jni.cpp, line 1362]
Event: 200.418 Thread 0x000001f5e3720000 Exception <a 'java/lang/NoSuchMethodError'{0x00000000ac232778}: <clinit>> (0x00000000ac232778) thrown at [./src/hotspot/share/prims/jni.cpp, line 1362]
Event: 200.419 Thread 0x000001f5e3720000 Exception <a 'java/lang/NoSuchMethodError'{0x00000000ac242ec0}: <clinit>> (0x00000000ac242ec0) thrown at [./src/hotspot/share/prims/jni.cpp, line 1362]

Events (20 events):
Event: 200.538 loading class com/android/manifmerger/ManifestSystemProperty$11
Event: 200.538 loading class com/android/manifmerger/ManifestSystemProperty$11 done
Event: 200.538 loading class com/android/manifmerger/ManifestMerger2$FileStreamProvider
Event: 200.538 loading class com/android/manifmerger/ManifestMerger2$FileStreamProvider done
Event: 200.538 loading class com/android/manifmerger/ManifestMerger2$MapBasedKeyBasedValueResolver
Event: 200.538 loading class com/android/manifmerger/ManifestMerger2$MapBasedKeyBasedValueResolver done
Event: 200.539 loading class com/android/manifmerger/ManifestModel
Event: 200.539 loading class com/android/manifmerger/ManifestModel done
Event: 200.539 loading class com/android/manifmerger/NodeKeyResolver
Event: 200.539 loading class com/android/manifmerger/NodeKeyResolver done
Event: 200.539 loading class com/android/manifmerger/ManifestModel$AttributeBasedNodeKeyResolver
Event: 200.539 loading class com/android/manifmerger/ManifestModel$AttributeBasedNodeKeyResolver done
Event: 200.539 loading class com/android/manifmerger/ManifestModel$NoKeyNodeResolver
Event: 200.539 loading class com/android/manifmerger/ManifestModel$NoKeyNodeResolver done
Event: 200.540 loading class com/android/manifmerger/ManifestModel$1
Event: 200.540 loading class com/android/manifmerger/ManifestModel$1 done
Event: 200.540 loading class com/android/manifmerger/AttributeModel$BooleanValidator
Event: 200.540 loading class com/android/manifmerger/AttributeModel$BooleanValidator done
Event: 200.540 loading class com/android/manifmerger/AttributeModel$Validator
Event: 200.540 loading class com/android/manifmerger/AttributeModel$Validator done


Dynamic libraries:
0x00007ff775270000 - 0x00007ff77527a000 	C:\Program Files\Android\Android Studio\jre\bin\java.exe
0x00007ffe9d730000 - 0x00007ffe9d925000 	C:\Windows\SYSTEM32\ntdll.dll
0x00007ffe9cab0000 - 0x00007ffe9cb6e000 	C:\Windows\System32\KERNEL32.DLL
0x00007ffe9afa0000 - 0x00007ffe9b268000 	C:\Windows\System32\KERNELBASE.dll
0x00007ffe9b2d0000 - 0x00007ffe9b3d0000 	C:\Windows\System32\ucrtbase.dll
0x00007ffe892e0000 - 0x00007ffe892f9000 	C:\Program Files\Android\Android Studio\jre\bin\jli.dll
0x00007ffe8e3e0000 - 0x00007ffe8e3f7000 	C:\Program Files\Android\Android Studio\jre\bin\VCRUNTIME140.dll
0x00007ffe9bcc0000 - 0x00007ffe9be60000 	C:\Windows\System32\USER32.dll
0x00007ffe8b100000 - 0x00007ffe8b39a000 	C:\Windows\WinSxS\amd64_microsoft.windows.common-controls_6595b64144ccf1df_6.0.19041.1110_none_60b5254171f9507e\COMCTL32.dll
0x00007ffe9b270000 - 0x00007ffe9b292000 	C:\Windows\System32\win32u.dll
0x00007ffe9cb70000 - 0x00007ffe9cb9b000 	C:\Windows\System32\GDI32.dll
0x00007ffe9bf20000 - 0x00007ffe9bfbe000 	C:\Windows\System32\msvcrt.dll
0x00007ffe9b610000 - 0x00007ffe9b71b000 	C:\Windows\System32\gdi32full.dll
0x00007ffe9af00000 - 0x00007ffe9af9d000 	C:\Windows\System32\msvcp_win.dll
0x00007ffe9cc30000 - 0x00007ffe9cc60000 	C:\Windows\System32\IMM32.DLL
0x00007ffe6ff60000 - 0x00007ffe6fffd000 	C:\Program Files\Android\Android Studio\jre\bin\msvcp140.dll
0x00007ffe2f4d0000 - 0x00007ffe2ffa5000 	C:\Program Files\Android\Android Studio\jre\bin\server\jvm.dll
0x00007ffe9be70000 - 0x00007ffe9bf1e000 	C:\Windows\System32\ADVAPI32.dll
0x00007ffe9b8b0000 - 0x00007ffe9b94c000 	C:\Windows\System32\sechost.dll
0x00007ffe9d220000 - 0x00007ffe9d345000 	C:\Windows\System32\RPCRT4.dll
0x00007ffe9bcb0000 - 0x00007ffe9bcb8000 	C:\Windows\System32\PSAPI.DLL
0x00007ffe86c70000 - 0x00007ffe86c79000 	C:\Windows\SYSTEM32\WSOCK32.dll
0x00007ffe90d70000 - 0x00007ffe90d97000 	C:\Windows\SYSTEM32\WINMM.dll
0x00007ffe9c800000 - 0x00007ffe9c86b000 	C:\Windows\System32\WS2_32.dll
0x00007ffe958c0000 - 0x00007ffe958ca000 	C:\Windows\SYSTEM32\VERSION.dll
0x00007ffe98d80000 - 0x00007ffe98d92000 	C:\Windows\SYSTEM32\kernel.appcore.dll
0x00007ffe8f860000 - 0x00007ffe8f871000 	C:\Program Files\Android\Android Studio\jre\bin\verify.dll
0x00007ffe90430000 - 0x00007ffe90614000 	C:\Windows\SYSTEM32\DBGHELP.DLL
0x00007ffe8a740000 - 0x00007ffe8a76c000 	C:\Windows\SYSTEM32\dbgcore.DLL
0x00007ffe9b3d0000 - 0x00007ffe9b452000 	C:\Windows\System32\bcryptPrimitives.dll
0x00007ffe85fd0000 - 0x00007ffe85ff9000 	C:\Program Files\Android\Android Studio\jre\bin\java.dll
0x00007ffe98740000 - 0x00007ffe9874b000 	C:\Program Files\Android\Android Studio\jre\bin\jimage.dll
0x00007ffe8e4b0000 - 0x00007ffe8e4c8000 	C:\Program Files\Android\Android Studio\jre\bin\zip.dll
0x00007ffe9c0b0000 - 0x00007ffe9c7f4000 	C:\Windows\System32\SHELL32.dll
0x00007ffe98f80000 - 0x00007ffe99714000 	C:\Windows\SYSTEM32\windows.storage.dll
0x00007ffe9b950000 - 0x00007ffe9bca4000 	C:\Windows\System32\combase.dll
0x00007ffe9a8b0000 - 0x00007ffe9a8dc000 	C:\Windows\SYSTEM32\Wldp.dll
0x00007ffe9c870000 - 0x00007ffe9c91d000 	C:\Windows\System32\SHCORE.dll
0x00007ffe9d690000 - 0x00007ffe9d6e5000 	C:\Windows\System32\shlwapi.dll
0x00007ffe9ad90000 - 0x00007ffe9adaf000 	C:\Windows\SYSTEM32\profapi.dll
0x00007ffe8ddd0000 - 0x00007ffe8ddea000 	C:\Program Files\Android\Android Studio\jre\bin\net.dll
0x00007ffe94a90000 - 0x00007ffe94b99000 	C:\Windows\SYSTEM32\WINHTTP.dll
0x00007ffe9a610000 - 0x00007ffe9a67a000 	C:\Windows\system32\mswsock.dll
0x00007ffe89500000 - 0x00007ffe89514000 	C:\Program Files\Android\Android Studio\jre\bin\nio.dll
0x00007ffe8df20000 - 0x00007ffe8df46000 	C:\Users\eiyah\.gradle\native\29\windows-amd64\native-platform.dll
0x00007ffe98630000 - 0x00007ffe9863a000 	C:\Program Files\Android\Android Studio\jre\bin\management.dll
0x00007ffe907b0000 - 0x00007ffe907bd000 	C:\Program Files\Android\Android Studio\jre\bin\management_ext.dll
0x00007ffe9a800000 - 0x00007ffe9a818000 	C:\Windows\SYSTEM32\CRYPTSP.dll
0x00007ffe99f20000 - 0x00007ffe99f54000 	C:\Windows\system32\rsaenh.dll
0x00007ffe9b2a0000 - 0x00007ffe9b2c7000 	C:\Windows\System32\bcrypt.dll
0x00007ffe9ad10000 - 0x00007ffe9ad3e000 	C:\Windows\SYSTEM32\USERENV.dll
0x00007ffe9a820000 - 0x00007ffe9a82c000 	C:\Windows\SYSTEM32\CRYPTBASE.dll
0x00007ffe9a2b0000 - 0x00007ffe9a2eb000 	C:\Windows\SYSTEM32\IPHLPAPI.DLL
0x00007ffe9be60000 - 0x00007ffe9be68000 	C:\Windows\System32\NSI.dll
0x00007ffe95e50000 - 0x00007ffe95e67000 	C:\Windows\SYSTEM32\dhcpcsvc6.DLL
0x00007ffe95d50000 - 0x00007ffe95d6d000 	C:\Windows\SYSTEM32\dhcpcsvc.DLL
0x00007ffe9a300000 - 0x00007ffe9a3ca000 	C:\Windows\SYSTEM32\DNSAPI.dll
0x00007ffe907e0000 - 0x00007ffe907fe000 	C:\Users\eiyah\AppData\Local\Temp\native-platform9020759491963899276dir\native-platform.dll
0x00007ffe60cb0000 - 0x00007ffe60e55000 	C:\Program Files\Android\Android Studio\jre\bin\awt.dll
0x00007ffe9bfc0000 - 0x00007ffe9c08d000 	C:\Windows\System32\OLEAUT32.dll
0x00007ffe98ac0000 - 0x00007ffe98aef000 	C:\Windows\SYSTEM32\dwmapi.dll
0x00007ffe980a0000 - 0x00007ffe98130000 	C:\Windows\SYSTEM32\apphelp.dll
0x00007ffe98800000 - 0x00007ffe9889e000 	C:\Windows\system32\uxtheme.dll

dbghelp: loaded successfully - version: 4.0.5 - missing functions: none
symbol engine: initialized successfully - sym options: 0x614 - pdb path: .;C:\Program Files\Android\Android Studio\jre\bin;C:\Windows\SYSTEM32;C:\Windows\WinSxS\amd64_microsoft.windows.common-controls_6595b64144ccf1df_6.0.19041.1110_none_60b5254171f9507e;C:\Program Files\Android\Android Studio\jre\bin\server;C:\Users\eiyah\.gradle\native\29\windows-amd64;C:\Users\eiyah\AppData\Local\Temp\native-platform9020759491963899276dir

VM Arguments:
jvm_args: --add-opens=java.base/java.util=ALL-UNNAMED --add-opens=java.base/java.lang=ALL-UNNAMED --add-opens=java.base/java.lang.invoke=ALL-UNNAMED --add-opens=java.prefs/java.util.prefs=ALL-UNNAMED -Xmx1536m -Dfile.encoding=windows-1252 -Duser.country=CO -Duser.language=es -Duser.variant 
java_command: org.gradle.launcher.daemon.bootstrap.GradleDaemon 5.4.1
java_class_path (initial): C:\Users\eiyah\.gradle\wrapper\dists\gradle-5.4.1-all\3221gyojl5jsh0helicew7rwx\gradle-5.4.1\lib\gradle-launcher-5.4.1.jar
Launcher Type: SUN_STANDARD

[Global flags]
     intx CICompilerCount                          = 4                                         {product} {ergonomic}
     uint ConcGCThreads                            = 3                                         {product} {ergonomic}
     uint G1ConcRefinementThreads                  = 10                                        {product} {ergonomic}
   size_t G1HeapRegionSize                         = 1048576                                   {product} {ergonomic}
    uintx GCDrainStackTargetSize                   = 64                                        {product} {ergonomic}
   size_t InitialHeapSize                          = 268435456                                 {product} {ergonomic}
   size_t MarkStackSize                            = 4194304                                   {product} {ergonomic}
   size_t MaxHeapSize                              = 1610612736                                {product} {command line}
   size_t MaxNewSize                               = 965738496                                 {product} {ergonomic}
   size_t MinHeapDeltaBytes                        = 1048576                                   {product} {ergonomic}
    uintx NonNMethodCodeHeapSize                   = 5836300                                {pd product} {ergonomic}
    uintx NonProfiledCodeHeapSize                  = 122910970                              {pd product} {ergonomic}
    uintx ProfiledCodeHeapSize                     = 122910970                              {pd product} {ergonomic}
    uintx ReservedCodeCacheSize                    = 251658240                              {pd product} {ergonomic}
     bool SegmentedCodeCache                       = true                                      {product} {ergonomic}
     bool UseCompressedClassPointers               = true                                 {lp64_product} {ergonomic}
     bool UseCompressedOops                        = true                                 {lp64_product} {ergonomic}
     bool UseG1GC                                  = true                                      {product} {ergonomic}
     bool UseLargePagesIndividualAllocation        = false                                  {pd product} {ergonomic}

Logging:
Log output configuration:
 #0: stdout all=warning uptime,level,tags
 #1: stderr all=off uptime,level,tags

Environment Variables:
PATH=C:\Program Files (x86)\Common Files\Oracle\Java\javapath;C:\Windows\system32;C:\Windows;C:\Windows\System32\Wbem;C:\Windows\System32\WindowsPowerShell\v1.0\;C:\Windows\System32\OpenSSH\;C:\Program Files\NVIDIA Corporation\NVIDIA NvDLISR;C:\Program Files (x86)\NVIDIA Corporation\PhysX\Common;C:\Program Files\Git\cmd;C:\Users\eiyah\AppData\Local\Microsoft\WindowsApps;C:\Users\eiyah\AppData\Local\GitHubDesktop\bin
USERNAME=eiyah
OS=Windows_NT
PROCESSOR_IDENTIFIER=AMD64 Family 23 Model 113 Stepping 0, AuthenticAMD



---------------  S Y S T E M  ---------------

OS: Windows 10 , 64 bit Build 19041 (10.0.19041.1566)
OS uptime: 1 days 22:08 hours

CPU:total 12 (initial active 12) (12 cores per cpu, 2 threads per core) family 23 model 113 stepping 0 microcode 0x0, cmov, cx8, fxsr, mmx, sse, sse2, sse3, ssse3, sse4.1, sse4.2, popcnt, avx, avx2, aes, clmul, mmxext, 3dnowpref, lzcnt, sse4a, ht, tsc, tscinvbit, tscinv, bmi1, bmi2, adx,

Memory: 4k page, system-wide physical 16284M (8339M free)
TotalPageFile size 16284M (AvailPageFile size 4M)
current process WorkingSet (physical memory assigned to process): 555M, peak: 561M
current process commit charge ("private bytes"): 602M, peak: 613M

vm_info: OpenJDK 64-Bit Server VM (11.0.11+9-b60-7590822) for windows-amd64 JRE (11.0.11+9-b60-7590822), built on Jul 29 2021 21:43:44 by "builder" with MS VC++ 14.0 (VS2015)

END.
