#
# There is insufficient memory for the Java Runtime Environment to continue.
# Native memory allocation (malloc) failed to allocate 1099136 bytes for Chunk::new
# Possible reasons:
#   The system is out of physical RAM or swap space
#   The process is running with CompressedOops enabled, and the Java Heap may be blocking the growth of the native heap
# Possible solutions:
#   Reduce memory load on the system
#   Increase physical memory or swap space
#   Check if swap backing store is full
#   Decrease Java heap size (-Xmx/-Xms)
#   Decrease number of Java threads
#   Decrease Java thread stack sizes (-Xss)
#   Set larger code cache with -XX:ReservedCodeCacheSize=
#   JVM is running with Unscaled Compressed Oops mode in which the Java heap is
#     placed in the first 4GB address space. The Java Heap base address is the
#     maximum limit for the native heap growth. Please use -XX:HeapBaseMinAddress
#     to set the Java Heap base and to place the Java Heap above 4GB virtual address.
# This output file may be truncated or incomplete.
#
#  Out of Memory Error (./src/hotspot/share/memory/arena.cpp:197), pid=6932, tid=14492
#
# JRE version: OpenJDK Runtime Environment (11.0.11+9) (build 11.0.11+9-b60-7590822)
# Java VM: OpenJDK 64-Bit Server VM (11.0.11+9-b60-7590822, mixed mode, tiered, compressed oops, g1 gc, windows-amd64)
# No core dump will be written. Minidumps are not enabled by default on client versions of Windows
#

---------------  S U M M A R Y ------------

Command Line: --add-opens=java.base/java.util=ALL-UNNAMED --add-opens=java.base/java.lang=ALL-UNNAMED --add-opens=java.base/java.lang.invoke=ALL-UNNAMED --add-opens=java.prefs/java.util.prefs=ALL-UNNAMED -Xmx1536m -Dfile.encoding=windows-1252 -Duser.country=CO -Duser.language=es -Duser.variant org.gradle.launcher.daemon.bootstrap.GradleDaemon 5.4.1

Host: AMD Ryzen 5 3600 6-Core Processor              , 12 cores, 15G,  Windows 10 , 64 bit Build 19041 (10.0.19041.1566)
Time: Sun Mar 20 23:56:26 2022 Hora est. Pacífico, Sudamérica elapsed time: 3.138665 seconds (0d 0h 0m 3s)

---------------  T H R E A D  ---------------

Current thread (0x000001812123e800):  JavaThread "C2 CompilerThread2" daemon [_thread_in_native, id=14492, stack(0x0000005d46c00000,0x0000005d46d00000)]


Current CompileTask:
C2:   3138 4317       4       org.objectweb.asm.SymbolTable::addConstantMemberReference (147 bytes)

Stack: [0x0000005d46c00000,0x0000005d46d00000]
Native frames: (J=compiled Java code, j=interpreted, Vv=VM code, C=native code)
V  [jvm.dll+0x5f214a]
V  [jvm.dll+0x726fb5]
V  [jvm.dll+0x7285cd]
V  [jvm.dll+0x728c83]
V  [jvm.dll+0x243278]
V  [jvm.dll+0xbc53c]
V  [jvm.dll+0xbca3c]
V  [jvm.dll+0x2b5c34]
V  [jvm.dll+0x508488]
V  [jvm.dll+0x203d53]
V  [jvm.dll+0x1fdbac]
V  [jvm.dll+0x1fb35f]
V  [jvm.dll+0x183d6c]
V  [jvm.dll+0x209a57]
V  [jvm.dll+0x2082a1]
V  [jvm.dll+0x6ef58f]
V  [jvm.dll+0x6e80b5]
V  [jvm.dll+0x5f1036]
C  [ucrtbase.dll+0x21bb2]
C  [KERNEL32.DLL+0x17034]
C  [ntdll.dll+0x52651]


---------------  P R O C E S S  ---------------

Threads class SMR info:
_java_thread_list=0x000001812409d840, length=43, elements={
0x000001810590d000, 0x000001811f749000, 0x000001811f74a000, 0x000001811f7a5800,
0x000001811f7a7000, 0x000001811f7aa000, 0x000001811f7b8800, 0x000001811f7cb000,
0x000001811f7cd800, 0x000001811f935800, 0x000001811f7c5000, 0x000001811f7c6800,
0x000001811f7c9000, 0x000001811f7cb800, 0x000001811f7c8800, 0x000001811f7c6000,
0x000001811f7ca000, 0x000001811f7c7800, 0x000001812123c000, 0x0000018121238000,
0x0000018121239000, 0x000001812123a000, 0x0000018121237800, 0x000001812123d000,
0x000001812123e000, 0x000001812123e800, 0x0000018121244800, 0x0000018121245000,
0x0000018121246000, 0x0000018121241000, 0x0000018121242000, 0x0000018121243000,
0x0000018121243800, 0x000001812429d000, 0x000001812429a800, 0x0000018124297800,
0x000001812429e000, 0x000001812429a000, 0x000001812429b800, 0x000001812429c800,
0x0000018124298800, 0x000001812429f000, 0x0000018124299000
}

Java Threads: ( => current thread )
  0x000001810590d000 JavaThread "main" [_thread_blocked, id=18824, stack(0x0000005d44100000,0x0000005d44200000)]
  0x000001811f749000 JavaThread "Reference Handler" daemon [_thread_blocked, id=14404, stack(0x0000005d44800000,0x0000005d44900000)]
  0x000001811f74a000 JavaThread "Finalizer" daemon [_thread_blocked, id=1196, stack(0x0000005d44900000,0x0000005d44a00000)]
  0x000001811f7a5800 JavaThread "Signal Dispatcher" daemon [_thread_blocked, id=14208, stack(0x0000005d44a00000,0x0000005d44b00000)]
  0x000001811f7a7000 JavaThread "Attach Listener" daemon [_thread_blocked, id=12788, stack(0x0000005d44b00000,0x0000005d44c00000)]
  0x000001811f7aa000 JavaThread "Service Thread" daemon [_thread_blocked, id=16860, stack(0x0000005d44c00000,0x0000005d44d00000)]
  0x000001811f7b8800 JavaThread "C2 CompilerThread0" daemon [_thread_in_native, id=10000, stack(0x0000005d44d00000,0x0000005d44e00000)]
  0x000001811f7cb000 JavaThread "C1 CompilerThread0" daemon [_thread_blocked, id=18772, stack(0x0000005d44e00000,0x0000005d44f00000)]
  0x000001811f7cd800 JavaThread "Sweeper thread" daemon [_thread_blocked, id=9196, stack(0x0000005d44f00000,0x0000005d45000000)]
  0x000001811f935800 JavaThread "Common-Cleaner" daemon [_thread_blocked, id=12192, stack(0x0000005d45000000,0x0000005d45100000)]
  0x000001811f7c5000 JavaThread "C2 CompilerThread1" daemon [_thread_in_native, id=15620, stack(0x0000005d45200000,0x0000005d45300000)]
  0x000001811f7c6800 JavaThread "Daemon health stats" [_thread_blocked, id=2396, stack(0x0000005d45900000,0x0000005d45a00000)]
  0x000001811f7c9000 JavaThread "Incoming local TCP Connector on port 56521" [_thread_in_native, id=14352, stack(0x0000005d45800000,0x0000005d45900000)]
  0x000001811f7cb800 JavaThread "Daemon periodic checks" [_thread_blocked, id=3796, stack(0x0000005d45a00000,0x0000005d45b00000)]
  0x000001811f7c8800 JavaThread "Daemon" [_thread_blocked, id=2328, stack(0x0000005d45b00000,0x0000005d45c00000)]
  0x000001811f7c6000 JavaThread "Handler for socket connection from /127.0.0.1:56521 to /127.0.0.1:56522" [_thread_in_native, id=3124, stack(0x0000005d45c00000,0x0000005d45d00000)]
  0x000001811f7ca000 JavaThread "Cancel handler" [_thread_blocked, id=11824, stack(0x0000005d45d00000,0x0000005d45e00000)]
  0x000001811f7c7800 JavaThread "Daemon worker" [_thread_in_vm, id=18188, stack(0x0000005d45e00000,0x0000005d45f00000)]
  0x000001812123c000 JavaThread "Asynchronous log dispatcher for DefaultDaemonConnection: socket connection from /127.0.0.1:56521 to /127.0.0.1:56522" [_thread_blocked, id=1732, stack(0x0000005d45f00000,0x0000005d46000000)]
  0x0000018121238000 JavaThread "Stdin handler" [_thread_blocked, id=1524, stack(0x0000005d46000000,0x0000005d46100000)]
  0x0000018121239000 JavaThread "Thread-8" [_thread_blocked, id=14252, stack(0x0000005d46100000,0x0000005d46200000)]
  0x000001812123a000 JavaThread "Cache worker for file hash cache (C:\Users\eiyah\.gradle\caches\5.4.1\fileHashes)" [_thread_blocked, id=4244, stack(0x0000005d46200000,0x0000005d46300000)]
  0x0000018121237800 JavaThread "File lock request listener" [_thread_in_native, id=18692, stack(0x0000005d46300000,0x0000005d46400000)]
  0x000001812123d000 JavaThread "Cache worker for journal cache (C:\Users\eiyah\.gradle\caches\journal-1)" [_thread_blocked, id=1776, stack(0x0000005d46400000,0x0000005d46500000)]
  0x000001812123e000 JavaThread "Cache worker for file hash cache (C:\Users\eiyah\AndroidStudioProjects\Taller2\.gradle\5.4.1\fileHashes)" [_thread_blocked, id=2032, stack(0x0000005d46b00000,0x0000005d46c00000)]
=>0x000001812123e800 JavaThread "C2 CompilerThread2" daemon [_thread_in_native, id=14492, stack(0x0000005d46c00000,0x0000005d46d00000)]
  0x0000018121244800 JavaThread "Cache worker for cache directory md-supplier (C:\Users\eiyah\.gradle\caches\5.4.1\md-supplier)" [_thread_blocked, id=10228, stack(0x0000005d46d00000,0x0000005d46e00000)]
  0x0000018121245000 JavaThread "Cache worker for cache directory md-rule (C:\Users\eiyah\.gradle\caches\5.4.1\md-rule)" [_thread_blocked, id=17212, stack(0x0000005d46e00000,0x0000005d46f00000)]
  0x0000018121246000 JavaThread "Cache worker for execution history cache (C:\Users\eiyah\.gradle\caches\5.4.1\executionHistory)" [_thread_blocked, id=11472, stack(0x0000005d46f00000,0x0000005d47000000)]
  0x0000018121241000 JavaThread "Build operations" [_thread_blocked, id=7404, stack(0x0000005d47000000,0x0000005d47100000)]
  0x0000018121242000 JavaThread "Build operations Thread 2" [_thread_blocked, id=12200, stack(0x0000005d47100000,0x0000005d47200000)]
  0x0000018121243000 JavaThread "Build operations Thread 3" [_thread_blocked, id=14204, stack(0x0000005d47200000,0x0000005d47300000)]
  0x0000018121243800 JavaThread "Build operations Thread 4" [_thread_blocked, id=8044, stack(0x0000005d47300000,0x0000005d47400000)]
  0x000001812429d000 JavaThread "Build operations Thread 5" [_thread_blocked, id=5876, stack(0x0000005d47400000,0x0000005d47500000)]
  0x000001812429a800 JavaThread "Build operations Thread 6" [_thread_blocked, id=13932, stack(0x0000005d47500000,0x0000005d47600000)]
  0x0000018124297800 JavaThread "Build operations Thread 7" [_thread_blocked, id=10556, stack(0x0000005d47600000,0x0000005d47700000)]
  0x000001812429e000 JavaThread "Build operations Thread 8" [_thread_blocked, id=12228, stack(0x0000005d47700000,0x0000005d47800000)]
  0x000001812429a000 JavaThread "Build operations Thread 9" [_thread_blocked, id=6776, stack(0x0000005d47800000,0x0000005d47900000)]
  0x000001812429b800 JavaThread "Build operations Thread 10" [_thread_blocked, id=4232, stack(0x0000005d47900000,0x0000005d47a00000)]
  0x000001812429c800 JavaThread "Build operations Thread 11" [_thread_blocked, id=11300, stack(0x0000005d47a00000,0x0000005d47b00000)]
  0x0000018124298800 JavaThread "Build operations Thread 12" [_thread_blocked, id=12012, stack(0x0000005d47b00000,0x0000005d47c00000)]
  0x000001812429f000 JavaThread "pool-1-thread-1" [_thread_blocked, id=11284, stack(0x0000005d47f00000,0x0000005d48000000)]
  0x0000018124299000 JavaThread "Cache worker for Build Output Cleanup Cache (C:\Users\eiyah\AndroidStudioProjects\Taller2\.gradle\buildOutputCleanup)" [_thread_blocked, id=12628, stack(0x0000005d48000000,0x0000005d48100000)]

Other Threads:
  0x000001811f744800 VMThread "VM Thread" [stack: 0x0000005d44700000,0x0000005d44800000] [id=3088]
  0x000001811f942800 WatcherThread [stack: 0x0000005d45100000,0x0000005d45200000] [id=16004]
  0x0000018105924000 GCTaskThread "GC Thread#0" [stack: 0x0000005d44200000,0x0000005d44300000] [id=14172]
  0x0000018120067000 GCTaskThread "GC Thread#1" [stack: 0x0000005d45300000,0x0000005d45400000] [id=2388]
  0x0000018120670800 GCTaskThread "GC Thread#2" [stack: 0x0000005d45400000,0x0000005d45500000] [id=14864]
  0x00000181206de800 GCTaskThread "GC Thread#3" [stack: 0x0000005d45500000,0x0000005d45600000] [id=16144]
  0x000001812070c000 GCTaskThread "GC Thread#4" [stack: 0x0000005d45600000,0x0000005d45700000] [id=12448]
  0x0000018120848800 GCTaskThread "GC Thread#5" [stack: 0x0000005d45700000,0x0000005d45800000] [id=14160]
  0x0000018120ff9800 GCTaskThread "GC Thread#6" [stack: 0x0000005d46500000,0x0000005d46600000] [id=16680]
  0x0000018120fd3800 GCTaskThread "GC Thread#7" [stack: 0x0000005d46600000,0x0000005d46700000] [id=14940]
  0x0000018121028800 GCTaskThread "GC Thread#8" [stack: 0x0000005d46700000,0x0000005d46800000] [id=9944]
  0x0000018121b52000 GCTaskThread "GC Thread#9" [stack: 0x0000005d46800000,0x0000005d46900000] [id=15064]
  0x000001810594b800 ConcurrentGCThread "G1 Main Marker" [stack: 0x0000005d44300000,0x0000005d44400000] [id=6300]
  0x000001810594e800 ConcurrentGCThread "G1 Conc#0" [stack: 0x0000005d44400000,0x0000005d44500000] [id=4832]
  0x0000018121fdf000 ConcurrentGCThread "G1 Conc#1" [stack: 0x0000005d46900000,0x0000005d46a00000] [id=11612]
  0x0000018121abb000 ConcurrentGCThread "G1 Conc#2" [stack: 0x0000005d46a00000,0x0000005d46b00000] [id=17144]
  0x000001811ed81800 ConcurrentGCThread "G1 Refine#0" [stack: 0x0000005d44500000,0x0000005d44600000] [id=19244]
  0x0000018125e51800 ConcurrentGCThread "G1 Refine#1" [stack: 0x0000005d47c00000,0x0000005d47d00000] [id=7924]
  0x0000018125e7a800 ConcurrentGCThread "G1 Refine#2" [stack: 0x0000005d47d00000,0x0000005d47e00000] [id=3820]
  0x0000018123f99800 ConcurrentGCThread "G1 Refine#3" [stack: 0x0000005d47e00000,0x0000005d47f00000] [id=5164]
  0x000001811ed82000 ConcurrentGCThread "G1 Young RemSet Sampling" [stack: 0x0000005d44600000,0x0000005d44700000] [id=12364]

Threads with active compile tasks:
C2 CompilerThread0   3147 4355   !   4       java.util.jar.JarFile$JarFileEntry::getCodeSigners (81 bytes)
C2 CompilerThread1   3147 4354       4       jdk.internal.loader.URLClassPath$JarLoader$2::getCodeSigners (8 bytes)
C2 CompilerThread2   3147 4317       4       org.objectweb.asm.SymbolTable::addConstantMemberReference (147 bytes)

VM state:not at safepoint (normal execution)

VM Mutex/Monitor currently owned by a thread: None

Heap address: 0x00000000a0000000, size: 1536 MB, Compressed Oops mode: 32-bit
Narrow klass base: 0x0000000000000000, Narrow klass shift: 3
Compressed class space size: 1073741824 Address: 0x0000000100000000

Heap:
 garbage-first heap   total 262144K, used 111369K [0x00000000a0000000, 0x0000000100000000)
  region size 1024K, 79 young (80896K), 13 survivors (13312K)
 Metaspace       used 52038K, capacity 53070K, committed 53376K, reserved 1095680K
  class space    used 6599K, capacity 6919K, committed 7040K, reserved 1048576K
Heap Regions: E=young(eden), S=young(survivor), O=old, HS=humongous(starts), HC=humongous(continues), CS=collection set, F=free, A=archive, TAMS=top-at-mark-start (previous, next)
|   0|0x00000000a0000000, 0x00000000a0100000, 0x00000000a0100000|100%|HS|  |TAMS 0x00000000a0100000, 0x00000000a0000000| Complete 
|   1|0x00000000a0100000, 0x00000000a0200000, 0x00000000a0200000|100%|HC|  |TAMS 0x00000000a0200000, 0x00000000a0100000| Complete 
|   2|0x00000000a0200000, 0x00000000a0300000, 0x00000000a0300000|100%|HS|  |TAMS 0x00000000a0300000, 0x00000000a0200000| Complete 
|   3|0x00000000a0300000, 0x00000000a0400000, 0x00000000a0400000|100%|HS|  |TAMS 0x00000000a0400000, 0x00000000a0300000| Complete 
|   4|0x00000000a0400000, 0x00000000a0500000, 0x00000000a0500000|100%|HC|  |TAMS 0x00000000a0500000, 0x00000000a0400000| Complete 
|   5|0x00000000a0500000, 0x00000000a0600000, 0x00000000a0600000|100%| O|  |TAMS 0x00000000a0600000, 0x00000000a0500000| Untracked 
|   6|0x00000000a0600000, 0x00000000a0700000, 0x00000000a0700000|100%| O|  |TAMS 0x00000000a0700000, 0x00000000a0600000| Untracked 
|   7|0x00000000a0700000, 0x00000000a0800000, 0x00000000a0800000|100%|HS|  |TAMS 0x00000000a0800000, 0x00000000a0700000| Complete 
|   8|0x00000000a0800000, 0x00000000a0900000, 0x00000000a0900000|100%|HC|  |TAMS 0x00000000a0900000, 0x00000000a0800000| Complete 
|   9|0x00000000a0900000, 0x00000000a0a00000, 0x00000000a0a00000|100%|HC|  |TAMS 0x00000000a0a00000, 0x00000000a0900000| Complete 
|  10|0x00000000a0a00000, 0x00000000a0b00000, 0x00000000a0b00000|100%|HS|  |TAMS 0x00000000a0b00000, 0x00000000a0a00000| Complete 
|  11|0x00000000a0b00000, 0x00000000a0c00000, 0x00000000a0c00000|100%|HC|  |TAMS 0x00000000a0c00000, 0x00000000a0b00000| Complete 
|  12|0x00000000a0c00000, 0x00000000a0d00000, 0x00000000a0d00000|100%|HC|  |TAMS 0x00000000a0d00000, 0x00000000a0c00000| Complete 
|  13|0x00000000a0d00000, 0x00000000a0e00000, 0x00000000a0e00000|100%|HC|  |TAMS 0x00000000a0e00000, 0x00000000a0d00000| Complete 
|  14|0x00000000a0e00000, 0x00000000a0f00000, 0x00000000a0f00000|100%|HS|  |TAMS 0x00000000a0e00000, 0x00000000a0e00000| Complete 
|  15|0x00000000a0f00000, 0x00000000a1000000, 0x00000000a1000000|100%|HC|  |TAMS 0x00000000a0f00000, 0x00000000a0f00000| Complete 
|  16|0x00000000a1000000, 0x00000000a1100000, 0x00000000a1100000|100%|HC|  |TAMS 0x00000000a1000000, 0x00000000a1000000| Complete 
|  17|0x00000000a1100000, 0x00000000a1200000, 0x00000000a1200000|100%| O|  |TAMS 0x00000000a1200000, 0x00000000a1100000| Untracked 
|  18|0x00000000a1200000, 0x00000000a1300000, 0x00000000a1300000|100%| O|  |TAMS 0x00000000a1300000, 0x00000000a1200000| Untracked 
|  19|0x00000000a1300000, 0x00000000a1400000, 0x00000000a1400000|100%| O|  |TAMS 0x00000000a1400000, 0x00000000a1300000| Untracked 
|  20|0x00000000a1400000, 0x00000000a1500000, 0x00000000a1500000|100%| O|  |TAMS 0x00000000a1500000, 0x00000000a1400000| Untracked 
|  21|0x00000000a1500000, 0x00000000a1600000, 0x00000000a1600000|100%| O|  |TAMS 0x00000000a1600000, 0x00000000a1500000| Untracked 
|  22|0x00000000a1600000, 0x00000000a1700000, 0x00000000a1700000|100%| O|  |TAMS 0x00000000a1700000, 0x00000000a1600000| Untracked 
|  23|0x00000000a1700000, 0x00000000a1800000, 0x00000000a1800000|100%| O|  |TAMS 0x00000000a1800000, 0x00000000a1700000| Untracked 
|  24|0x00000000a1800000, 0x00000000a1900000, 0x00000000a1900000|100%| O|  |TAMS 0x00000000a1900000, 0x00000000a1800000| Untracked 
|  25|0x00000000a1900000, 0x00000000a1a00000, 0x00000000a1a00000|100%| O|  |TAMS 0x00000000a1a00000, 0x00000000a1900000| Untracked 
|  26|0x00000000a1a00000, 0x00000000a1b00000, 0x00000000a1b00000|100%| O|  |TAMS 0x00000000a1a54e00, 0x00000000a1a00000| Untracked 
|  27|0x00000000a1b00000, 0x00000000a1c00000, 0x00000000a1c00000|100%|HS|  |TAMS 0x00000000a1b00000, 0x00000000a1b00000| Complete 
|  28|0x00000000a1c00000, 0x00000000a1d00000, 0x00000000a1d00000|100%|HC|  |TAMS 0x00000000a1c00000, 0x00000000a1c00000| Complete 
|  29|0x00000000a1d00000, 0x00000000a1e00000, 0x00000000a1e00000|100%| O|  |TAMS 0x00000000a1d00000, 0x00000000a1d00000| Untracked 
|  30|0x00000000a1e00000, 0x00000000a1f00000, 0x00000000a1f00000|100%| O|  |TAMS 0x00000000a1e00000, 0x00000000a1e00000| Untracked 
|  31|0x00000000a1f00000, 0x00000000a1fc2600, 0x00000000a2000000| 75%| O|  |TAMS 0x00000000a1f00000, 0x00000000a1f00000| Untracked 
|  32|0x00000000a2000000, 0x00000000a2000000, 0x00000000a2100000|  0%| F|  |TAMS 0x00000000a2000000, 0x00000000a2000000| Untracked 
|  33|0x00000000a2100000, 0x00000000a2100000, 0x00000000a2200000|  0%| F|  |TAMS 0x00000000a2100000, 0x00000000a2100000| Untracked 
|  34|0x00000000a2200000, 0x00000000a2200000, 0x00000000a2300000|  0%| F|  |TAMS 0x00000000a2200000, 0x00000000a2200000| Untracked 
|  35|0x00000000a2300000, 0x00000000a2300000, 0x00000000a2400000|  0%| F|  |TAMS 0x00000000a2300000, 0x00000000a2300000| Untracked 
|  36|0x00000000a2400000, 0x00000000a2400000, 0x00000000a2500000|  0%| F|  |TAMS 0x00000000a2400000, 0x00000000a2400000| Untracked 
|  37|0x00000000a2500000, 0x00000000a2500000, 0x00000000a2600000|  0%| F|  |TAMS 0x00000000a2500000, 0x00000000a2500000| Untracked 
|  38|0x00000000a2600000, 0x00000000a2600000, 0x00000000a2700000|  0%| F|  |TAMS 0x00000000a2600000, 0x00000000a2600000| Untracked 
|  39|0x00000000a2700000, 0x00000000a2700000, 0x00000000a2800000|  0%| F|  |TAMS 0x00000000a2700000, 0x00000000a2700000| Untracked 
|  40|0x00000000a2800000, 0x00000000a2800000, 0x00000000a2900000|  0%| F|  |TAMS 0x00000000a2800000, 0x00000000a2800000| Untracked 
|  41|0x00000000a2900000, 0x00000000a2900000, 0x00000000a2a00000|  0%| F|  |TAMS 0x00000000a2900000, 0x00000000a2900000| Untracked 
|  42|0x00000000a2a00000, 0x00000000a2a00000, 0x00000000a2b00000|  0%| F|  |TAMS 0x00000000a2a00000, 0x00000000a2a00000| Untracked 
|  43|0x00000000a2b00000, 0x00000000a2b00000, 0x00000000a2c00000|  0%| F|  |TAMS 0x00000000a2b00000, 0x00000000a2b00000| Untracked 
|  44|0x00000000a2c00000, 0x00000000a2c00000, 0x00000000a2d00000|  0%| F|  |TAMS 0x00000000a2c00000, 0x00000000a2c00000| Untracked 
|  45|0x00000000a2d00000, 0x00000000a2d00000, 0x00000000a2e00000|  0%| F|  |TAMS 0x00000000a2d00000, 0x00000000a2d00000| Untracked 
|  46|0x00000000a2e00000, 0x00000000a2e00000, 0x00000000a2f00000|  0%| F|  |TAMS 0x00000000a2e00000, 0x00000000a2e00000| Untracked 
|  47|0x00000000a2f00000, 0x00000000a2f00000, 0x00000000a3000000|  0%| F|  |TAMS 0x00000000a2f00000, 0x00000000a2f00000| Untracked 
|  48|0x00000000a3000000, 0x00000000a3000000, 0x00000000a3100000|  0%| F|  |TAMS 0x00000000a3000000, 0x00000000a3000000| Untracked 
|  49|0x00000000a3100000, 0x00000000a3100000, 0x00000000a3200000|  0%| F|  |TAMS 0x00000000a3100000, 0x00000000a3100000| Untracked 
|  50|0x00000000a3200000, 0x00000000a3200000, 0x00000000a3300000|  0%| F|  |TAMS 0x00000000a3200000, 0x00000000a3200000| Untracked 
|  51|0x00000000a3300000, 0x00000000a3300000, 0x00000000a3400000|  0%| F|  |TAMS 0x00000000a3300000, 0x00000000a3300000| Untracked 
|  52|0x00000000a3400000, 0x00000000a3400000, 0x00000000a3500000|  0%| F|  |TAMS 0x00000000a3400000, 0x00000000a3400000| Untracked 
|  53|0x00000000a3500000, 0x00000000a3500000, 0x00000000a3600000|  0%| F|  |TAMS 0x00000000a3500000, 0x00000000a3500000| Untracked 
|  54|0x00000000a3600000, 0x00000000a3600000, 0x00000000a3700000|  0%| F|  |TAMS 0x00000000a3600000, 0x00000000a3600000| Untracked 
|  55|0x00000000a3700000, 0x00000000a3700000, 0x00000000a3800000|  0%| F|  |TAMS 0x00000000a3700000, 0x00000000a3700000| Untracked 
|  56|0x00000000a3800000, 0x00000000a3800000, 0x00000000a3900000|  0%| F|  |TAMS 0x00000000a3800000, 0x00000000a3800000| Untracked 
|  57|0x00000000a3900000, 0x00000000a3900000, 0x00000000a3a00000|  0%| F|  |TAMS 0x00000000a3900000, 0x00000000a3900000| Untracked 
|  58|0x00000000a3a00000, 0x00000000a3a00000, 0x00000000a3b00000|  0%| F|  |TAMS 0x00000000a3a00000, 0x00000000a3a00000| Untracked 
|  59|0x00000000a3b00000, 0x00000000a3b00000, 0x00000000a3c00000|  0%| F|  |TAMS 0x00000000a3b00000, 0x00000000a3b00000| Untracked 
|  60|0x00000000a3c00000, 0x00000000a3c00000, 0x00000000a3d00000|  0%| F|  |TAMS 0x00000000a3c00000, 0x00000000a3c00000| Untracked 
|  61|0x00000000a3d00000, 0x00000000a3d00000, 0x00000000a3e00000|  0%| F|  |TAMS 0x00000000a3d00000, 0x00000000a3d00000| Untracked 
|  62|0x00000000a3e00000, 0x00000000a3e00000, 0x00000000a3f00000|  0%| F|  |TAMS 0x00000000a3e00000, 0x00000000a3e00000| Untracked 
|  63|0x00000000a3f00000, 0x00000000a3f00000, 0x00000000a4000000|  0%| F|  |TAMS 0x00000000a3f00000, 0x00000000a3f00000| Untracked 
|  64|0x00000000a4000000, 0x00000000a4000000, 0x00000000a4100000|  0%| F|  |TAMS 0x00000000a4000000, 0x00000000a4000000| Untracked 
|  65|0x00000000a4100000, 0x00000000a4100000, 0x00000000a4200000|  0%| F|  |TAMS 0x00000000a4100000, 0x00000000a4100000| Untracked 
|  66|0x00000000a4200000, 0x00000000a4200000, 0x00000000a4300000|  0%| F|  |TAMS 0x00000000a4200000, 0x00000000a4200000| Untracked 
|  67|0x00000000a4300000, 0x00000000a4300000, 0x00000000a4400000|  0%| F|  |TAMS 0x00000000a4300000, 0x00000000a4300000| Untracked 
|  68|0x00000000a4400000, 0x00000000a4400000, 0x00000000a4500000|  0%| F|  |TAMS 0x00000000a4400000, 0x00000000a4400000| Untracked 
|  69|0x00000000a4500000, 0x00000000a4500000, 0x00000000a4600000|  0%| F|  |TAMS 0x00000000a4500000, 0x00000000a4500000| Untracked 
|  70|0x00000000a4600000, 0x00000000a4600000, 0x00000000a4700000|  0%| F|  |TAMS 0x00000000a4600000, 0x00000000a4600000| Untracked 
|  71|0x00000000a4700000, 0x00000000a4700000, 0x00000000a4800000|  0%| F|  |TAMS 0x00000000a4700000, 0x00000000a4700000| Untracked 
|  72|0x00000000a4800000, 0x00000000a4800000, 0x00000000a4900000|  0%| F|  |TAMS 0x00000000a4800000, 0x00000000a4800000| Untracked 
|  73|0x00000000a4900000, 0x00000000a4900000, 0x00000000a4a00000|  0%| F|  |TAMS 0x00000000a4900000, 0x00000000a4900000| Untracked 
|  74|0x00000000a4a00000, 0x00000000a4a00000, 0x00000000a4b00000|  0%| F|  |TAMS 0x00000000a4a00000, 0x00000000a4a00000| Untracked 
|  75|0x00000000a4b00000, 0x00000000a4b00000, 0x00000000a4c00000|  0%| F|  |TAMS 0x00000000a4b00000, 0x00000000a4b00000| Untracked 
|  76|0x00000000a4c00000, 0x00000000a4c00000, 0x00000000a4d00000|  0%| F|  |TAMS 0x00000000a4c00000, 0x00000000a4c00000| Untracked 
|  77|0x00000000a4d00000, 0x00000000a4d00000, 0x00000000a4e00000|  0%| F|  |TAMS 0x00000000a4d00000, 0x00000000a4d00000| Untracked 
|  78|0x00000000a4e00000, 0x00000000a4e00000, 0x00000000a4f00000|  0%| F|  |TAMS 0x00000000a4e00000, 0x00000000a4e00000| Untracked 
|  79|0x00000000a4f00000, 0x00000000a4f00000, 0x00000000a5000000|  0%| F|  |TAMS 0x00000000a4f00000, 0x00000000a4f00000| Untracked 
|  80|0x00000000a5000000, 0x00000000a5000000, 0x00000000a5100000|  0%| F|  |TAMS 0x00000000a5000000, 0x00000000a5000000| Untracked 
|  81|0x00000000a5100000, 0x00000000a5100000, 0x00000000a5200000|  0%| F|  |TAMS 0x00000000a5100000, 0x00000000a5100000| Untracked 
|  82|0x00000000a5200000, 0x00000000a5200000, 0x00000000a5300000|  0%| F|  |TAMS 0x00000000a5200000, 0x00000000a5200000| Untracked 
|  83|0x00000000a5300000, 0x00000000a5300000, 0x00000000a5400000|  0%| F|  |TAMS 0x00000000a5300000, 0x00000000a5300000| Untracked 
|  84|0x00000000a5400000, 0x00000000a5400000, 0x00000000a5500000|  0%| F|  |TAMS 0x00000000a5400000, 0x00000000a5400000| Untracked 
|  85|0x00000000a5500000, 0x00000000a5500000, 0x00000000a5600000|  0%| F|  |TAMS 0x00000000a5500000, 0x00000000a5500000| Untracked 
|  86|0x00000000a5600000, 0x00000000a5600000, 0x00000000a5700000|  0%| F|  |TAMS 0x00000000a5600000, 0x00000000a5600000| Untracked 
|  87|0x00000000a5700000, 0x00000000a5700000, 0x00000000a5800000|  0%| F|  |TAMS 0x00000000a5700000, 0x00000000a5700000| Untracked 
|  88|0x00000000a5800000, 0x00000000a5800000, 0x00000000a5900000|  0%| F|  |TAMS 0x00000000a5800000, 0x00000000a5800000| Untracked 
|  89|0x00000000a5900000, 0x00000000a5900000, 0x00000000a5a00000|  0%| F|  |TAMS 0x00000000a5900000, 0x00000000a5900000| Untracked 
|  90|0x00000000a5a00000, 0x00000000a5a00000, 0x00000000a5b00000|  0%| F|  |TAMS 0x00000000a5a00000, 0x00000000a5a00000| Untracked 
|  91|0x00000000a5b00000, 0x00000000a5b00000, 0x00000000a5c00000|  0%| F|  |TAMS 0x00000000a5b00000, 0x00000000a5b00000| Untracked 
|  92|0x00000000a5c00000, 0x00000000a5c00000, 0x00000000a5d00000|  0%| F|  |TAMS 0x00000000a5c00000, 0x00000000a5c00000| Untracked 
|  93|0x00000000a5d00000, 0x00000000a5d00000, 0x00000000a5e00000|  0%| F|  |TAMS 0x00000000a5d00000, 0x00000000a5d00000| Untracked 
|  94|0x00000000a5e00000, 0x00000000a5e00000, 0x00000000a5f00000|  0%| F|  |TAMS 0x00000000a5e00000, 0x00000000a5e00000| Untracked 
|  95|0x00000000a5f00000, 0x00000000a5f00000, 0x00000000a6000000|  0%| F|  |TAMS 0x00000000a5f00000, 0x00000000a5f00000| Untracked 
|  96|0x00000000a6000000, 0x00000000a6000000, 0x00000000a6100000|  0%| F|  |TAMS 0x00000000a6000000, 0x00000000a6000000| Untracked 
|  97|0x00000000a6100000, 0x00000000a6100000, 0x00000000a6200000|  0%| F|  |TAMS 0x00000000a6100000, 0x00000000a6100000| Untracked 
|  98|0x00000000a6200000, 0x00000000a6200000, 0x00000000a6300000|  0%| F|  |TAMS 0x00000000a6200000, 0x00000000a6200000| Untracked 
|  99|0x00000000a6300000, 0x00000000a6300000, 0x00000000a6400000|  0%| F|  |TAMS 0x00000000a6300000, 0x00000000a6300000| Untracked 
| 100|0x00000000a6400000, 0x00000000a6400000, 0x00000000a6500000|  0%| F|  |TAMS 0x00000000a6400000, 0x00000000a6400000| Untracked 
| 101|0x00000000a6500000, 0x00000000a6500000, 0x00000000a6600000|  0%| F|  |TAMS 0x00000000a6500000, 0x00000000a6500000| Untracked 
| 102|0x00000000a6600000, 0x00000000a6600000, 0x00000000a6700000|  0%| F|  |TAMS 0x00000000a6600000, 0x00000000a6600000| Untracked 
| 103|0x00000000a6700000, 0x00000000a6700000, 0x00000000a6800000|  0%| F|  |TAMS 0x00000000a6700000, 0x00000000a6700000| Untracked 
| 104|0x00000000a6800000, 0x00000000a6800000, 0x00000000a6900000|  0%| F|  |TAMS 0x00000000a6800000, 0x00000000a6800000| Untracked 
| 105|0x00000000a6900000, 0x00000000a6900000, 0x00000000a6a00000|  0%| F|  |TAMS 0x00000000a6900000, 0x00000000a6900000| Untracked 
| 106|0x00000000a6a00000, 0x00000000a6a00000, 0x00000000a6b00000|  0%| F|  |TAMS 0x00000000a6a00000, 0x00000000a6a00000| Untracked 
| 107|0x00000000a6b00000, 0x00000000a6b00000, 0x00000000a6c00000|  0%| F|  |TAMS 0x00000000a6b00000, 0x00000000a6b00000| Untracked 
| 108|0x00000000a6c00000, 0x00000000a6c00000, 0x00000000a6d00000|  0%| F|  |TAMS 0x00000000a6c00000, 0x00000000a6c00000| Untracked 
| 109|0x00000000a6d00000, 0x00000000a6d00000, 0x00000000a6e00000|  0%| F|  |TAMS 0x00000000a6d00000, 0x00000000a6d00000| Untracked 
| 110|0x00000000a6e00000, 0x00000000a6e00000, 0x00000000a6f00000|  0%| F|  |TAMS 0x00000000a6e00000, 0x00000000a6e00000| Untracked 
| 111|0x00000000a6f00000, 0x00000000a6f00000, 0x00000000a7000000|  0%| F|  |TAMS 0x00000000a6f00000, 0x00000000a6f00000| Untracked 
| 112|0x00000000a7000000, 0x00000000a7000000, 0x00000000a7100000|  0%| F|  |TAMS 0x00000000a7000000, 0x00000000a7000000| Untracked 
| 113|0x00000000a7100000, 0x00000000a7100000, 0x00000000a7200000|  0%| F|  |TAMS 0x00000000a7100000, 0x00000000a7100000| Untracked 
| 114|0x00000000a7200000, 0x00000000a7200000, 0x00000000a7300000|  0%| F|  |TAMS 0x00000000a7200000, 0x00000000a7200000| Untracked 
| 115|0x00000000a7300000, 0x00000000a7300000, 0x00000000a7400000|  0%| F|  |TAMS 0x00000000a7300000, 0x00000000a7300000| Untracked 
| 116|0x00000000a7400000, 0x00000000a7400000, 0x00000000a7500000|  0%| F|  |TAMS 0x00000000a7400000, 0x00000000a7400000| Untracked 
| 117|0x00000000a7500000, 0x00000000a7500000, 0x00000000a7600000|  0%| F|  |TAMS 0x00000000a7500000, 0x00000000a7500000| Untracked 
| 118|0x00000000a7600000, 0x00000000a7600000, 0x00000000a7700000|  0%| F|  |TAMS 0x00000000a7600000, 0x00000000a7600000| Untracked 
| 119|0x00000000a7700000, 0x00000000a7700000, 0x00000000a7800000|  0%| F|  |TAMS 0x00000000a7700000, 0x00000000a7700000| Untracked 
| 120|0x00000000a7800000, 0x00000000a7800000, 0x00000000a7900000|  0%| F|  |TAMS 0x00000000a7800000, 0x00000000a7800000| Untracked 
| 121|0x00000000a7900000, 0x00000000a7900000, 0x00000000a7a00000|  0%| F|  |TAMS 0x00000000a7900000, 0x00000000a7900000| Untracked 
| 122|0x00000000a7a00000, 0x00000000a7a00000, 0x00000000a7b00000|  0%| F|  |TAMS 0x00000000a7a00000, 0x00000000a7a00000| Untracked 
| 123|0x00000000a7b00000, 0x00000000a7b00000, 0x00000000a7c00000|  0%| F|  |TAMS 0x00000000a7b00000, 0x00000000a7b00000| Untracked 
| 124|0x00000000a7c00000, 0x00000000a7c00000, 0x00000000a7d00000|  0%| F|  |TAMS 0x00000000a7c00000, 0x00000000a7c00000| Untracked 
| 125|0x00000000a7d00000, 0x00000000a7d00000, 0x00000000a7e00000|  0%| F|  |TAMS 0x00000000a7d00000, 0x00000000a7d00000| Untracked 
| 126|0x00000000a7e00000, 0x00000000a7e00000, 0x00000000a7f00000|  0%| F|  |TAMS 0x00000000a7e00000, 0x00000000a7e00000| Untracked 
| 127|0x00000000a7f00000, 0x00000000a7f00000, 0x00000000a8000000|  0%| F|  |TAMS 0x00000000a7f00000, 0x00000000a7f00000| Untracked 
| 128|0x00000000a8000000, 0x00000000a8000000, 0x00000000a8100000|  0%| F|  |TAMS 0x00000000a8000000, 0x00000000a8000000| Untracked 
| 129|0x00000000a8100000, 0x00000000a8100000, 0x00000000a8200000|  0%| F|  |TAMS 0x00000000a8100000, 0x00000000a8100000| Untracked 
| 130|0x00000000a8200000, 0x00000000a8200000, 0x00000000a8300000|  0%| F|  |TAMS 0x00000000a8200000, 0x00000000a8200000| Untracked 
| 131|0x00000000a8300000, 0x00000000a8300000, 0x00000000a8400000|  0%| F|  |TAMS 0x00000000a8300000, 0x00000000a8300000| Untracked 
| 132|0x00000000a8400000, 0x00000000a8400000, 0x00000000a8500000|  0%| F|  |TAMS 0x00000000a8400000, 0x00000000a8400000| Untracked 
| 133|0x00000000a8500000, 0x00000000a8500000, 0x00000000a8600000|  0%| F|  |TAMS 0x00000000a8500000, 0x00000000a8500000| Untracked 
| 134|0x00000000a8600000, 0x00000000a8600000, 0x00000000a8700000|  0%| F|  |TAMS 0x00000000a8600000, 0x00000000a8600000| Untracked 
| 135|0x00000000a8700000, 0x00000000a8700000, 0x00000000a8800000|  0%| F|  |TAMS 0x00000000a8700000, 0x00000000a8700000| Untracked 
| 136|0x00000000a8800000, 0x00000000a8800000, 0x00000000a8900000|  0%| F|  |TAMS 0x00000000a8800000, 0x00000000a8800000| Untracked 
| 137|0x00000000a8900000, 0x00000000a8900000, 0x00000000a8a00000|  0%| F|  |TAMS 0x00000000a8900000, 0x00000000a8900000| Untracked 
| 138|0x00000000a8a00000, 0x00000000a8a00000, 0x00000000a8b00000|  0%| F|  |TAMS 0x00000000a8a00000, 0x00000000a8a00000| Untracked 
| 139|0x00000000a8b00000, 0x00000000a8c00000, 0x00000000a8c00000|100%| S|CS|TAMS 0x00000000a8b00000, 0x00000000a8b00000| Complete 
| 140|0x00000000a8c00000, 0x00000000a8d00000, 0x00000000a8d00000|100%| S|CS|TAMS 0x00000000a8c00000, 0x00000000a8c00000| Complete 
| 141|0x00000000a8d00000, 0x00000000a8e00000, 0x00000000a8e00000|100%| S|CS|TAMS 0x00000000a8d00000, 0x00000000a8d00000| Complete 
| 142|0x00000000a8e00000, 0x00000000a8f00000, 0x00000000a8f00000|100%| S|CS|TAMS 0x00000000a8e00000, 0x00000000a8e00000| Complete 
| 143|0x00000000a8f00000, 0x00000000a9000000, 0x00000000a9000000|100%| S|CS|TAMS 0x00000000a8f00000, 0x00000000a8f00000| Complete 
| 144|0x00000000a9000000, 0x00000000a9100000, 0x00000000a9100000|100%| S|CS|TAMS 0x00000000a9000000, 0x00000000a9000000| Complete 
| 145|0x00000000a9100000, 0x00000000a9200000, 0x00000000a9200000|100%| S|CS|TAMS 0x00000000a9100000, 0x00000000a9100000| Complete 
| 146|0x00000000a9200000, 0x00000000a9300000, 0x00000000a9300000|100%| S|CS|TAMS 0x00000000a9200000, 0x00000000a9200000| Complete 
| 147|0x00000000a9300000, 0x00000000a9400000, 0x00000000a9400000|100%| S|CS|TAMS 0x00000000a9300000, 0x00000000a9300000| Complete 
| 148|0x00000000a9400000, 0x00000000a9500000, 0x00000000a9500000|100%| S|CS|TAMS 0x00000000a9400000, 0x00000000a9400000| Complete 
| 149|0x00000000a9500000, 0x00000000a9600000, 0x00000000a9600000|100%| S|CS|TAMS 0x00000000a9500000, 0x00000000a9500000| Complete 
| 150|0x00000000a9600000, 0x00000000a9700000, 0x00000000a9700000|100%| S|CS|TAMS 0x00000000a9600000, 0x00000000a9600000| Complete 
| 151|0x00000000a9700000, 0x00000000a9800000, 0x00000000a9800000|100%| S|CS|TAMS 0x00000000a9700000, 0x00000000a9700000| Complete 
| 152|0x00000000a9800000, 0x00000000a9800000, 0x00000000a9900000|  0%| F|  |TAMS 0x00000000a9800000, 0x00000000a9800000| Untracked 
| 153|0x00000000a9900000, 0x00000000a9900000, 0x00000000a9a00000|  0%| F|  |TAMS 0x00000000a9900000, 0x00000000a9900000| Untracked 
| 154|0x00000000a9a00000, 0x00000000a9a00000, 0x00000000a9b00000|  0%| F|  |TAMS 0x00000000a9a00000, 0x00000000a9a00000| Untracked 
| 155|0x00000000a9b00000, 0x00000000a9b00000, 0x00000000a9c00000|  0%| F|  |TAMS 0x00000000a9b00000, 0x00000000a9b00000| Untracked 
| 156|0x00000000a9c00000, 0x00000000a9c00000, 0x00000000a9d00000|  0%| F|  |TAMS 0x00000000a9c00000, 0x00000000a9c00000| Untracked 
| 157|0x00000000a9d00000, 0x00000000a9d00000, 0x00000000a9e00000|  0%| F|  |TAMS 0x00000000a9d00000, 0x00000000a9d00000| Untracked 
| 158|0x00000000a9e00000, 0x00000000a9e00000, 0x00000000a9f00000|  0%| F|  |TAMS 0x00000000a9e00000, 0x00000000a9e00000| Untracked 
| 159|0x00000000a9f00000, 0x00000000a9f00000, 0x00000000aa000000|  0%| F|  |TAMS 0x00000000a9f00000, 0x00000000a9f00000| Untracked 
| 160|0x00000000aa000000, 0x00000000aa000000, 0x00000000aa100000|  0%| F|  |TAMS 0x00000000aa000000, 0x00000000aa000000| Untracked 
| 161|0x00000000aa100000, 0x00000000aa100000, 0x00000000aa200000|  0%| F|  |TAMS 0x00000000aa100000, 0x00000000aa100000| Untracked 
| 162|0x00000000aa200000, 0x00000000aa200000, 0x00000000aa300000|  0%| F|  |TAMS 0x00000000aa200000, 0x00000000aa200000| Untracked 
| 163|0x00000000aa300000, 0x00000000aa300000, 0x00000000aa400000|  0%| F|  |TAMS 0x00000000aa300000, 0x00000000aa300000| Untracked 
| 164|0x00000000aa400000, 0x00000000aa400000, 0x00000000aa500000|  0%| F|  |TAMS 0x00000000aa400000, 0x00000000aa400000| Untracked 
| 165|0x00000000aa500000, 0x00000000aa500000, 0x00000000aa600000|  0%| F|  |TAMS 0x00000000aa500000, 0x00000000aa500000| Untracked 
| 166|0x00000000aa600000, 0x00000000aa600000, 0x00000000aa700000|  0%| F|  |TAMS 0x00000000aa600000, 0x00000000aa600000| Untracked 
| 167|0x00000000aa700000, 0x00000000aa700000, 0x00000000aa800000|  0%| F|  |TAMS 0x00000000aa700000, 0x00000000aa700000| Untracked 
| 168|0x00000000aa800000, 0x00000000aa800000, 0x00000000aa900000|  0%| F|  |TAMS 0x00000000aa800000, 0x00000000aa800000| Untracked 
| 169|0x00000000aa900000, 0x00000000aa900000, 0x00000000aaa00000|  0%| F|  |TAMS 0x00000000aa900000, 0x00000000aa900000| Untracked 
| 170|0x00000000aaa00000, 0x00000000aaa00000, 0x00000000aab00000|  0%| F|  |TAMS 0x00000000aaa00000, 0x00000000aaa00000| Untracked 
| 171|0x00000000aab00000, 0x00000000aab00000, 0x00000000aac00000|  0%| F|  |TAMS 0x00000000aab00000, 0x00000000aab00000| Untracked 
| 172|0x00000000aac00000, 0x00000000aac00000, 0x00000000aad00000|  0%| F|  |TAMS 0x00000000aac00000, 0x00000000aac00000| Untracked 
| 173|0x00000000aad00000, 0x00000000aad00000, 0x00000000aae00000|  0%| F|  |TAMS 0x00000000aad00000, 0x00000000aad00000| Untracked 
| 174|0x00000000aae00000, 0x00000000aae00000, 0x00000000aaf00000|  0%| F|  |TAMS 0x00000000aae00000, 0x00000000aae00000| Untracked 
| 175|0x00000000aaf00000, 0x00000000aaf00000, 0x00000000ab000000|  0%| F|  |TAMS 0x00000000aaf00000, 0x00000000aaf00000| Untracked 
| 176|0x00000000ab000000, 0x00000000ab000000, 0x00000000ab100000|  0%| F|  |TAMS 0x00000000ab000000, 0x00000000ab000000| Untracked 
| 177|0x00000000ab100000, 0x00000000ab100000, 0x00000000ab200000|  0%| F|  |TAMS 0x00000000ab100000, 0x00000000ab100000| Untracked 
| 178|0x00000000ab200000, 0x00000000ab200000, 0x00000000ab300000|  0%| F|  |TAMS 0x00000000ab200000, 0x00000000ab200000| Untracked 
| 179|0x00000000ab300000, 0x00000000ab300000, 0x00000000ab400000|  0%| F|  |TAMS 0x00000000ab300000, 0x00000000ab300000| Untracked 
| 180|0x00000000ab400000, 0x00000000ab400000, 0x00000000ab500000|  0%| F|  |TAMS 0x00000000ab400000, 0x00000000ab400000| Untracked 
| 181|0x00000000ab500000, 0x00000000ab500000, 0x00000000ab600000|  0%| F|  |TAMS 0x00000000ab500000, 0x00000000ab500000| Untracked 
| 182|0x00000000ab600000, 0x00000000ab600000, 0x00000000ab700000|  0%| F|  |TAMS 0x00000000ab600000, 0x00000000ab600000| Untracked 
| 183|0x00000000ab700000, 0x00000000ab700000, 0x00000000ab800000|  0%| F|  |TAMS 0x00000000ab700000, 0x00000000ab700000| Untracked 
| 184|0x00000000ab800000, 0x00000000ab800000, 0x00000000ab900000|  0%| F|  |TAMS 0x00000000ab800000, 0x00000000ab800000| Untracked 
| 185|0x00000000ab900000, 0x00000000ab900000, 0x00000000aba00000|  0%| F|  |TAMS 0x00000000ab900000, 0x00000000ab900000| Untracked 
| 186|0x00000000aba00000, 0x00000000aba00000, 0x00000000abb00000|  0%| F|  |TAMS 0x00000000aba00000, 0x00000000aba00000| Untracked 
| 187|0x00000000abb00000, 0x00000000abb00000, 0x00000000abc00000|  0%| F|  |TAMS 0x00000000abb00000, 0x00000000abb00000| Untracked 
| 188|0x00000000abc00000, 0x00000000abc00000, 0x00000000abd00000|  0%| F|  |TAMS 0x00000000abc00000, 0x00000000abc00000| Untracked 
| 189|0x00000000abd00000, 0x00000000abd00000, 0x00000000abe00000|  0%| F|  |TAMS 0x00000000abd00000, 0x00000000abd00000| Untracked 
| 190|0x00000000abe00000, 0x00000000abf00000, 0x00000000abf00000|100%| E|  |TAMS 0x00000000abe00000, 0x00000000abe00000| Complete 
| 191|0x00000000abf00000, 0x00000000ac000000, 0x00000000ac000000|100%| E|CS|TAMS 0x00000000abf00000, 0x00000000abf00000| Complete 
| 192|0x00000000ac000000, 0x00000000ac100000, 0x00000000ac100000|100%| E|CS|TAMS 0x00000000ac000000, 0x00000000ac000000| Complete 
| 193|0x00000000ac100000, 0x00000000ac200000, 0x00000000ac200000|100%| E|CS|TAMS 0x00000000ac100000, 0x00000000ac100000| Complete 
| 194|0x00000000ac200000, 0x00000000ac300000, 0x00000000ac300000|100%| E|CS|TAMS 0x00000000ac200000, 0x00000000ac200000| Complete 
| 195|0x00000000ac300000, 0x00000000ac400000, 0x00000000ac400000|100%| E|CS|TAMS 0x00000000ac300000, 0x00000000ac300000| Complete 
| 196|0x00000000ac400000, 0x00000000ac500000, 0x00000000ac500000|100%| E|CS|TAMS 0x00000000ac400000, 0x00000000ac400000| Complete 
| 197|0x00000000ac500000, 0x00000000ac600000, 0x00000000ac600000|100%| E|CS|TAMS 0x00000000ac500000, 0x00000000ac500000| Complete 
| 198|0x00000000ac600000, 0x00000000ac700000, 0x00000000ac700000|100%| E|CS|TAMS 0x00000000ac600000, 0x00000000ac600000| Complete 
| 199|0x00000000ac700000, 0x00000000ac800000, 0x00000000ac800000|100%| E|CS|TAMS 0x00000000ac700000, 0x00000000ac700000| Complete 
| 200|0x00000000ac800000, 0x00000000ac900000, 0x00000000ac900000|100%| E|CS|TAMS 0x00000000ac800000, 0x00000000ac800000| Complete 
| 201|0x00000000ac900000, 0x00000000aca00000, 0x00000000aca00000|100%| E|CS|TAMS 0x00000000ac900000, 0x00000000ac900000| Complete 
| 202|0x00000000aca00000, 0x00000000acb00000, 0x00000000acb00000|100%| E|CS|TAMS 0x00000000aca00000, 0x00000000aca00000| Complete 
| 203|0x00000000acb00000, 0x00000000acc00000, 0x00000000acc00000|100%| E|CS|TAMS 0x00000000acb00000, 0x00000000acb00000| Complete 
| 204|0x00000000acc00000, 0x00000000acd00000, 0x00000000acd00000|100%| E|CS|TAMS 0x00000000acc00000, 0x00000000acc00000| Complete 
| 205|0x00000000acd00000, 0x00000000ace00000, 0x00000000ace00000|100%| E|CS|TAMS 0x00000000acd00000, 0x00000000acd00000| Complete 
| 206|0x00000000ace00000, 0x00000000acf00000, 0x00000000acf00000|100%| E|CS|TAMS 0x00000000ace00000, 0x00000000ace00000| Complete 
| 207|0x00000000acf00000, 0x00000000ad000000, 0x00000000ad000000|100%| E|CS|TAMS 0x00000000acf00000, 0x00000000acf00000| Complete 
| 208|0x00000000ad000000, 0x00000000ad100000, 0x00000000ad100000|100%| E|  |TAMS 0x00000000ad000000, 0x00000000ad000000| Complete 
| 209|0x00000000ad100000, 0x00000000ad200000, 0x00000000ad200000|100%| E|CS|TAMS 0x00000000ad100000, 0x00000000ad100000| Complete 
| 210|0x00000000ad200000, 0x00000000ad300000, 0x00000000ad300000|100%| E|CS|TAMS 0x00000000ad200000, 0x00000000ad200000| Complete 
| 211|0x00000000ad300000, 0x00000000ad400000, 0x00000000ad400000|100%| E|CS|TAMS 0x00000000ad300000, 0x00000000ad300000| Complete 
| 212|0x00000000ad400000, 0x00000000ad500000, 0x00000000ad500000|100%| E|CS|TAMS 0x00000000ad400000, 0x00000000ad400000| Complete 
| 213|0x00000000ad500000, 0x00000000ad600000, 0x00000000ad600000|100%| E|CS|TAMS 0x00000000ad500000, 0x00000000ad500000| Complete 
| 214|0x00000000ad600000, 0x00000000ad700000, 0x00000000ad700000|100%| E|CS|TAMS 0x00000000ad600000, 0x00000000ad600000| Complete 
| 215|0x00000000ad700000, 0x00000000ad800000, 0x00000000ad800000|100%| E|CS|TAMS 0x00000000ad700000, 0x00000000ad700000| Complete 
| 216|0x00000000ad800000, 0x00000000ad900000, 0x00000000ad900000|100%| E|CS|TAMS 0x00000000ad800000, 0x00000000ad800000| Complete 
| 217|0x00000000ad900000, 0x00000000ada00000, 0x00000000ada00000|100%| E|CS|TAMS 0x00000000ad900000, 0x00000000ad900000| Complete 
| 218|0x00000000ada00000, 0x00000000adb00000, 0x00000000adb00000|100%| E|CS|TAMS 0x00000000ada00000, 0x00000000ada00000| Complete 
| 219|0x00000000adb00000, 0x00000000adc00000, 0x00000000adc00000|100%| E|CS|TAMS 0x00000000adb00000, 0x00000000adb00000| Complete 
| 220|0x00000000adc00000, 0x00000000add00000, 0x00000000add00000|100%| E|CS|TAMS 0x00000000adc00000, 0x00000000adc00000| Complete 
| 221|0x00000000add00000, 0x00000000ade00000, 0x00000000ade00000|100%| E|CS|TAMS 0x00000000add00000, 0x00000000add00000| Complete 
| 222|0x00000000ade00000, 0x00000000adf00000, 0x00000000adf00000|100%| E|CS|TAMS 0x00000000ade00000, 0x00000000ade00000| Complete 
| 223|0x00000000adf00000, 0x00000000ae000000, 0x00000000ae000000|100%| E|CS|TAMS 0x00000000adf00000, 0x00000000adf00000| Complete 
| 224|0x00000000ae000000, 0x00000000ae100000, 0x00000000ae100000|100%| E|CS|TAMS 0x00000000ae000000, 0x00000000ae000000| Complete 
| 225|0x00000000ae100000, 0x00000000ae200000, 0x00000000ae200000|100%| E|CS|TAMS 0x00000000ae100000, 0x00000000ae100000| Complete 
| 226|0x00000000ae200000, 0x00000000ae300000, 0x00000000ae300000|100%| E|CS|TAMS 0x00000000ae200000, 0x00000000ae200000| Complete 
| 227|0x00000000ae300000, 0x00000000ae400000, 0x00000000ae400000|100%| E|CS|TAMS 0x00000000ae300000, 0x00000000ae300000| Complete 
| 228|0x00000000ae400000, 0x00000000ae500000, 0x00000000ae500000|100%| E|CS|TAMS 0x00000000ae400000, 0x00000000ae400000| Complete 
| 229|0x00000000ae500000, 0x00000000ae600000, 0x00000000ae600000|100%| E|CS|TAMS 0x00000000ae500000, 0x00000000ae500000| Complete 
| 230|0x00000000ae600000, 0x00000000ae700000, 0x00000000ae700000|100%| E|CS|TAMS 0x00000000ae600000, 0x00000000ae600000| Complete 
| 231|0x00000000ae700000, 0x00000000ae800000, 0x00000000ae800000|100%| E|CS|TAMS 0x00000000ae700000, 0x00000000ae700000| Complete 
| 232|0x00000000ae800000, 0x00000000ae900000, 0x00000000ae900000|100%| E|CS|TAMS 0x00000000ae800000, 0x00000000ae800000| Complete 
| 233|0x00000000ae900000, 0x00000000aea00000, 0x00000000aea00000|100%| E|CS|TAMS 0x00000000ae900000, 0x00000000ae900000| Complete 
| 234|0x00000000aea00000, 0x00000000aeb00000, 0x00000000aeb00000|100%| E|CS|TAMS 0x00000000aea00000, 0x00000000aea00000| Complete 
| 235|0x00000000aeb00000, 0x00000000aec00000, 0x00000000aec00000|100%| E|CS|TAMS 0x00000000aeb00000, 0x00000000aeb00000| Complete 
| 236|0x00000000aec00000, 0x00000000aed00000, 0x00000000aed00000|100%| E|CS|TAMS 0x00000000aec00000, 0x00000000aec00000| Complete 
| 237|0x00000000aed00000, 0x00000000aee00000, 0x00000000aee00000|100%| E|CS|TAMS 0x00000000aed00000, 0x00000000aed00000| Complete 
| 238|0x00000000aee00000, 0x00000000aef00000, 0x00000000aef00000|100%| E|CS|TAMS 0x00000000aee00000, 0x00000000aee00000| Complete 
| 239|0x00000000aef00000, 0x00000000af000000, 0x00000000af000000|100%| E|CS|TAMS 0x00000000aef00000, 0x00000000aef00000| Complete 
| 240|0x00000000af000000, 0x00000000af100000, 0x00000000af100000|100%| E|CS|TAMS 0x00000000af000000, 0x00000000af000000| Complete 
| 241|0x00000000af100000, 0x00000000af200000, 0x00000000af200000|100%| E|CS|TAMS 0x00000000af100000, 0x00000000af100000| Complete 
| 242|0x00000000af200000, 0x00000000af300000, 0x00000000af300000|100%| E|CS|TAMS 0x00000000af200000, 0x00000000af200000| Complete 
| 243|0x00000000af300000, 0x00000000af400000, 0x00000000af400000|100%| E|CS|TAMS 0x00000000af300000, 0x00000000af300000| Complete 
| 244|0x00000000af400000, 0x00000000af500000, 0x00000000af500000|100%| E|CS|TAMS 0x00000000af400000, 0x00000000af400000| Complete 
| 245|0x00000000af500000, 0x00000000af600000, 0x00000000af600000|100%| E|CS|TAMS 0x00000000af500000, 0x00000000af500000| Complete 
| 246|0x00000000af600000, 0x00000000af700000, 0x00000000af700000|100%| E|CS|TAMS 0x00000000af600000, 0x00000000af600000| Complete 
| 247|0x00000000af700000, 0x00000000af800000, 0x00000000af800000|100%| E|CS|TAMS 0x00000000af700000, 0x00000000af700000| Complete 
| 248|0x00000000af800000, 0x00000000af900000, 0x00000000af900000|100%| E|CS|TAMS 0x00000000af800000, 0x00000000af800000| Complete 
| 249|0x00000000af900000, 0x00000000afa00000, 0x00000000afa00000|100%| E|CS|TAMS 0x00000000af900000, 0x00000000af900000| Complete 
| 250|0x00000000afa00000, 0x00000000afb00000, 0x00000000afb00000|100%| E|CS|TAMS 0x00000000afa00000, 0x00000000afa00000| Complete 
| 251|0x00000000afb00000, 0x00000000afc00000, 0x00000000afc00000|100%| E|CS|TAMS 0x00000000afb00000, 0x00000000afb00000| Complete 
| 252|0x00000000afc00000, 0x00000000afd00000, 0x00000000afd00000|100%| E|CS|TAMS 0x00000000afc00000, 0x00000000afc00000| Complete 
| 253|0x00000000afd00000, 0x00000000afe00000, 0x00000000afe00000|100%| E|CS|TAMS 0x00000000afd00000, 0x00000000afd00000| Complete 
| 254|0x00000000afe00000, 0x00000000aff00000, 0x00000000aff00000|100%| E|CS|TAMS 0x00000000afe00000, 0x00000000afe00000| Complete 
| 255|0x00000000aff00000, 0x00000000b0000000, 0x00000000b0000000|100%| E|CS|TAMS 0x00000000aff00000, 0x00000000aff00000| Complete 

Card table byte_map: [0x0000018118c60000,0x0000018118f60000] _byte_map_base: 0x0000018118760000

Marking Bits (Prev, Next): (CMBitMap*) 0x0000018105944a88, (CMBitMap*) 0x0000018105944ac0
 Prev Bits: [0x0000018119260000, 0x000001811aa60000)
 Next Bits: [0x000001811aa60000, 0x000001811c260000)

Polling page: 0x00000181036f0000

Metaspace:

Usage:
  Non-class:     45.19 MB capacity,    44.49 MB ( 98%) used,   641.34 KB (  1%) free+waste,    83.50 KB ( <1%) overhead. 
      Class:      6.79 MB capacity,     6.46 MB ( 95%) used,   303.00 KB (  4%) free+waste,    37.63 KB ( <1%) overhead. 
       Both:     51.98 MB capacity,    50.94 MB ( 98%) used,   944.34 KB (  2%) free+waste,   121.13 KB ( <1%) overhead. 

Virtual space:
  Non-class space:       46.00 MB reserved,      45.25 MB ( 98%) committed 
      Class space:        1.00 GB reserved,       6.88 MB ( <1%) committed 
             Both:        1.04 GB reserved,      52.13 MB (  5%) committed 

Chunk freelists:
   Non-Class:  57.00 KB
       Class:  25.00 KB
        Both:  82.00 KB

MaxMetaspaceSize: 17179869184.00 GB
CompressedClassSpaceSize: 1.00 GB

CodeHeap 'non-profiled nmethods': size=120000Kb used=2576Kb max_used=2576Kb free=117423Kb
 bounds [0x0000018110ee0000, 0x0000018111170000, 0x0000018118410000]
CodeHeap 'profiled nmethods': size=120000Kb used=8913Kb max_used=8913Kb free=111086Kb
 bounds [0x00000181099b0000, 0x000001810a270000, 0x0000018110ee0000]
CodeHeap 'non-nmethods': size=5760Kb used=2226Kb max_used=2278Kb free=3533Kb
 bounds [0x0000018109410000, 0x0000018109680000, 0x00000181099b0000]
 total_blobs=5151 nmethods=4352 adapters=710
 compilation: enabled
              stopped_count=0, restarted_count=0
 full_count=0

Compilation events (20 events):
Event: 3.121 Thread 0x000001811f7cb000 4348       3       org.gradle.internal.service.DefaultServiceRegistry::serviceRequested (42 bytes)
Event: 3.121 Thread 0x000001811f7c5000 nmethod 4308 0x0000018111163690 code [0x0000018111163820, 0x0000018111163878]
Event: 3.122 Thread 0x000001811f7cb000 nmethod 4348 0x000001810a25cc90 code [0x000001810a25d080, 0x000001810a25ea38]
Event: 3.122 Thread 0x000001811f7cb000 4350       3       org.gradle.api.internal.artifacts.configurations.DefaultConfiguration_Decorated::getName (38 bytes)
Event: 3.122 Thread 0x000001811f7c5000 4354       4       jdk.internal.loader.URLClassPath$JarLoader$2::getCodeSigners (8 bytes)
Event: 3.122 Thread 0x000001811f7cb000 nmethod 4350 0x000001810a25f390 code [0x000001810a25f5a0, 0x000001810a25fcc8]
Event: 3.122 Thread 0x000001811f7cb000 4356       3       java.lang.ClassLoader::compareCerts (201 bytes)
Event: 3.122 Thread 0x000001811f7cb000 nmethod 4356 0x000001810a25ff10 code [0x000001810a260120, 0x000001810a260978]
Event: 3.122 Thread 0x000001811f7cb000 4351       3       java.util.concurrent.atomic.AtomicBoolean::set (14 bytes)
Event: 3.122 Thread 0x000001811f7cb000 nmethod 4351 0x000001810a260c90 code [0x000001810a260e40, 0x000001810a260f98]
Event: 3.122 Thread 0x000001811f7cb000 4352       3       org.gradle.internal.operations.DefaultBuildOperationExecutor::assertParentRunning (49 bytes)
Event: 3.123 Thread 0x000001811f7b8800 nmethod 4319 0x0000018111163910 code [0x0000018111163ac0, 0x0000018111164038]
Event: 3.123 Thread 0x000001811f7b8800 4355   !   4       java.util.jar.JarFile$JarFileEntry::getCodeSigners (81 bytes)
Event: 3.123 Thread 0x000001811f7cb000 nmethod 4352 0x000001810a261010 code [0x000001810a2612e0, 0x000001810a262248]
Event: 3.123 Thread 0x000001811f7cb000 4353       3       org.gradle.internal.operations.DefaultBuildOperationExecutor$BuildOperationState::setRunning (9 bytes)
Event: 3.123 Thread 0x000001811f7cb000 nmethod 4353 0x000001810a262790 code [0x000001810a262940, 0x000001810a262b18]
Event: 3.123 Thread 0x000001811f7cb000 4349       3       org.gradle.internal.service.DefaultServiceRegistry::noLongerMutable (24 bytes)
Event: 3.124 Thread 0x000001811f7cb000 nmethod 4349 0x000001810a262c10 code [0x000001810a262ee0, 0x000001810a263b68]
Event: 3.124 Thread 0x000001811f7cb000 4357       3       java.util.Arrays::fill (23 bytes)
Event: 3.124 Thread 0x000001811f7cb000 nmethod 4357 0x000001810a264010 code [0x000001810a2641c0, 0x000001810a264358]

GC Heap History (10 events):
Event: 0.457 GC heap before
{Heap before GC invocations=0 (full 0):
 garbage-first heap   total 262144K, used 28672K [0x00000000a0000000, 0x0000000100000000)
  region size 1024K, 24 young (24576K), 0 survivors (0K)
 Metaspace       used 10728K, capacity 10989K, committed 11264K, reserved 1058816K
  class space    used 1132K, capacity 1196K, committed 1280K, reserved 1048576K
}
Event: 0.460 GC heap after
{Heap after GC invocations=1 (full 0):
 garbage-first heap   total 262144K, used 7558K [0x00000000a0000000, 0x0000000100000000)
  region size 1024K, 3 young (3072K), 3 survivors (3072K)
 Metaspace       used 10728K, capacity 10989K, committed 11264K, reserved 1058816K
  class space    used 1132K, capacity 1196K, committed 1280K, reserved 1048576K
}
Event: 1.224 GC heap before
{Heap before GC invocations=1 (full 0):
 garbage-first heap   total 262144K, used 80262K [0x00000000a0000000, 0x0000000100000000)
  region size 1024K, 76 young (77824K), 3 survivors (3072K)
 Metaspace       used 20717K, capacity 21133K, committed 21248K, reserved 1067008K
  class space    used 2611K, capacity 2754K, committed 2816K, reserved 1048576K
}
Event: 1.231 GC heap after
{Heap after GC invocations=2 (full 0):
 garbage-first heap   total 262144K, used 15325K [0x00000000a0000000, 0x0000000100000000)
  region size 1024K, 11 young (11264K), 11 survivors (11264K)
 Metaspace       used 20717K, capacity 21133K, committed 21248K, reserved 1067008K
  class space    used 2611K, capacity 2754K, committed 2816K, reserved 1048576K
}
Event: 1.723 GC heap before
{Heap before GC invocations=3 (full 0):
 garbage-first heap   total 262144K, used 83933K [0x00000000a0000000, 0x0000000100000000)
  region size 1024K, 67 young (68608K), 11 survivors (11264K)
 Metaspace       used 31431K, capacity 32087K, committed 32384K, reserved 1077248K
  class space    used 3939K, capacity 4177K, committed 4224K, reserved 1048576K
}
Event: 1.728 GC heap after
{Heap after GC invocations=4 (full 0):
 garbage-first heap   total 262144K, used 30120K [0x00000000a0000000, 0x0000000100000000)
  region size 1024K, 7 young (7168K), 7 survivors (7168K)
 Metaspace       used 31431K, capacity 32087K, committed 32384K, reserved 1077248K
  class space    used 3939K, capacity 4177K, committed 4224K, reserved 1048576K
}
Event: 1.918 GC heap before
{Heap before GC invocations=4 (full 0):
 garbage-first heap   total 262144K, used 55720K [0x00000000a0000000, 0x0000000100000000)
  region size 1024K, 34 young (34816K), 7 survivors (7168K)
 Metaspace       used 35088K, capacity 35732K, committed 35840K, reserved 1081344K
  class space    used 4386K, capacity 4600K, committed 4608K, reserved 1048576K
}
Event: 1.923 GC heap after
{Heap after GC invocations=5 (full 0):
 garbage-first heap   total 262144K, used 30978K [0x00000000a0000000, 0x0000000100000000)
  region size 1024K, 7 young (7168K), 7 survivors (7168K)
 Metaspace       used 35088K, capacity 35732K, committed 35840K, reserved 1081344K
  class space    used 4386K, capacity 4600K, committed 4608K, reserved 1048576K
}
Event: 2.598 GC heap before
{Heap before GC invocations=6 (full 0):
 garbage-first heap   total 262144K, used 135426K [0x00000000a0000000, 0x0000000100000000)
  region size 1024K, 104 young (106496K), 7 survivors (7168K)
 Metaspace       used 42324K, capacity 43306K, committed 43392K, reserved 1087488K
  class space    used 5436K, capacity 5738K, committed 5760K, reserved 1048576K
}
Event: 2.603 GC heap after
{Heap after GC invocations=7 (full 0):
 garbage-first heap   total 262144K, used 45833K [0x00000000a0000000, 0x0000000100000000)
  region size 1024K, 13 young (13312K), 13 survivors (13312K)
 Metaspace       used 42324K, capacity 43306K, committed 43392K, reserved 1087488K
  class space    used 5436K, capacity 5738K, committed 5760K, reserved 1048576K
}

Deoptimization events (20 events):
Event: 3.045 Thread 0x000001811f7c7800 DEOPT PACKING pc=0x000001810a202ca8 sp=0x0000005d45ef5b40
Event: 3.045 Thread 0x000001811f7c7800 DEOPT UNPACKING pc=0x0000018109436dde sp=0x0000005d45ef4ff8 mode 0
Event: 3.045 Thread 0x000001811f7c7800 DEOPT PACKING pc=0x000001810a202ca8 sp=0x0000005d45ef5b40
Event: 3.045 Thread 0x000001811f7c7800 DEOPT UNPACKING pc=0x0000018109436dde sp=0x0000005d45ef4ff8 mode 0
Event: 3.045 Thread 0x000001811f7c7800 DEOPT PACKING pc=0x000001810a202ca8 sp=0x0000005d45ef5b40
Event: 3.045 Thread 0x000001811f7c7800 DEOPT UNPACKING pc=0x0000018109436dde sp=0x0000005d45ef4ff8 mode 0
Event: 3.046 Thread 0x000001811f7c7800 DEOPT PACKING pc=0x000001810a202ca8 sp=0x0000005d45ef5b40
Event: 3.046 Thread 0x000001811f7c7800 DEOPT UNPACKING pc=0x0000018109436dde sp=0x0000005d45ef4ff8 mode 0
Event: 3.046 Thread 0x000001811f7c7800 DEOPT PACKING pc=0x000001810a202ca8 sp=0x0000005d45ef5b40
Event: 3.046 Thread 0x000001811f7c7800 DEOPT UNPACKING pc=0x0000018109436dde sp=0x0000005d45ef4ff8 mode 0
Event: 3.046 Thread 0x000001811f7c7800 DEOPT PACKING pc=0x000001810a202ca8 sp=0x0000005d45ef5b40
Event: 3.046 Thread 0x000001811f7c7800 DEOPT UNPACKING pc=0x0000018109436dde sp=0x0000005d45ef4ff8 mode 0
Event: 3.061 Thread 0x000001811f7c7800 Uncommon trap: trap_request=0xffffff45 fr.pc=0x000001811101c048 relative=0x0000000000000da8
Event: 3.061 Thread 0x000001811f7c7800 Uncommon trap: reason=unstable_fused_if action=reinterpret pc=0x000001811101c048 method=org.objectweb.asm.ByteVector.putUTF8(Ljava/lang/String;)Lorg/objectweb/asm/ByteVector; @ 93 c2
Event: 3.061 Thread 0x000001811f7c7800 DEOPT PACKING pc=0x000001811101c048 sp=0x0000005d45ef9bc0
Event: 3.061 Thread 0x000001811f7c7800 DEOPT UNPACKING pc=0x000001810943662f sp=0x0000005d45ef9b18 mode 2
Event: 3.105 Thread 0x000001811f7c7800 Uncommon trap: trap_request=0xffffff45 fr.pc=0x0000018110ffa584 relative=0x0000000000000224
Event: 3.105 Thread 0x000001811f7c7800 Uncommon trap: reason=unstable_fused_if action=reinterpret pc=0x0000018110ffa584 method=org.objectweb.asm.ByteVector.putUTF8(Ljava/lang/String;)Lorg/objectweb/asm/ByteVector; @ 93 c2
Event: 3.105 Thread 0x000001811f7c7800 DEOPT PACKING pc=0x0000018110ffa584 sp=0x0000005d45ef88e0
Event: 3.105 Thread 0x000001811f7c7800 DEOPT UNPACKING pc=0x000001810943662f sp=0x0000005d45ef8860 mode 2

Classes redefined (0 events):
No events

Internal exceptions (20 events):
Event: 2.536 Thread 0x000001811f7c7800 Exception <a 'java/lang/ClassNotFoundException'{0x00000000a9f9c2a0}: org/gradle/api/tasks/Delete_DecoratedCustomizer> (0x00000000a9f9c2a0) thrown at [./src/hotspot/share/classfile/systemDictionary.cpp, line 231]
Event: 2.547 Thread 0x000001811f7c7800 Exception <a 'java/lang/ClassNotFoundException'{0x00000000a9e5d560}: build_ak2n11ekw4r31wp3h3gurya7fBeanInfo> (0x00000000a9e5d560) thrown at [./src/hotspot/share/classfile/systemDictionary.cpp, line 231]
Event: 2.547 Thread 0x000001811f7c7800 Exception <a 'java/lang/ClassNotFoundException'{0x00000000a9e65ff0}: build_ak2n11ekw4r31wp3h3gurya7fCustomizer> (0x00000000a9e65ff0) thrown at [./src/hotspot/share/classfile/systemDictionary.cpp, line 231]
Event: 2.550 Thread 0x000001811f7c7800 Exception <a 'java/lang/ClassNotFoundException'{0x00000000a9eb0bb8}: org/gradle/api/internal/plugins/DefaultObjectConfigurationActionBeanInfo> (0x00000000a9eb0bb8) thrown at [./src/hotspot/share/classfile/systemDictionary.cpp, line 231]
Event: 2.550 Thread 0x000001811f7c7800 Exception <a 'java/lang/ClassNotFoundException'{0x00000000a9ed3e88}: org/gradle/api/internal/plugins/DefaultObjectConfigurationActionCustomizer> (0x00000000a9ed3e88) thrown at [./src/hotspot/share/classfile/systemDictionary.cpp, line 231]
Event: 2.612 Thread 0x000001811f7c7800 Exception <a 'java/lang/NoSuchMethodError'{0x00000000afe5ea18}: 'void java.lang.invoke.DirectMethodHandle$Holder.invokeStatic(java.lang.Object, java.lang.Object, java.lang.Object, java.lang.Object, java.lang.Object)'> (0x00000000afe5ea18) thrown at [./src/hotspot/share/interpreter/linkResolver.cpp, line 773]
Event: 2.632 Thread 0x000001811f7c7800 Exception <a 'java/lang/NoSuchMethodError'{0x00000000afc0e360}: 'int java.lang.invoke.DirectMethodHandle$Holder.invokeInterface(java.lang.Object, java.lang.Object)'> (0x00000000afc0e360) thrown at [./src/hotspot/share/interpreter/linkResolver.cpp, line 773]
Event: 2.633 Thread 0x000001811f7c7800 Exception <a 'java/lang/IncompatibleClassChangeError'{0x00000000afc11e20}: Found class java.lang.Object, but interface was expected> (0x00000000afc11e20) thrown at [./src/hotspot/share/interpreter/linkResolver.cpp, line 839]
Event: 2.673 Thread 0x000001811f7c7800 Exception <a 'java/lang/NoSuchMethodError'{0x00000000afa18ec0}: 'void java.lang.invoke.DirectMethodHandle$Holder.invokeInterface(java.lang.Object, java.lang.Object)'> (0x00000000afa18ec0) thrown at [./src/hotspot/share/interpreter/linkResolver.cpp, line 773]
Event: 2.719 Thread 0x000001811f7c7800 Exception <a 'sun/nio/fs/WindowsException'{0x00000000af51bcd8}> (0x00000000af51bcd8) thrown at [./src/hotspot/share/prims/jni.cpp, line 615]
Event: 2.826 Thread 0x000001811f7c7800 Exception <a 'java/lang/NoSuchMethodError'{0x00000000ae765ce0}: 'void java.lang.invoke.DirectMethodHandle$Holder.invokeStatic(java.lang.Object, java.lang.Object, java.lang.Object, java.lang.Object)'> (0x00000000ae765ce0) thrown at [./src/hotspot/share/interpreter/linkResolver.cpp, line 773]
Event: 2.833 Thread 0x000001811f7c7800 Exception <a 'java/lang/NoSuchMethodError'{0x00000000ae60f9e8}: 'void java.lang.invoke.DirectMethodHandle$Holder.invokeSpecial(java.lang.Object, java.lang.Object)'> (0x00000000ae60f9e8) thrown at [./src/hotspot/share/interpreter/linkResolver.cpp, line 773]
Event: 2.874 Thread 0x000001811f7c7800 Exception <a 'java/lang/NoSuchMethodError'{0x00000000ae15d240}: 'java.lang.Object java.lang.invoke.DirectMethodHandle$Holder.invokeSpecial(java.lang.Object, java.lang.Object, java.lang.Object, java.lang.Object, java.lang.Object, java.lang.Object, java.lang.Object, java.lang.Object, java.lang.Object, java.lang.Object, java.lang.Object, java.lang.Object)'> (0x00000000ae15d240) thrown at [./src/hotspot/share/interpreter/linkResolver.cpp, line 773]
Event: 2.875 Thread 0x000001811f7c7800 Exception <a 'java/lang/NoSuchMethodError'{0x00000000ae167510}: 'java.lang.Object java.lang.invoke.DirectMethodHandle$Holder.invokeSpecial(java.lang.Object, java.lang.Object, java.lang.Object, java.lang.Object, java.lang.Object, java.lang.Object, java.lang.Object, java.lang.Object, java.lang.Object, java.lang.Object, java.lang.Object)'> (0x00000000ae167510) thrown at [./src/hotspot/share/interpreter/linkResolver.cpp, line 773]
Event: 2.875 Thread 0x000001811f7c7800 Exception <a 'java/lang/NoSuchMethodError'{0x00000000ae16c4e0}: 'java.lang.Object java.lang.invoke.Invokers$Holder.invoker(java.lang.Object, java.lang.Object, java.lang.Object, java.lang.Object, java.lang.Object, java.lang.Object, java.lang.Object, java.lang.Object, java.lang.Object, java.lang.Object, java.lang.Object)'> (0x00000000ae16c4e0) thrown at [./src/hotspot/share/interpreter/linkResolver.cpp, line 773]
Event: 2.946 Thread 0x000001811f7c7800 Implicit null exception at 0x0000018110fc000b to 0x0000018110fc00e4
Event: 3.111 Thread 0x000001811f7c7800 Exception <a 'java/lang/ClassNotFoundException'{0x00000000ac344970}: com/android/build/gradle/internal/api/DefaultAndroidSourceSet_DecoratedBeanInfo> (0x00000000ac344970) thrown at [./src/hotspot/share/classfile/systemDictionary.cpp, line 231]
Event: 3.111 Thread 0x000001811f7c7800 Exception <a 'java/lang/ClassNotFoundException'{0x00000000ac357bd8}: com/android/build/gradle/internal/api/DefaultAndroidSourceSetBeanInfo> (0x00000000ac357bd8) thrown at [./src/hotspot/share/classfile/systemDictionary.cpp, line 231]
Event: 3.111 Thread 0x000001811f7c7800 Exception <a 'java/lang/ClassNotFoundException'{0x00000000ac36ab60}: com/android/build/gradle/internal/api/DefaultAndroidSourceSetCustomizer> (0x00000000ac36ab60) thrown at [./src/hotspot/share/classfile/systemDictionary.cpp, line 231]
Event: 3.112 Thread 0x000001811f7c7800 Exception <a 'java/lang/ClassNotFoundException'{0x00000000ac3b2b18}: com/android/build/gradle/internal/api/DefaultAndroidSourceSet_DecoratedCustomizer> (0x00000000ac3b2b18) thrown at [./src/hotspot/share/classfile/systemDictionary.cpp, line 231]

Events (20 events):
Event: 3.136 loading class com/android/build/gradle/tasks/MergeResources$CreationAction
Event: 3.136 loading class com/android/build/gradle/tasks/MergeResources$CreationAction done
Event: 3.136 loading class com/android/build/gradle/tasks/GenerateBuildConfig$CreationAction
Event: 3.136 loading class com/android/build/gradle/tasks/GenerateBuildConfig$CreationAction done
Event: 3.136 loading class com/android/build/gradle/tasks/BuildArtifactReportTask$SourceSetReportCreationAction
Event: 3.136 loading class com/android/build/gradle/tasks/BuildArtifactReportTask$SourceSetReportCreationAction done
Event: 3.136 loading class com/android/build/gradle/tasks/GenerateResValues$CreationAction
Event: 3.136 loading class com/android/build/gradle/tasks/GenerateResValues$CreationAction done
Event: 3.137 loading class com/android/build/gradle/tasks/CompatibleScreensManifest$CreationAction
Event: 3.137 loading class com/android/build/gradle/tasks/CompatibleScreensManifest$CreationAction done
Event: 3.137 loading class com/android/build/gradle/tasks/ProcessLibraryManifest$CreationAction
Event: 3.137 loading class com/android/build/gradle/tasks/ProcessLibraryManifest$CreationAction done
Event: 3.137 loading class com/android/build/gradle/tasks/PackageSplitRes$CreationAction
Event: 3.137 loading class com/android/build/gradle/tasks/PackageSplitRes$CreationAction done
Event: 3.137 loading class com/android/build/gradle/tasks/GenerateSplitAbiRes$CreationAction
Event: 3.137 loading class com/android/build/gradle/tasks/GenerateSplitAbiRes$CreationAction done
Event: 3.137 loading class com/android/build/gradle/tasks/PackageSplitAbi$CreationAction
Event: 3.137 loading class com/android/build/gradle/tasks/PackageSplitAbi$CreationAction done
Event: 3.138 loading class com/android/build/gradle/internal/tasks/ProcessJavaResTask$CreationAction
Event: 3.138 loading class com/android/build/gradle/internal/tasks/ProcessJavaResTask$CreationAction done


Dynamic libraries:
0x00007ff775270000 - 0x00007ff77527a000 	C:\Program Files\Android\Android Studio\jre\bin\java.exe
0x00007ffe9d730000 - 0x00007ffe9d925000 	C:\Windows\SYSTEM32\ntdll.dll
0x00007ffe9cab0000 - 0x00007ffe9cb6e000 	C:\Windows\System32\KERNEL32.DLL
0x00007ffe9afa0000 - 0x00007ffe9b268000 	C:\Windows\System32\KERNELBASE.dll
0x00007ffe9b2d0000 - 0x00007ffe9b3d0000 	C:\Windows\System32\ucrtbase.dll
0x00007ffe813a0000 - 0x00007ffe813b7000 	C:\Program Files\Android\Android Studio\jre\bin\VCRUNTIME140.dll
0x00007ffe80090000 - 0x00007ffe800a9000 	C:\Program Files\Android\Android Studio\jre\bin\jli.dll
0x00007ffe9bcc0000 - 0x00007ffe9be60000 	C:\Windows\System32\USER32.dll
0x00007ffe9b270000 - 0x00007ffe9b292000 	C:\Windows\System32\win32u.dll
0x00007ffe8b100000 - 0x00007ffe8b39a000 	C:\Windows\WinSxS\amd64_microsoft.windows.common-controls_6595b64144ccf1df_6.0.19041.1110_none_60b5254171f9507e\COMCTL32.dll
0x00007ffe9cb70000 - 0x00007ffe9cb9b000 	C:\Windows\System32\GDI32.dll
0x00007ffe9bf20000 - 0x00007ffe9bfbe000 	C:\Windows\System32\msvcrt.dll
0x00007ffe9b610000 - 0x00007ffe9b71b000 	C:\Windows\System32\gdi32full.dll
0x00007ffe9af00000 - 0x00007ffe9af9d000 	C:\Windows\System32\msvcp_win.dll
0x00007ffe9cc30000 - 0x00007ffe9cc60000 	C:\Windows\System32\IMM32.DLL
0x00007ffe6ff60000 - 0x00007ffe6fffd000 	C:\Program Files\Android\Android Studio\jre\bin\msvcp140.dll
0x00007ffe2f4d0000 - 0x00007ffe2ffa5000 	C:\Program Files\Android\Android Studio\jre\bin\server\jvm.dll
0x00007ffe9be70000 - 0x00007ffe9bf1e000 	C:\Windows\System32\ADVAPI32.dll
0x00007ffe9b8b0000 - 0x00007ffe9b94c000 	C:\Windows\System32\sechost.dll
0x00007ffe9d220000 - 0x00007ffe9d345000 	C:\Windows\System32\RPCRT4.dll
0x00007ffe9bcb0000 - 0x00007ffe9bcb8000 	C:\Windows\System32\PSAPI.DLL
0x00007ffe86c70000 - 0x00007ffe86c79000 	C:\Windows\SYSTEM32\WSOCK32.dll
0x00007ffe90d70000 - 0x00007ffe90d97000 	C:\Windows\SYSTEM32\WINMM.dll
0x00007ffe9c800000 - 0x00007ffe9c86b000 	C:\Windows\System32\WS2_32.dll
0x00007ffe958c0000 - 0x00007ffe958ca000 	C:\Windows\SYSTEM32\VERSION.dll
0x00007ffe98d80000 - 0x00007ffe98d92000 	C:\Windows\SYSTEM32\kernel.appcore.dll
0x00007ffe8f860000 - 0x00007ffe8f871000 	C:\Program Files\Android\Android Studio\jre\bin\verify.dll
0x00007ffe90430000 - 0x00007ffe90614000 	C:\Windows\SYSTEM32\DBGHELP.DLL
0x00007ffe8a740000 - 0x00007ffe8a76c000 	C:\Windows\SYSTEM32\dbgcore.DLL
0x00007ffe9b3d0000 - 0x00007ffe9b452000 	C:\Windows\System32\bcryptPrimitives.dll
0x00007ffe85fd0000 - 0x00007ffe85ff9000 	C:\Program Files\Android\Android Studio\jre\bin\java.dll
0x00007ffe98740000 - 0x00007ffe9874b000 	C:\Program Files\Android\Android Studio\jre\bin\jimage.dll
0x00007ffe8e4b0000 - 0x00007ffe8e4c8000 	C:\Program Files\Android\Android Studio\jre\bin\zip.dll
0x00007ffe9c0b0000 - 0x00007ffe9c7f4000 	C:\Windows\System32\SHELL32.dll
0x00007ffe98f80000 - 0x00007ffe99714000 	C:\Windows\SYSTEM32\windows.storage.dll
0x00007ffe9b950000 - 0x00007ffe9bca4000 	C:\Windows\System32\combase.dll
0x00007ffe9a8b0000 - 0x00007ffe9a8dc000 	C:\Windows\SYSTEM32\Wldp.dll
0x00007ffe9c870000 - 0x00007ffe9c91d000 	C:\Windows\System32\SHCORE.dll
0x00007ffe9d690000 - 0x00007ffe9d6e5000 	C:\Windows\System32\shlwapi.dll
0x00007ffe9ad90000 - 0x00007ffe9adaf000 	C:\Windows\SYSTEM32\profapi.dll
0x00007ffe8ddd0000 - 0x00007ffe8ddea000 	C:\Program Files\Android\Android Studio\jre\bin\net.dll
0x00007ffe94a90000 - 0x00007ffe94b99000 	C:\Windows\SYSTEM32\WINHTTP.dll
0x00007ffe9a610000 - 0x00007ffe9a67a000 	C:\Windows\system32\mswsock.dll
0x00007ffe89500000 - 0x00007ffe89514000 	C:\Program Files\Android\Android Studio\jre\bin\nio.dll
0x00007ffe8df20000 - 0x00007ffe8df46000 	C:\Users\eiyah\.gradle\native\29\windows-amd64\native-platform.dll
0x00007ffe98630000 - 0x00007ffe9863a000 	C:\Program Files\Android\Android Studio\jre\bin\management.dll
0x00007ffe907b0000 - 0x00007ffe907bd000 	C:\Program Files\Android\Android Studio\jre\bin\management_ext.dll
0x00007ffe9a800000 - 0x00007ffe9a818000 	C:\Windows\SYSTEM32\CRYPTSP.dll
0x00007ffe99f20000 - 0x00007ffe99f54000 	C:\Windows\system32\rsaenh.dll
0x00007ffe9b2a0000 - 0x00007ffe9b2c7000 	C:\Windows\System32\bcrypt.dll
0x00007ffe9ad10000 - 0x00007ffe9ad3e000 	C:\Windows\SYSTEM32\USERENV.dll
0x00007ffe9a820000 - 0x00007ffe9a82c000 	C:\Windows\SYSTEM32\CRYPTBASE.dll
0x00007ffe9a2b0000 - 0x00007ffe9a2eb000 	C:\Windows\SYSTEM32\IPHLPAPI.DLL
0x00007ffe9be60000 - 0x00007ffe9be68000 	C:\Windows\System32\NSI.dll
0x00007ffe95e50000 - 0x00007ffe95e67000 	C:\Windows\SYSTEM32\dhcpcsvc6.DLL
0x00007ffe95d50000 - 0x00007ffe95d6d000 	C:\Windows\SYSTEM32\dhcpcsvc.DLL
0x00007ffe9a300000 - 0x00007ffe9a3ca000 	C:\Windows\SYSTEM32\DNSAPI.dll

dbghelp: loaded successfully - version: 4.0.5 - missing functions: none
symbol engine: initialized successfully - sym options: 0x614 - pdb path: .;C:\Program Files\Android\Android Studio\jre\bin;C:\Windows\SYSTEM32;C:\Windows\WinSxS\amd64_microsoft.windows.common-controls_6595b64144ccf1df_6.0.19041.1110_none_60b5254171f9507e;C:\Program Files\Android\Android Studio\jre\bin\server;C:\Users\eiyah\.gradle\native\29\windows-amd64

VM Arguments:
jvm_args: --add-opens=java.base/java.util=ALL-UNNAMED --add-opens=java.base/java.lang=ALL-UNNAMED --add-opens=java.base/java.lang.invoke=ALL-UNNAMED --add-opens=java.prefs/java.util.prefs=ALL-UNNAMED -Xmx1536m -Dfile.encoding=windows-1252 -Duser.country=CO -Duser.language=es -Duser.variant 
java_command: org.gradle.launcher.daemon.bootstrap.GradleDaemon 5.4.1
java_class_path (initial): C:\Users\eiyah\.gradle\wrapper\dists\gradle-5.4.1-all\3221gyojl5jsh0helicew7rwx\gradle-5.4.1\lib\gradle-launcher-5.4.1.jar
Launcher Type: SUN_STANDARD

[Global flags]
     intx CICompilerCount                          = 4                                         {product} {ergonomic}
     uint ConcGCThreads                            = 3                                         {product} {ergonomic}
     uint G1ConcRefinementThreads                  = 10                                        {product} {ergonomic}
   size_t G1HeapRegionSize                         = 1048576                                   {product} {ergonomic}
    uintx GCDrainStackTargetSize                   = 64                                        {product} {ergonomic}
   size_t InitialHeapSize                          = 268435456                                 {product} {ergonomic}
   size_t MarkStackSize                            = 4194304                                   {product} {ergonomic}
   size_t MaxHeapSize                              = 1610612736                                {product} {command line}
   size_t MaxNewSize                               = 965738496                                 {product} {ergonomic}
   size_t MinHeapDeltaBytes                        = 1048576                                   {product} {ergonomic}
    uintx NonNMethodCodeHeapSize                   = 5836300                                {pd product} {ergonomic}
    uintx NonProfiledCodeHeapSize                  = 122910970                              {pd product} {ergonomic}
    uintx ProfiledCodeHeapSize                     = 122910970                              {pd product} {ergonomic}
    uintx ReservedCodeCacheSize                    = 251658240                              {pd product} {ergonomic}
     bool SegmentedCodeCache                       = true                                      {product} {ergonomic}
     bool UseCompressedClassPointers               = true                                 {lp64_product} {ergonomic}
     bool UseCompressedOops                        = true                                 {lp64_product} {ergonomic}
     bool UseG1GC                                  = true                                      {product} {ergonomic}
     bool UseLargePagesIndividualAllocation        = false                                  {pd product} {ergonomic}

Logging:
Log output configuration:
 #0: stdout all=warning uptime,level,tags
 #1: stderr all=off uptime,level,tags

Environment Variables:
PATH=C:\Program Files (x86)\Common Files\Oracle\Java\javapath;C:\Windows\system32;C:\Windows;C:\Windows\System32\Wbem;C:\Windows\System32\WindowsPowerShell\v1.0\;C:\Windows\System32\OpenSSH\;C:\Program Files\NVIDIA Corporation\NVIDIA NvDLISR;C:\Program Files (x86)\NVIDIA Corporation\PhysX\Common;C:\Program Files\Git\cmd;C:\Users\eiyah\AppData\Local\Microsoft\WindowsApps;C:\Users\eiyah\AppData\Local\GitHubDesktop\bin
USERNAME=eiyah
OS=Windows_NT
PROCESSOR_IDENTIFIER=AMD64 Family 23 Model 113 Stepping 0, AuthenticAMD



---------------  S Y S T E M  ---------------

OS: Windows 10 , 64 bit Build 19041 (10.0.19041.1566)
OS uptime: 1 days 22:09 hours

CPU:total 12 (initial active 12) (12 cores per cpu, 2 threads per core) family 23 model 113 stepping 0 microcode 0x0, cmov, cx8, fxsr, mmx, sse, sse2, sse3, ssse3, sse4.1, sse4.2, popcnt, avx, avx2, aes, clmul, mmxext, 3dnowpref, lzcnt, sse4a, ht, tsc, tscinvbit, tscinv, bmi1, bmi2, adx,

Memory: 4k page, system-wide physical 16284M (8473M free)
TotalPageFile size 16284M (AvailPageFile size 5M)
current process WorkingSet (physical memory assigned to process): 333M, peak: 334M
current process commit charge ("private bytes"): 482M, peak: 483M

vm_info: OpenJDK 64-Bit Server VM (11.0.11+9-b60-7590822) for windows-amd64 JRE (11.0.11+9-b60-7590822), built on Jul 29 2021 21:43:44 by "builder" with MS VC++ 14.0 (VS2015)

END.
