#
# There is insufficient memory for the Java Runtime Environment to continue.
# Native memory allocation (malloc) failed to allocate 3592256 bytes for Chunk::new
# Possible reasons:
#   The system is out of physical RAM or swap space
#   The process is running with CompressedOops enabled, and the Java Heap may be blocking the growth of the native heap
# Possible solutions:
#   Reduce memory load on the system
#   Increase physical memory or swap space
#   Check if swap backing store is full
#   Decrease Java heap size (-Xmx/-Xms)
#   Decrease number of Java threads
#   Decrease Java thread stack sizes (-Xss)
#   Set larger code cache with -XX:ReservedCodeCacheSize=
#   JVM is running with Unscaled Compressed Oops mode in which the Java heap is
#     placed in the first 4GB address space. The Java Heap base address is the
#     maximum limit for the native heap growth. Please use -XX:HeapBaseMinAddress
#     to set the Java Heap base and to place the Java Heap above 4GB virtual address.
# This output file may be truncated or incomplete.
#
#  Out of Memory Error (./src/hotspot/share/memory/arena.cpp:197), pid=1168, tid=13052
#
# JRE version: OpenJDK Runtime Environment (11.0.11+9) (build 11.0.11+9-b60-7590822)
# Java VM: OpenJDK 64-Bit Server VM (11.0.11+9-b60-7590822, mixed mode, tiered, compressed oops, g1 gc, windows-amd64)
# No core dump will be written. Minidumps are not enabled by default on client versions of Windows
#

---------------  S U M M A R Y ------------

Command Line: --add-opens=java.base/java.util=ALL-UNNAMED --add-opens=java.base/java.lang=ALL-UNNAMED --add-opens=java.base/java.lang.invoke=ALL-UNNAMED --add-opens=java.prefs/java.util.prefs=ALL-UNNAMED -Xmx1536m -Dfile.encoding=windows-1252 -Duser.country=CO -Duser.language=es -Duser.variant org.gradle.launcher.daemon.bootstrap.GradleDaemon 5.4.1

Host: AMD Ryzen 5 3600 6-Core Processor              , 12 cores, 15G,  Windows 10 , 64 bit Build 19041 (10.0.19041.1566)
Time: Mon Mar 21 03:19:37 2022 Hora est. Pacífico, Sudamérica elapsed time: 12047.079412 seconds (0d 3h 20m 47s)

---------------  T H R E A D  ---------------

Current thread (0x0000024de7780000):  JavaThread "C2 CompilerThread1" daemon [_thread_in_native, id=13052, stack(0x0000005e97b00000,0x0000005e97c00000)]


Current CompileTask:
C2:12047079 38546       4       org.jetbrains.kotlin.gradle.plugin.Android25ProjectHandler::getJavaTask (241 bytes)

Stack: [0x0000005e97b00000,0x0000005e97c00000]
Native frames: (J=compiled Java code, j=interpreted, Vv=VM code, C=native code)
V  [jvm.dll+0x5f214a]
V  [jvm.dll+0x726fb5]
V  [jvm.dll+0x7285cd]
V  [jvm.dll+0x728c83]
V  [jvm.dll+0x243278]
V  [jvm.dll+0xbc53c]
V  [jvm.dll+0xbca3c]
V  [jvm.dll+0x2b5c34]
V  [jvm.dll+0x508488]
V  [jvm.dll+0x1fd92d]
V  [jvm.dll+0x1fb35f]
V  [jvm.dll+0x183d6c]
V  [jvm.dll+0x209a57]
V  [jvm.dll+0x2082a1]
V  [jvm.dll+0x6ef58f]
V  [jvm.dll+0x6e80b5]
V  [jvm.dll+0x5f1036]
C  [ucrtbase.dll+0x21bb2]
C  [KERNEL32.DLL+0x17034]
C  [ntdll.dll+0x52651]


---------------  P R O C E S S  ---------------

Threads class SMR info:
_java_thread_list=0x0000024de7e99d60, length=94, elements={
0x0000024dc839b000, 0x0000024de297d800, 0x0000024de297e000, 0x0000024de29ff800,
0x0000024de2a00800, 0x0000024de2a03800, 0x0000024de2a0e800, 0x0000024de2a13000,
0x0000024de2a2a800, 0x0000024de2b81800, 0x0000024de2b82800, 0x0000024de2b85000,
0x0000024de2b83800, 0x0000024de4b65000, 0x0000024de4b66000, 0x0000024de4b66800,
0x0000024de4b6a800, 0x0000024de8169800, 0x0000024de4b6a000, 0x0000024de7786800,
0x0000024dee72b800, 0x0000024dee72a000, 0x0000024dee725000, 0x0000024dee726000,
0x0000024de8aad000, 0x0000024de57d1800, 0x0000024de8166000, 0x0000024de8167000,
0x0000024de8163000, 0x0000024de8168800, 0x0000024de8164800, 0x0000024de816a000,
0x0000024de816b000, 0x0000024de8165800, 0x0000024de816d800, 0x0000024de8170800,
0x0000024de816e800, 0x0000024de7780800, 0x0000024de777c000, 0x0000024de777d800,
0x0000024de777b000, 0x0000024de777f000, 0x0000024de7781800, 0x0000024de7782800,
0x0000024de777c800, 0x0000024de7784000, 0x0000024de7783000, 0x0000024de777e000,
0x0000024de7784800, 0x0000024de7785800, 0x0000024de7780000, 0x0000024de7788000,
0x0000024de7789800, 0x0000024de7787000, 0x0000024de8aae800, 0x0000024de8aaf800,
0x0000024de8ab2000, 0x0000024de8aac000, 0x0000024de8ab4800, 0x0000024de8ab0800,
0x0000024de8ab7000, 0x0000024de8ab6000, 0x0000024de8ab1000, 0x0000024de8ab9800,
0x0000024de8ab7800, 0x0000024de8ab3800, 0x0000024dee71d000, 0x0000024dee71f800,
0x0000024dee723800, 0x0000024dee71e000, 0x0000024dee722000, 0x0000024dee722800,
0x0000024dee724800, 0x0000024dee720000, 0x0000024dee727800, 0x0000024dee728800,
0x0000024dee72b000, 0x0000024dee727000, 0x0000024de4b67800, 0x0000024de4b69000,
0x0000024de4b63800, 0x0000024de4b64000, 0x0000024de4b6b800, 0x0000024de4b6d000,
0x0000024de4b6e000, 0x0000024de4b6c800, 0x0000024de4b6f000, 0x0000024de4b70800,
0x0000024de4b6f800, 0x0000024de57d4000, 0x0000024de57d6000, 0x0000024de57d7000,
0x0000024de57d2000, 0x0000024de57d8000
}

Java Threads: ( => current thread )
  0x0000024dc839b000 JavaThread "main" [_thread_blocked, id=9008, stack(0x0000005e94300000,0x0000005e94400000)]
  0x0000024de297d800 JavaThread "Reference Handler" daemon [_thread_blocked, id=3572, stack(0x0000005e94a00000,0x0000005e94b00000)]
  0x0000024de297e000 JavaThread "Finalizer" daemon [_thread_blocked, id=16056, stack(0x0000005e94b00000,0x0000005e94c00000)]
  0x0000024de29ff800 JavaThread "Signal Dispatcher" daemon [_thread_blocked, id=8808, stack(0x0000005e94c00000,0x0000005e94d00000)]
  0x0000024de2a00800 JavaThread "Attach Listener" daemon [_thread_blocked, id=12928, stack(0x0000005e94d00000,0x0000005e94e00000)]
  0x0000024de2a03800 JavaThread "Service Thread" daemon [_thread_blocked, id=5748, stack(0x0000005e94e00000,0x0000005e94f00000)]
  0x0000024de2a0e800 JavaThread "C2 CompilerThread0" daemon [_thread_blocked, id=6728, stack(0x0000005e94f00000,0x0000005e95000000)]
  0x0000024de2a13000 JavaThread "C1 CompilerThread0" daemon [_thread_blocked, id=19308, stack(0x0000005e95000000,0x0000005e95100000)]
  0x0000024de2a2a800 JavaThread "Sweeper thread" daemon [_thread_blocked, id=1908, stack(0x0000005e95100000,0x0000005e95200000)]
  0x0000024de2b81800 JavaThread "Common-Cleaner" daemon [_thread_blocked, id=1968, stack(0x0000005e95200000,0x0000005e95300000)]
  0x0000024de2b82800 JavaThread "Daemon health stats" [_thread_blocked, id=3396, stack(0x0000005e95b00000,0x0000005e95c00000)]
  0x0000024de2b85000 JavaThread "Incoming local TCP Connector on port 56622" [_thread_in_native, id=11084, stack(0x0000005e95a00000,0x0000005e95b00000)]
  0x0000024de2b83800 JavaThread "Daemon periodic checks" [_thread_blocked, id=11828, stack(0x0000005e95c00000,0x0000005e95d00000)]
  0x0000024de4b65000 JavaThread "Cache worker for file hash cache (C:\Users\eiyah\.gradle\caches\5.4.1\fileHashes)" [_thread_blocked, id=14244, stack(0x0000005e96400000,0x0000005e96500000)]
  0x0000024de4b66000 JavaThread "File lock request listener" [_thread_in_native, id=8216, stack(0x0000005e96500000,0x0000005e96600000)]
  0x0000024de4b66800 JavaThread "Cache worker for journal cache (C:\Users\eiyah\.gradle\caches\journal-1)" [_thread_blocked, id=4004, stack(0x0000005e96600000,0x0000005e96700000)]
  0x0000024de4b6a800 JavaThread "Cache worker for execution history cache (C:\Users\eiyah\.gradle\caches\5.4.1\executionHistory)" [_thread_blocked, id=8820, stack(0x0000005e97100000,0x0000005e97200000)]
  0x0000024de8169800 JavaThread "Memory manager" [_thread_blocked, id=11860, stack(0x0000005e98300000,0x0000005e98400000)]
  0x0000024de4b6a000 JavaThread "Cache worker for file content cache (C:\Users\eiyah\.gradle\caches\5.4.1\fileContent)" [_thread_blocked, id=2684, stack(0x0000005e98600000,0x0000005e98700000)]
  0x0000024de7786800 JavaThread "Java2D Disposer" daemon [_thread_blocked, id=2372, stack(0x0000005e99b00000,0x0000005e99c00000)]
  0x0000024dee72b800 JavaThread "RMI Scheduler(0)" daemon [_thread_blocked, id=14744, stack(0x0000005e98500000,0x0000005e98600000)]
  0x0000024dee72a000 JavaThread "RMI GC Daemon" daemon [_thread_blocked, id=5764, stack(0x0000005e9b000000,0x0000005e9b100000)]
  0x0000024dee725000 JavaThread "RMI TCP Accept-0" daemon [_thread_in_native, id=9092, stack(0x0000005e9b200000,0x0000005e9b300000)]
  0x0000024dee726000 JavaThread "RMI Reaper" [_thread_blocked, id=8548, stack(0x0000005e9b300000,0x0000005e9b400000)]
  0x0000024de8aad000 JavaThread "Cache worker for Java compile cache (C:\Users\eiyah\.gradle\caches\5.4.1\javaCompile)" [_thread_blocked, id=9540, stack(0x0000005e99d00000,0x0000005e99e00000)]
  0x0000024de57d1800 JavaThread "ForkJoinPool.commonPool-worker-15" daemon [_thread_blocked, id=16720, stack(0x0000005e9b500000,0x0000005e9b600000)]
  0x0000024de8166000 JavaThread "Daemon Thread 56" [_thread_blocked, id=4316, stack(0x0000005e94000000,0x0000005e94100000)]
  0x0000024de8167000 JavaThread "Handler for socket connection from /127.0.0.1:56622 to /127.0.0.1:62003" [_thread_in_native, id=15340, stack(0x0000005e94100000,0x0000005e94200000)]
  0x0000024de8163000 JavaThread "Cancel handler" [_thread_blocked, id=3292, stack(0x0000005e94200000,0x0000005e94300000)]
  0x0000024de8168800 JavaThread "Daemon worker Thread 56" [_thread_blocked, id=11932, stack(0x0000005e95400000,0x0000005e95500000)]
  0x0000024de8164800 JavaThread "Asynchronous log dispatcher for DefaultDaemonConnection: socket connection from /127.0.0.1:56622 to /127.0.0.1:62003" [_thread_blocked, id=18864, stack(0x0000005e95d00000,0x0000005e95e00000)]
  0x0000024de816a000 JavaThread "Stdin handler" [_thread_blocked, id=7672, stack(0x0000005e95e00000,0x0000005e95f00000)]
  0x0000024de816b000 JavaThread "Thread-2858" [_thread_blocked, id=12228, stack(0x0000005e95f00000,0x0000005e96000000)]
  0x0000024de8165800 JavaThread "Cache worker for file hash cache (C:\Users\eiyah\AndroidStudioProjects\Taller2\.gradle\5.4.1\fileHashes)" [_thread_in_vm, id=10136, stack(0x0000005e96000000,0x0000005e96100000)]
  0x0000024de816d800 JavaThread "Cache worker for cache directory md-supplier (C:\Users\eiyah\.gradle\caches\5.4.1\md-supplier)" [_thread_blocked, id=17516, stack(0x0000005e96100000,0x0000005e96200000)]
  0x0000024de8170800 JavaThread "Cache worker for cache directory md-rule (C:\Users\eiyah\.gradle\caches\5.4.1\md-rule)" [_thread_blocked, id=16820, stack(0x0000005e96200000,0x0000005e96300000)]
  0x0000024de816e800 JavaThread "Build operations" [_thread_blocked, id=5384, stack(0x0000005e96300000,0x0000005e96400000)]
  0x0000024de7780800 JavaThread "Build operations Thread 2" [_thread_blocked, id=14804, stack(0x0000005e96d00000,0x0000005e96e00000)]
  0x0000024de777c000 JavaThread "Build operations Thread 3" [_thread_blocked, id=6436, stack(0x0000005e96e00000,0x0000005e96f00000)]
  0x0000024de777d800 JavaThread "Build operations Thread 4" [_thread_blocked, id=14916, stack(0x0000005e96f00000,0x0000005e97000000)]
  0x0000024de777b000 JavaThread "Build operations Thread 5" [_thread_blocked, id=9240, stack(0x0000005e97000000,0x0000005e97100000)]
  0x0000024de777f000 JavaThread "Build operations Thread 6" [_thread_blocked, id=3940, stack(0x0000005e97200000,0x0000005e97300000)]
  0x0000024de7781800 JavaThread "Build operations Thread 7" [_thread_blocked, id=3368, stack(0x0000005e97300000,0x0000005e97400000)]
  0x0000024de7782800 JavaThread "Build operations Thread 8" [_thread_blocked, id=16868, stack(0x0000005e97400000,0x0000005e97500000)]
  0x0000024de777c800 JavaThread "Build operations Thread 9" [_thread_blocked, id=11540, stack(0x0000005e97500000,0x0000005e97600000)]
  0x0000024de7784000 JavaThread "Build operations Thread 10" [_thread_blocked, id=1580, stack(0x0000005e97600000,0x0000005e97700000)]
  0x0000024de7783000 JavaThread "Build operations Thread 11" [_thread_blocked, id=9380, stack(0x0000005e97700000,0x0000005e97800000)]
  0x0000024de777e000 JavaThread "Build operations Thread 12" [_thread_blocked, id=6932, stack(0x0000005e97800000,0x0000005e97900000)]
  0x0000024de7784800 JavaThread "pool-148-thread-1" [_thread_blocked, id=3148, stack(0x0000005e97900000,0x0000005e97a00000)]
  0x0000024de7785800 JavaThread "Cache worker for Build Output Cleanup Cache (C:\Users\eiyah\AndroidStudioProjects\Taller2\.gradle\buildOutputCleanup)" [_thread_blocked, id=10340, stack(0x0000005e97a00000,0x0000005e97b00000)]
=>0x0000024de7780000 JavaThread "C2 CompilerThread1" daemon [_thread_in_native, id=13052, stack(0x0000005e97b00000,0x0000005e97c00000)]
  0x0000024de7788000 JavaThread "Cache worker for file content cache (C:\Users\eiyah\AndroidStudioProjects\Taller2\.gradle\5.4.1\fileContent)" [_thread_blocked, id=13564, stack(0x0000005e97c00000,0x0000005e97d00000)]
  0x0000024de7789800 JavaThread "Execution worker for ':'" [_thread_blocked, id=6868, stack(0x0000005e97d00000,0x0000005e97e00000)]
  0x0000024de7787000 JavaThread "Execution worker for ':' Thread 2" [_thread_blocked, id=900, stack(0x0000005e97e00000,0x0000005e97f00000)]
  0x0000024de8aae800 JavaThread "Execution worker for ':' Thread 3" [_thread_blocked, id=11712, stack(0x0000005e97f00000,0x0000005e98000000)]
  0x0000024de8aaf800 JavaThread "Execution worker for ':' Thread 4" [_thread_blocked, id=12448, stack(0x0000005e98400000,0x0000005e98500000)]
  0x0000024de8ab2000 JavaThread "Execution worker for ':' Thread 5" [_thread_blocked, id=6228, stack(0x0000005e98700000,0x0000005e98800000)]
  0x0000024de8aac000 JavaThread "Execution worker for ':' Thread 6" [_thread_blocked, id=15692, stack(0x0000005e98800000,0x0000005e98900000)]
  0x0000024de8ab4800 JavaThread "Execution worker for ':' Thread 7" [_thread_blocked, id=12156, stack(0x0000005e98900000,0x0000005e98a00000)]
  0x0000024de8ab0800 JavaThread "Execution worker for ':' Thread 8" [_thread_blocked, id=2256, stack(0x0000005e98a00000,0x0000005e98b00000)]
  0x0000024de8ab7000 JavaThread "Execution worker for ':' Thread 9" [_thread_blocked, id=10600, stack(0x0000005e98b00000,0x0000005e98c00000)]
  0x0000024de8ab6000 JavaThread "Execution worker for ':' Thread 10" [_thread_blocked, id=12476, stack(0x0000005e98c00000,0x0000005e98d00000)]
  0x0000024de8ab1000 JavaThread "Execution worker for ':' Thread 11" [_thread_in_native, id=9712, stack(0x0000005e98d00000,0x0000005e98e00000)]
  0x0000024de8ab9800 JavaThread "Cache worker for execution history cache (C:\Users\eiyah\AndroidStudioProjects\Taller2\.gradle\5.4.1\executionHistory)" [_thread_blocked, id=964, stack(0x0000005e98e00000,0x0000005e98f00000)]
  0x0000024de8ab7800 JavaThread "C2 CompilerThread2" daemon [_thread_in_vm, id=17280, stack(0x0000005e98f00000,0x0000005e99000000)]
  0x0000024de8ab3800 JavaThread "WorkerExecutor Queue" [_thread_blocked, id=18220, stack(0x0000005e99000000,0x0000005e99100000)]
  0x0000024dee71d000 JavaThread "WorkerExecutor Queue Thread 2" [_thread_blocked, id=14276, stack(0x0000005e99100000,0x0000005e99200000)]
  0x0000024dee71f800 JavaThread "WorkerExecutor Queue Thread 3" [_thread_blocked, id=9144, stack(0x0000005e99200000,0x0000005e99300000)]
  0x0000024dee723800 JavaThread "WorkerExecutor Queue Thread 4" [_thread_blocked, id=10548, stack(0x0000005e99300000,0x0000005e99400000)]
  0x0000024dee71e000 JavaThread "WorkerExecutor Queue Thread 5" [_thread_blocked, id=13368, stack(0x0000005e99400000,0x0000005e99500000)]
  0x0000024dee722000 JavaThread "WorkerExecutor Queue Thread 6" [_thread_blocked, id=14600, stack(0x0000005e99500000,0x0000005e99600000)]
  0x0000024dee722800 JavaThread "WorkerExecutor Queue Thread 7" [_thread_blocked, id=11436, stack(0x0000005e99600000,0x0000005e99700000)]
  0x0000024dee724800 JavaThread "WorkerExecutor Queue Thread 8" [_thread_blocked, id=19124, stack(0x0000005e99700000,0x0000005e99800000)]
  0x0000024dee720000 JavaThread "WorkerExecutor Queue Thread 9" [_thread_blocked, id=11968, stack(0x0000005e99800000,0x0000005e99900000)]
  0x0000024dee727800 JavaThread "WorkerExecutor Queue Thread 10" [_thread_blocked, id=4836, stack(0x0000005e99900000,0x0000005e99a00000)]
  0x0000024dee728800 JavaThread "WorkerExecutor Queue Thread 11" [_thread_blocked, id=5132, stack(0x0000005e99a00000,0x0000005e99b00000)]
  0x0000024dee72b000 JavaThread "WorkerExecutor Queue Thread 12" [_thread_blocked, id=8072, stack(0x0000005e99c00000,0x0000005e99d00000)]
  0x0000024dee727000 JavaThread "pool-149-thread-1" [_thread_blocked, id=15420, stack(0x0000005e99e00000,0x0000005e99f00000)]
  0x0000024de4b67800 JavaThread "stderr" [_thread_in_native, id=9716, stack(0x0000005e99f00000,0x0000005e9a000000)]
  0x0000024de4b69000 JavaThread "stdout" [_thread_in_native, id=3280, stack(0x0000005e9a000000,0x0000005e9a100000)]
  0x0000024de4b63800 JavaThread "stderr" [_thread_in_native, id=10672, stack(0x0000005e9a100000,0x0000005e9a200000)]
  0x0000024de4b64000 JavaThread "stdout" [_thread_in_native, id=14120, stack(0x0000005e9a200000,0x0000005e9a300000)]
  0x0000024de4b6b800 JavaThread "stderr" [_thread_in_native, id=4852, stack(0x0000005e9a300000,0x0000005e9a400000)]
  0x0000024de4b6d000 JavaThread "stdout" [_thread_in_native, id=12104, stack(0x0000005e9a400000,0x0000005e9a500000)]
  0x0000024de4b6e000 JavaThread "stderr" [_thread_in_native, id=3564, stack(0x0000005e9a500000,0x0000005e9a600000)]
  0x0000024de4b6c800 JavaThread "stdout" [_thread_in_native, id=17832, stack(0x0000005e9a600000,0x0000005e9a700000)]
  0x0000024de4b6f000 JavaThread "stderr" [_thread_in_native, id=10456, stack(0x0000005e9a700000,0x0000005e9a800000)]
  0x0000024de4b70800 JavaThread "stdout" [_thread_in_native, id=13784, stack(0x0000005e9a800000,0x0000005e9a900000)]
  0x0000024de4b6f800 JavaThread "stderr" [_thread_in_native, id=12432, stack(0x0000005e9a900000,0x0000005e9aa00000)]
  0x0000024de57d4000 JavaThread "stdout" [_thread_in_native, id=17288, stack(0x0000005e9aa00000,0x0000005e9ab00000)]
  0x0000024de57d6000 JavaThread "stderr" [_thread_in_native, id=13620, stack(0x0000005e9ab00000,0x0000005e9ac00000)]
  0x0000024de57d7000 JavaThread "stdout" [_thread_in_native, id=8168, stack(0x0000005e9ac00000,0x0000005e9ad00000)]
  0x0000024de57d2000 JavaThread "stderr" [_thread_in_native, id=9484, stack(0x0000005e9ad00000,0x0000005e9ae00000)]
  0x0000024de57d8000 JavaThread "stdout" [_thread_in_native, id=12628, stack(0x0000005e9ae00000,0x0000005e9af00000)]

Other Threads:
  0x0000024de216e000 VMThread "VM Thread" [stack: 0x0000005e94900000,0x0000005e94a00000] [id=18652]
  0x0000024de2bc8000 WatcherThread [stack: 0x0000005e95300000,0x0000005e95400000] [id=14452]
  0x0000024dc83b2800 GCTaskThread "GC Thread#0" [stack: 0x0000005e94400000,0x0000005e94500000] [id=16568]
  0x0000024de3970000 GCTaskThread "GC Thread#1" [stack: 0x0000005e95500000,0x0000005e95600000] [id=17504]
  0x0000024de3970800 GCTaskThread "GC Thread#2" [stack: 0x0000005e95600000,0x0000005e95700000] [id=19296]
  0x0000024de3971800 GCTaskThread "GC Thread#3" [stack: 0x0000005e95700000,0x0000005e95800000] [id=19112]
  0x0000024de3a91000 GCTaskThread "GC Thread#4" [stack: 0x0000005e95800000,0x0000005e95900000] [id=9596]
  0x0000024de3a92000 GCTaskThread "GC Thread#5" [stack: 0x0000005e95900000,0x0000005e95a00000] [id=10572]
  0x0000024de45d5800 GCTaskThread "GC Thread#6" [stack: 0x0000005e96700000,0x0000005e96800000] [id=2088]
  0x0000024de462c000 GCTaskThread "GC Thread#7" [stack: 0x0000005e96800000,0x0000005e96900000] [id=2564]
  0x0000024de4632800 GCTaskThread "GC Thread#8" [stack: 0x0000005e96900000,0x0000005e96a00000] [id=2540]
  0x0000024de4ce9800 GCTaskThread "GC Thread#9" [stack: 0x0000005e96a00000,0x0000005e96b00000] [id=12568]
  0x0000024dc83db000 ConcurrentGCThread "G1 Main Marker" [stack: 0x0000005e94500000,0x0000005e94600000] [id=19168]
  0x0000024dc83de800 ConcurrentGCThread "G1 Conc#0" [stack: 0x0000005e94600000,0x0000005e94700000] [id=19376]
  0x0000024de47e1800 ConcurrentGCThread "G1 Conc#1" [stack: 0x0000005e96b00000,0x0000005e96c00000] [id=16612]
  0x0000024de45f3800 ConcurrentGCThread "G1 Conc#2" [stack: 0x0000005e96c00000,0x0000005e96d00000] [id=12664]
  0x0000024de1fe3800 ConcurrentGCThread "G1 Refine#0" [stack: 0x0000005e94700000,0x0000005e94800000] [id=8152]
  0x0000024de8049800 ConcurrentGCThread "G1 Refine#1" [stack: 0x0000005e98000000,0x0000005e98100000] [id=11244]
  0x0000024de9e42800 ConcurrentGCThread "G1 Refine#2" [stack: 0x0000005e98100000,0x0000005e98200000] [id=9056]
  0x0000024de732f800 ConcurrentGCThread "G1 Refine#3" [stack: 0x0000005e98200000,0x0000005e98300000] [id=14944]
  0x0000024de4afe000 ConcurrentGCThread "G1 Refine#4" [stack: 0x0000005e9d100000,0x0000005e9d200000] [id=7564]
  0x0000024df3a67000 ConcurrentGCThread "G1 Refine#5" [stack: 0x0000005e9d200000,0x0000005e9d300000] [id=11332]
  0x0000024de33a1000 ConcurrentGCThread "G1 Refine#6" [stack: 0x0000005e9d300000,0x0000005e9d400000] [id=10116]
  0x0000024de896a000 ConcurrentGCThread "G1 Refine#7" [stack: 0x0000005e9d400000,0x0000005e9d500000] [id=2500]
  0x0000024df2283800 ConcurrentGCThread "G1 Refine#8" [stack: 0x0000005e9d500000,0x0000005e9d600000] [id=9740]
  0x0000024de1fe4800 ConcurrentGCThread "G1 Young RemSet Sampling" [stack: 0x0000005e94800000,0x0000005e94900000] [id=4488]

Threads with active compile tasks:
C2 CompilerThread112047092 38546       4       org.jetbrains.kotlin.gradle.plugin.Android25ProjectHandler::getJavaTask (241 bytes)

VM state:not at safepoint (normal execution)

VM Mutex/Monitor currently owned by a thread: None

Heap address: 0x00000000a0000000, size: 1536 MB, Compressed Oops mode: 32-bit
Narrow klass base: 0x0000000000000000, Narrow klass shift: 3
Compressed class space size: 1073741824 Address: 0x0000000100000000

Heap:
 garbage-first heap   total 326656K, used 208212K [0x00000000a0000000, 0x0000000100000000)
  region size 1024K, 87 young (89088K), 2 survivors (2048K)
 Metaspace       used 132006K, capacity 136167K, committed 144760K, reserved 1175552K
  class space    used 15421K, capacity 16766K, committed 18048K, reserved 1048576K
Heap Regions: E=young(eden), S=young(survivor), O=old, HS=humongous(starts), HC=humongous(continues), CS=collection set, F=free, A=archive, TAMS=top-at-mark-start (previous, next)
|   0|0x00000000a0000000, 0x00000000a0100000, 0x00000000a0100000|100%|HS|  |TAMS 0x00000000a0100000, 0x00000000a0000000| Complete 
|   1|0x00000000a0100000, 0x00000000a0200000, 0x00000000a0200000|100%|HC|  |TAMS 0x00000000a0200000, 0x00000000a0100000| Complete 
|   2|0x00000000a0200000, 0x00000000a0300000, 0x00000000a0300000|100%|HS|  |TAMS 0x00000000a0300000, 0x00000000a0200000| Complete 
|   3|0x00000000a0300000, 0x00000000a0400000, 0x00000000a0400000|100%|HS|  |TAMS 0x00000000a0400000, 0x00000000a0300000| Complete 
|   4|0x00000000a0400000, 0x00000000a0500000, 0x00000000a0500000|100%|HC|  |TAMS 0x00000000a0500000, 0x00000000a0400000| Complete 
|   5|0x00000000a0500000, 0x00000000a0600000, 0x00000000a0600000|100%| O|  |TAMS 0x00000000a0600000, 0x00000000a0500000| Untracked 
|   6|0x00000000a0600000, 0x00000000a0700000, 0x00000000a0700000|100%| O|  |TAMS 0x00000000a0700000, 0x00000000a0600000| Untracked 
|   7|0x00000000a0700000, 0x00000000a0800000, 0x00000000a0800000|100%|HS|  |TAMS 0x00000000a0800000, 0x00000000a0700000| Complete 
|   8|0x00000000a0800000, 0x00000000a0900000, 0x00000000a0900000|100%|HC|  |TAMS 0x00000000a0900000, 0x00000000a0800000| Complete 
|   9|0x00000000a0900000, 0x00000000a0a00000, 0x00000000a0a00000|100%|HC|  |TAMS 0x00000000a0a00000, 0x00000000a0900000| Complete 
|  10|0x00000000a0a00000, 0x00000000a0b00000, 0x00000000a0b00000|100%|HS|  |TAMS 0x00000000a0b00000, 0x00000000a0a00000| Complete 
|  11|0x00000000a0b00000, 0x00000000a0c00000, 0x00000000a0c00000|100%|HC|  |TAMS 0x00000000a0c00000, 0x00000000a0b00000| Complete 
|  12|0x00000000a0c00000, 0x00000000a0d00000, 0x00000000a0d00000|100%|HC|  |TAMS 0x00000000a0d00000, 0x00000000a0c00000| Complete 
|  13|0x00000000a0d00000, 0x00000000a0e00000, 0x00000000a0e00000|100%|HC|  |TAMS 0x00000000a0e00000, 0x00000000a0d00000| Complete 
|  14|0x00000000a0e00000, 0x00000000a0f00000, 0x00000000a0f00000|100%| O|  |TAMS 0x00000000a0f00000, 0x00000000a0e00000| Complete 
|  15|0x00000000a0f00000, 0x00000000a1000000, 0x00000000a1000000|100%| O|  |TAMS 0x00000000a1000000, 0x00000000a0f00000| Untracked 
|  16|0x00000000a1000000, 0x00000000a1100000, 0x00000000a1100000|100%| O|  |TAMS 0x00000000a1100000, 0x00000000a1000000| Untracked 
|  17|0x00000000a1100000, 0x00000000a1200000, 0x00000000a1200000|100%| O|  |TAMS 0x00000000a1200000, 0x00000000a1100000| Untracked 
|  18|0x00000000a1200000, 0x00000000a1300000, 0x00000000a1300000|100%| O|  |TAMS 0x00000000a1300000, 0x00000000a1200000| Untracked 
|  19|0x00000000a1300000, 0x00000000a1400000, 0x00000000a1400000|100%| O|  |TAMS 0x00000000a1400000, 0x00000000a1300000| Untracked 
|  20|0x00000000a1400000, 0x00000000a1500000, 0x00000000a1500000|100%| O|  |TAMS 0x00000000a1500000, 0x00000000a1400000| Untracked 
|  21|0x00000000a1500000, 0x00000000a1600000, 0x00000000a1600000|100%| O|  |TAMS 0x00000000a1600000, 0x00000000a1500000| Untracked 
|  22|0x00000000a1600000, 0x00000000a1700000, 0x00000000a1700000|100%| O|  |TAMS 0x00000000a1700000, 0x00000000a1600000| Complete 
|  23|0x00000000a1700000, 0x00000000a1800000, 0x00000000a1800000|100%| O|  |TAMS 0x00000000a1800000, 0x00000000a1700000| Complete 
|  24|0x00000000a1800000, 0x00000000a1900000, 0x00000000a1900000|100%| O|  |TAMS 0x00000000a1900000, 0x00000000a1800000| Untracked 
|  25|0x00000000a1900000, 0x00000000a1a00000, 0x00000000a1a00000|100%| O|  |TAMS 0x00000000a1a00000, 0x00000000a1900000| Untracked 
|  26|0x00000000a1a00000, 0x00000000a1b00000, 0x00000000a1b00000|100%| O|  |TAMS 0x00000000a1b00000, 0x00000000a1a00000| Complete 
|  27|0x00000000a1b00000, 0x00000000a1c00000, 0x00000000a1c00000|100%| O|  |TAMS 0x00000000a1c00000, 0x00000000a1b00000| Complete 
|  28|0x00000000a1c00000, 0x00000000a1d00000, 0x00000000a1d00000|100%|HS|  |TAMS 0x00000000a1d00000, 0x00000000a1c00000| Complete 
|  29|0x00000000a1d00000, 0x00000000a1e00000, 0x00000000a1e00000|100%|HC|  |TAMS 0x00000000a1e00000, 0x00000000a1d00000| Complete 
|  30|0x00000000a1e00000, 0x00000000a1f00000, 0x00000000a1f00000|100%|HC|  |TAMS 0x00000000a1f00000, 0x00000000a1e00000| Complete 
|  31|0x00000000a1f00000, 0x00000000a2000000, 0x00000000a2000000|100%|HS|  |TAMS 0x00000000a2000000, 0x00000000a1f00000| Complete 
|  32|0x00000000a2000000, 0x00000000a2100000, 0x00000000a2100000|100%|HC|  |TAMS 0x00000000a2100000, 0x00000000a2000000| Complete 
|  33|0x00000000a2100000, 0x00000000a2200000, 0x00000000a2200000|100%| O|  |TAMS 0x00000000a2200000, 0x00000000a2100000| Complete 
|  34|0x00000000a2200000, 0x00000000a2300000, 0x00000000a2300000|100%| O|  |TAMS 0x00000000a2300000, 0x00000000a2200000| Complete 
|  35|0x00000000a2300000, 0x00000000a2400000, 0x00000000a2400000|100%| O|  |TAMS 0x00000000a2400000, 0x00000000a2300000| Complete 
|  36|0x00000000a2400000, 0x00000000a2500000, 0x00000000a2500000|100%| O|  |TAMS 0x00000000a2500000, 0x00000000a2400000| Complete 
|  37|0x00000000a2500000, 0x00000000a2600000, 0x00000000a2600000|100%| O|  |TAMS 0x00000000a2600000, 0x00000000a2500000| Untracked 
|  38|0x00000000a2600000, 0x00000000a2700000, 0x00000000a2700000|100%| O|  |TAMS 0x00000000a2700000, 0x00000000a2600000| Complete 
|  39|0x00000000a2700000, 0x00000000a2800000, 0x00000000a2800000|100%| O|  |TAMS 0x00000000a2800000, 0x00000000a2700000| Complete 
|  40|0x00000000a2800000, 0x00000000a2900000, 0x00000000a2900000|100%| O|  |TAMS 0x00000000a2900000, 0x00000000a2800000| Complete 
|  41|0x00000000a2900000, 0x00000000a2a00000, 0x00000000a2a00000|100%|HS|  |TAMS 0x00000000a2900000, 0x00000000a2900000| Complete 
|  42|0x00000000a2a00000, 0x00000000a2b00000, 0x00000000a2b00000|100%| O|  |TAMS 0x00000000a2b00000, 0x00000000a2a00000| Untracked 
|  43|0x00000000a2b00000, 0x00000000a2bf7400, 0x00000000a2c00000| 96%| O|  |TAMS 0x00000000a2bf7400, 0x00000000a2b00000| Untracked 
|  44|0x00000000a2c00000, 0x00000000a2d00000, 0x00000000a2d00000|100%| O|  |TAMS 0x00000000a2d00000, 0x00000000a2c00000| Untracked 
|  45|0x00000000a2d00000, 0x00000000a2e00000, 0x00000000a2e00000|100%| O|  |TAMS 0x00000000a2e00000, 0x00000000a2d00000| Untracked 
|  46|0x00000000a2e00000, 0x00000000a2f00000, 0x00000000a2f00000|100%| O|  |TAMS 0x00000000a2f00000, 0x00000000a2e00000| Untracked 
|  47|0x00000000a2f00000, 0x00000000a3000000, 0x00000000a3000000|100%| O|  |TAMS 0x00000000a3000000, 0x00000000a2f00000| Complete 
|  48|0x00000000a3000000, 0x00000000a3100000, 0x00000000a3100000|100%| O|  |TAMS 0x00000000a3100000, 0x00000000a3000000| Complete 
|  49|0x00000000a3100000, 0x00000000a3200000, 0x00000000a3200000|100%| O|  |TAMS 0x00000000a3200000, 0x00000000a3100000| Complete 
|  50|0x00000000a3200000, 0x00000000a3300000, 0x00000000a3300000|100%| O|  |TAMS 0x00000000a3300000, 0x00000000a3200000| Complete 
|  51|0x00000000a3300000, 0x00000000a3400000, 0x00000000a3400000|100%| O|  |TAMS 0x00000000a3400000, 0x00000000a3300000| Complete 
|  52|0x00000000a3400000, 0x00000000a3500000, 0x00000000a3500000|100%| O|  |TAMS 0x00000000a3500000, 0x00000000a3400000| Complete 
|  53|0x00000000a3500000, 0x00000000a3600000, 0x00000000a3600000|100%|HS|  |TAMS 0x00000000a3500000, 0x00000000a3500000| Complete 
|  54|0x00000000a3600000, 0x00000000a3700000, 0x00000000a3700000|100%| O|  |TAMS 0x00000000a3700000, 0x00000000a3600000| Complete 
|  55|0x00000000a3700000, 0x00000000a3800000, 0x00000000a3800000|100%| O|  |TAMS 0x00000000a3800000, 0x00000000a3700000| Complete 
|  56|0x00000000a3800000, 0x00000000a3900000, 0x00000000a3900000|100%|HS|  |TAMS 0x00000000a3900000, 0x00000000a3800000| Complete 
|  57|0x00000000a3900000, 0x00000000a3a00000, 0x00000000a3a00000|100%|HC|  |TAMS 0x00000000a3a00000, 0x00000000a3900000| Complete 
|  58|0x00000000a3a00000, 0x00000000a3b00000, 0x00000000a3b00000|100%|HS|  |TAMS 0x00000000a3b00000, 0x00000000a3a00000| Complete 
|  59|0x00000000a3b00000, 0x00000000a3c00000, 0x00000000a3c00000|100%|HC|  |TAMS 0x00000000a3c00000, 0x00000000a3b00000| Complete 
|  60|0x00000000a3c00000, 0x00000000a3d00000, 0x00000000a3d00000|100%|HC|  |TAMS 0x00000000a3d00000, 0x00000000a3c00000| Complete 
|  61|0x00000000a3d00000, 0x00000000a3e00000, 0x00000000a3e00000|100%|HS|  |TAMS 0x00000000a3e00000, 0x00000000a3d00000| Complete 
|  62|0x00000000a3e00000, 0x00000000a3f00000, 0x00000000a3f00000|100%|HC|  |TAMS 0x00000000a3f00000, 0x00000000a3e00000| Complete 
|  63|0x00000000a3f00000, 0x00000000a4000000, 0x00000000a4000000|100%|HC|  |TAMS 0x00000000a4000000, 0x00000000a3f00000| Complete 
|  64|0x00000000a4000000, 0x00000000a4100000, 0x00000000a4100000|100%|HC|  |TAMS 0x00000000a4100000, 0x00000000a4000000| Complete 
|  65|0x00000000a4100000, 0x00000000a4200000, 0x00000000a4200000|100%| O|  |TAMS 0x00000000a4200000, 0x00000000a4100000| Complete 
|  66|0x00000000a4200000, 0x00000000a4300000, 0x00000000a4300000|100%|HS|  |TAMS 0x00000000a4200000, 0x00000000a4200000| Complete 
|  67|0x00000000a4300000, 0x00000000a4400000, 0x00000000a4400000|100%| O|  |TAMS 0x00000000a4400000, 0x00000000a4300000| Complete 
|  68|0x00000000a4400000, 0x00000000a4500000, 0x00000000a4500000|100%| O|  |TAMS 0x00000000a4500000, 0x00000000a4400000| Complete 
|  69|0x00000000a4500000, 0x00000000a4600000, 0x00000000a4600000|100%| O|  |TAMS 0x00000000a4600000, 0x00000000a4500000| Complete 
|  70|0x00000000a4600000, 0x00000000a4700000, 0x00000000a4700000|100%| O|  |TAMS 0x00000000a4700000, 0x00000000a4600000| Complete 
|  71|0x00000000a4700000, 0x00000000a4800000, 0x00000000a4800000|100%| O|  |TAMS 0x00000000a4800000, 0x00000000a4700000| Complete 
|  72|0x00000000a4800000, 0x00000000a4900000, 0x00000000a4900000|100%|HS|  |TAMS 0x00000000a4800000, 0x00000000a4800000| Complete 
|  73|0x00000000a4900000, 0x00000000a4a00000, 0x00000000a4a00000|100%| O|  |TAMS 0x00000000a4a00000, 0x00000000a4900000| Untracked 
|  74|0x00000000a4a00000, 0x00000000a4b00000, 0x00000000a4b00000|100%|HS|  |TAMS 0x00000000a4a00000, 0x00000000a4a00000| Complete 
|  75|0x00000000a4b00000, 0x00000000a4c00000, 0x00000000a4c00000|100%| O|  |TAMS 0x00000000a4c00000, 0x00000000a4b00000| Complete 
|  76|0x00000000a4c00000, 0x00000000a4d00000, 0x00000000a4d00000|100%| O|  |TAMS 0x00000000a4d00000, 0x00000000a4c00000| Complete 
|  77|0x00000000a4d00000, 0x00000000a4e00000, 0x00000000a4e00000|100%| O|  |TAMS 0x00000000a4e00000, 0x00000000a4d00000| Complete 
|  78|0x00000000a4e00000, 0x00000000a4f00000, 0x00000000a4f00000|100%| O|  |TAMS 0x00000000a4f00000, 0x00000000a4e00000| Complete 
|  79|0x00000000a4f00000, 0x00000000a5000000, 0x00000000a5000000|100%| O|  |TAMS 0x00000000a5000000, 0x00000000a4f00000| Complete 
|  80|0x00000000a5000000, 0x00000000a5100000, 0x00000000a5100000|100%| O|  |TAMS 0x00000000a5100000, 0x00000000a5000000| Complete 
|  81|0x00000000a5100000, 0x00000000a5200000, 0x00000000a5200000|100%| O|  |TAMS 0x00000000a5200000, 0x00000000a5100000| Complete 
|  82|0x00000000a5200000, 0x00000000a5300000, 0x00000000a5300000|100%| O|  |TAMS 0x00000000a5300000, 0x00000000a5200000| Complete 
|  83|0x00000000a5300000, 0x00000000a5400000, 0x00000000a5400000|100%| O|  |TAMS 0x00000000a5400000, 0x00000000a5300000| Complete 
|  84|0x00000000a5400000, 0x00000000a5500000, 0x00000000a5500000|100%| O|  |TAMS 0x00000000a5500000, 0x00000000a5400000| Complete 
|  85|0x00000000a5500000, 0x00000000a5600000, 0x00000000a5600000|100%| O|  |TAMS 0x00000000a5600000, 0x00000000a5500000| Complete 
|  86|0x00000000a5600000, 0x00000000a5700000, 0x00000000a5700000|100%| O|  |TAMS 0x00000000a5700000, 0x00000000a5600000| Complete 
|  87|0x00000000a5700000, 0x00000000a5800000, 0x00000000a5800000|100%| O|  |TAMS 0x00000000a5800000, 0x00000000a5700000| Complete 
|  88|0x00000000a5800000, 0x00000000a5900000, 0x00000000a5900000|100%| O|  |TAMS 0x00000000a5900000, 0x00000000a5800000| Untracked 
|  89|0x00000000a5900000, 0x00000000a5a00000, 0x00000000a5a00000|100%|HS|  |TAMS 0x00000000a5900000, 0x00000000a5900000| Complete 
|  90|0x00000000a5a00000, 0x00000000a5b00000, 0x00000000a5b00000|100%|HC|  |TAMS 0x00000000a5a00000, 0x00000000a5a00000| Complete 
|  91|0x00000000a5b00000, 0x00000000a5c00000, 0x00000000a5c00000|100%| O|  |TAMS 0x00000000a5c00000, 0x00000000a5b00000| Untracked 
|  92|0x00000000a5c00000, 0x00000000a5d00000, 0x00000000a5d00000|100%| O|  |TAMS 0x00000000a5d00000, 0x00000000a5c00000| Complete 
|  93|0x00000000a5d00000, 0x00000000a5e00000, 0x00000000a5e00000|100%| O|  |TAMS 0x00000000a5e00000, 0x00000000a5d00000| Complete 
|  94|0x00000000a5e00000, 0x00000000a5f00000, 0x00000000a5f00000|100%| O|  |TAMS 0x00000000a5f00000, 0x00000000a5e00000| Untracked 
|  95|0x00000000a5f00000, 0x00000000a5f00000, 0x00000000a6000000|  0%| F|  |TAMS 0x00000000a5f00000, 0x00000000a5f00000| Untracked 
|  96|0x00000000a6000000, 0x00000000a6100000, 0x00000000a6100000|100%| O|  |TAMS 0x00000000a6100000, 0x00000000a6000000| Untracked 
|  97|0x00000000a6100000, 0x00000000a6200000, 0x00000000a6200000|100%| O|  |TAMS 0x00000000a6200000, 0x00000000a6100000| Complete 
|  98|0x00000000a6200000, 0x00000000a6300000, 0x00000000a6300000|100%| O|  |TAMS 0x00000000a6300000, 0x00000000a6200000| Untracked 
|  99|0x00000000a6300000, 0x00000000a6400000, 0x00000000a6400000|100%| O|  |TAMS 0x00000000a6400000, 0x00000000a6300000| Complete 
| 100|0x00000000a6400000, 0x00000000a6400000, 0x00000000a6500000|  0%| F|  |TAMS 0x00000000a6400000, 0x00000000a6400000| Untracked 
| 101|0x00000000a6500000, 0x00000000a6600000, 0x00000000a6600000|100%| O|  |TAMS 0x00000000a6600000, 0x00000000a6500000| Complete 
| 102|0x00000000a6600000, 0x00000000a6700000, 0x00000000a6700000|100%| O|  |TAMS 0x00000000a6700000, 0x00000000a6600000| Complete 
| 103|0x00000000a6700000, 0x00000000a6800000, 0x00000000a6800000|100%| O|  |TAMS 0x00000000a6800000, 0x00000000a6700000| Complete 
| 104|0x00000000a6800000, 0x00000000a6900000, 0x00000000a6900000|100%| O|  |TAMS 0x00000000a6900000, 0x00000000a6800000| Complete 
| 105|0x00000000a6900000, 0x00000000a6a00000, 0x00000000a6a00000|100%| O|  |TAMS 0x00000000a6a00000, 0x00000000a6900000| Complete 
| 106|0x00000000a6a00000, 0x00000000a6b00000, 0x00000000a6b00000|100%| O|  |TAMS 0x00000000a6b00000, 0x00000000a6a00000| Complete 
| 107|0x00000000a6b00000, 0x00000000a6c00000, 0x00000000a6c00000|100%| O|  |TAMS 0x00000000a6c00000, 0x00000000a6b00000| Complete 
| 108|0x00000000a6c00000, 0x00000000a6c00000, 0x00000000a6d00000|  0%| F|  |TAMS 0x00000000a6c00000, 0x00000000a6c00000| Untracked 
| 109|0x00000000a6d00000, 0x00000000a6e00000, 0x00000000a6e00000|100%| O|  |TAMS 0x00000000a6e00000, 0x00000000a6d00000| Complete 
| 110|0x00000000a6e00000, 0x00000000a6f00000, 0x00000000a6f00000|100%|HS|  |TAMS 0x00000000a6e00000, 0x00000000a6e00000| Complete 
| 111|0x00000000a6f00000, 0x00000000a7000000, 0x00000000a7000000|100%|HC|  |TAMS 0x00000000a6f00000, 0x00000000a6f00000| Complete 
| 112|0x00000000a7000000, 0x00000000a7100000, 0x00000000a7100000|100%| O|  |TAMS 0x00000000a7100000, 0x00000000a7000000| Complete 
| 113|0x00000000a7100000, 0x00000000a7200000, 0x00000000a7200000|100%|HS|  |TAMS 0x00000000a7100000, 0x00000000a7100000| Complete 
| 114|0x00000000a7200000, 0x00000000a7300000, 0x00000000a7300000|100%|HC|  |TAMS 0x00000000a7200000, 0x00000000a7200000| Complete 
| 115|0x00000000a7300000, 0x00000000a7300000, 0x00000000a7400000|  0%| F|  |TAMS 0x00000000a7300000, 0x00000000a7300000| Untracked 
| 116|0x00000000a7400000, 0x00000000a7400000, 0x00000000a7500000|  0%| F|  |TAMS 0x00000000a7400000, 0x00000000a7400000| Untracked 
| 117|0x00000000a7500000, 0x00000000a7600000, 0x00000000a7600000|100%| O|  |TAMS 0x00000000a7600000, 0x00000000a7500000| Complete 
| 118|0x00000000a7600000, 0x00000000a7600000, 0x00000000a7700000|  0%| F|  |TAMS 0x00000000a7600000, 0x00000000a7600000| Untracked 
| 119|0x00000000a7700000, 0x00000000a7700000, 0x00000000a7800000|  0%| F|  |TAMS 0x00000000a7700000, 0x00000000a7700000| Untracked 
| 120|0x00000000a7800000, 0x00000000a7800000, 0x00000000a7900000|  0%| F|  |TAMS 0x00000000a7800000, 0x00000000a7800000| Untracked 
| 121|0x00000000a7900000, 0x00000000a7900000, 0x00000000a7a00000|  0%| F|  |TAMS 0x00000000a7900000, 0x00000000a7900000| Untracked 
| 122|0x00000000a7a00000, 0x00000000a7a00000, 0x00000000a7b00000|  0%| F|  |TAMS 0x00000000a7a00000, 0x00000000a7a00000| Untracked 
| 123|0x00000000a7b00000, 0x00000000a7b00000, 0x00000000a7c00000|  0%| F|  |TAMS 0x00000000a7b00000, 0x00000000a7b00000| Untracked 
| 124|0x00000000a7c00000, 0x00000000a7c00000, 0x00000000a7d00000|  0%| F|  |TAMS 0x00000000a7c00000, 0x00000000a7c00000| Untracked 
| 125|0x00000000a7d00000, 0x00000000a7d00000, 0x00000000a7e00000|  0%| F|  |TAMS 0x00000000a7d00000, 0x00000000a7d00000| Untracked 
| 126|0x00000000a7e00000, 0x00000000a7e00000, 0x00000000a7f00000|  0%| F|  |TAMS 0x00000000a7e00000, 0x00000000a7e00000| Untracked 
| 127|0x00000000a7f00000, 0x00000000a7f00000, 0x00000000a8000000|  0%| F|  |TAMS 0x00000000a7f00000, 0x00000000a7f00000| Untracked 
| 128|0x00000000a8000000, 0x00000000a8000000, 0x00000000a8100000|  0%| F|  |TAMS 0x00000000a8000000, 0x00000000a8000000| Untracked 
| 129|0x00000000a8100000, 0x00000000a8100000, 0x00000000a8200000|  0%| F|  |TAMS 0x00000000a8100000, 0x00000000a8100000| Untracked 
| 130|0x00000000a8200000, 0x00000000a8200000, 0x00000000a8300000|  0%| F|  |TAMS 0x00000000a8200000, 0x00000000a8200000| Untracked 
| 131|0x00000000a8300000, 0x00000000a8300000, 0x00000000a8400000|  0%| F|  |TAMS 0x00000000a8300000, 0x00000000a8300000| Untracked 
| 132|0x00000000a8400000, 0x00000000a8400000, 0x00000000a8500000|  0%| F|  |TAMS 0x00000000a8400000, 0x00000000a8400000| Untracked 
| 133|0x00000000a8500000, 0x00000000a8500000, 0x00000000a8600000|  0%| F|  |TAMS 0x00000000a8500000, 0x00000000a8500000| Untracked 
| 134|0x00000000a8600000, 0x00000000a8600000, 0x00000000a8700000|  0%| F|  |TAMS 0x00000000a8600000, 0x00000000a8600000| Untracked 
| 135|0x00000000a8700000, 0x00000000a8800000, 0x00000000a8800000|100%| O|  |TAMS 0x00000000a8800000, 0x00000000a8700000| Complete 
| 136|0x00000000a8800000, 0x00000000a8800000, 0x00000000a8900000|  0%| F|  |TAMS 0x00000000a8800000, 0x00000000a8800000| Untracked 
| 137|0x00000000a8900000, 0x00000000a8900000, 0x00000000a8a00000|  0%| F|  |TAMS 0x00000000a8900000, 0x00000000a8900000| Untracked 
| 138|0x00000000a8a00000, 0x00000000a8a00000, 0x00000000a8b00000|  0%| F|  |TAMS 0x00000000a8a00000, 0x00000000a8a00000| Untracked 
| 139|0x00000000a8b00000, 0x00000000a8b00000, 0x00000000a8c00000|  0%| F|  |TAMS 0x00000000a8b00000, 0x00000000a8b00000| Untracked 
| 140|0x00000000a8c00000, 0x00000000a8c00000, 0x00000000a8d00000|  0%| F|  |TAMS 0x00000000a8c00000, 0x00000000a8c00000| Untracked 
| 141|0x00000000a8d00000, 0x00000000a8d00000, 0x00000000a8e00000|  0%| F|  |TAMS 0x00000000a8d00000, 0x00000000a8d00000| Untracked 
| 142|0x00000000a8e00000, 0x00000000a8e00000, 0x00000000a8f00000|  0%| F|  |TAMS 0x00000000a8e00000, 0x00000000a8e00000| Untracked 
| 143|0x00000000a8f00000, 0x00000000a8f00000, 0x00000000a9000000|  0%| F|  |TAMS 0x00000000a8f00000, 0x00000000a8f00000| Untracked 
| 144|0x00000000a9000000, 0x00000000a9000000, 0x00000000a9100000|  0%| F|  |TAMS 0x00000000a9000000, 0x00000000a9000000| Untracked 
| 145|0x00000000a9100000, 0x00000000a9100000, 0x00000000a9200000|  0%| F|  |TAMS 0x00000000a9100000, 0x00000000a9100000| Untracked 
| 146|0x00000000a9200000, 0x00000000a9200000, 0x00000000a9300000|  0%| F|  |TAMS 0x00000000a9200000, 0x00000000a9200000| Untracked 
| 147|0x00000000a9300000, 0x00000000a9400000, 0x00000000a9400000|100%| O|  |TAMS 0x00000000a9400000, 0x00000000a9300000| Complete 
| 148|0x00000000a9400000, 0x00000000a9400000, 0x00000000a9500000|  0%| F|  |TAMS 0x00000000a9400000, 0x00000000a9400000| Untracked 
| 149|0x00000000a9500000, 0x00000000a9500000, 0x00000000a9600000|  0%| F|  |TAMS 0x00000000a9500000, 0x00000000a9500000| Untracked 
| 150|0x00000000a9600000, 0x00000000a9600000, 0x00000000a9700000|  0%| F|  |TAMS 0x00000000a9600000, 0x00000000a9600000| Untracked 
| 151|0x00000000a9700000, 0x00000000a9700000, 0x00000000a9800000|  0%| F|  |TAMS 0x00000000a9700000, 0x00000000a9700000| Untracked 
| 152|0x00000000a9800000, 0x00000000a9800000, 0x00000000a9900000|  0%| F|  |TAMS 0x00000000a9800000, 0x00000000a9800000| Untracked 
| 153|0x00000000a9900000, 0x00000000a9900000, 0x00000000a9a00000|  0%| F|  |TAMS 0x00000000a9900000, 0x00000000a9900000| Untracked 
| 154|0x00000000a9a00000, 0x00000000a9a00000, 0x00000000a9b00000|  0%| F|  |TAMS 0x00000000a9a00000, 0x00000000a9a00000| Untracked 
| 155|0x00000000a9b00000, 0x00000000a9b00000, 0x00000000a9c00000|  0%| F|  |TAMS 0x00000000a9b00000, 0x00000000a9b00000| Untracked 
| 156|0x00000000a9c00000, 0x00000000a9c00000, 0x00000000a9d00000|  0%| F|  |TAMS 0x00000000a9c00000, 0x00000000a9c00000| Untracked 
| 157|0x00000000a9d00000, 0x00000000a9d00000, 0x00000000a9e00000|  0%| F|  |TAMS 0x00000000a9d00000, 0x00000000a9d00000| Untracked 
| 158|0x00000000a9e00000, 0x00000000a9e00000, 0x00000000a9f00000|  0%| F|  |TAMS 0x00000000a9e00000, 0x00000000a9e00000| Untracked 
| 159|0x00000000a9f00000, 0x00000000a9f00000, 0x00000000aa000000|  0%| F|  |TAMS 0x00000000a9f00000, 0x00000000a9f00000| Untracked 
| 160|0x00000000aa000000, 0x00000000aa000000, 0x00000000aa100000|  0%| F|  |TAMS 0x00000000aa000000, 0x00000000aa000000| Untracked 
| 161|0x00000000aa100000, 0x00000000aa100000, 0x00000000aa200000|  0%| F|  |TAMS 0x00000000aa100000, 0x00000000aa100000| Untracked 
| 162|0x00000000aa200000, 0x00000000aa200000, 0x00000000aa300000|  0%| F|  |TAMS 0x00000000aa200000, 0x00000000aa200000| Untracked 
| 163|0x00000000aa300000, 0x00000000aa300000, 0x00000000aa400000|  0%| F|  |TAMS 0x00000000aa300000, 0x00000000aa300000| Untracked 
| 164|0x00000000aa400000, 0x00000000aa400000, 0x00000000aa500000|  0%| F|  |TAMS 0x00000000aa400000, 0x00000000aa400000| Untracked 
| 165|0x00000000aa500000, 0x00000000aa500000, 0x00000000aa600000|  0%| F|  |TAMS 0x00000000aa500000, 0x00000000aa500000| Untracked 
| 166|0x00000000aa600000, 0x00000000aa600000, 0x00000000aa700000|  0%| F|  |TAMS 0x00000000aa600000, 0x00000000aa600000| Untracked 
| 167|0x00000000aa700000, 0x00000000aa700000, 0x00000000aa800000|  0%| F|  |TAMS 0x00000000aa700000, 0x00000000aa700000| Untracked 
| 168|0x00000000aa800000, 0x00000000aa800000, 0x00000000aa900000|  0%| F|  |TAMS 0x00000000aa800000, 0x00000000aa800000| Untracked 
| 169|0x00000000aa900000, 0x00000000aa900000, 0x00000000aaa00000|  0%| F|  |TAMS 0x00000000aa900000, 0x00000000aa900000| Untracked 
| 170|0x00000000aaa00000, 0x00000000aaa00000, 0x00000000aab00000|  0%| F|  |TAMS 0x00000000aaa00000, 0x00000000aaa00000| Untracked 
| 171|0x00000000aab00000, 0x00000000aac00000, 0x00000000aac00000|100%| O|  |TAMS 0x00000000aac00000, 0x00000000aab00000| Untracked 
| 172|0x00000000aac00000, 0x00000000aac00000, 0x00000000aad00000|  0%| F|  |TAMS 0x00000000aac00000, 0x00000000aac00000| Untracked 
| 173|0x00000000aad00000, 0x00000000aae00000, 0x00000000aae00000|100%| O|  |TAMS 0x00000000aae00000, 0x00000000aad00000| Untracked 
| 174|0x00000000aae00000, 0x00000000aae00000, 0x00000000aaf00000|  0%| F|  |TAMS 0x00000000aae00000, 0x00000000aae00000| Untracked 
| 175|0x00000000aaf00000, 0x00000000ab000000, 0x00000000ab000000|100%| O|  |TAMS 0x00000000ab000000, 0x00000000aaf00000| Complete 
| 176|0x00000000ab000000, 0x00000000ab100000, 0x00000000ab100000|100%| O|  |TAMS 0x00000000ab100000, 0x00000000ab000000| Complete 
| 177|0x00000000ab100000, 0x00000000ab100000, 0x00000000ab200000|  0%| F|  |TAMS 0x00000000ab100000, 0x00000000ab100000| Untracked 
| 178|0x00000000ab200000, 0x00000000ab200000, 0x00000000ab300000|  0%| F|  |TAMS 0x00000000ab200000, 0x00000000ab200000| Untracked 
| 179|0x00000000ab300000, 0x00000000ab300000, 0x00000000ab400000|  0%| F|  |TAMS 0x00000000ab300000, 0x00000000ab300000| Untracked 
| 180|0x00000000ab400000, 0x00000000ab400000, 0x00000000ab500000|  0%| F|  |TAMS 0x00000000ab400000, 0x00000000ab400000| Untracked 
| 181|0x00000000ab500000, 0x00000000ab500000, 0x00000000ab600000|  0%| F|  |TAMS 0x00000000ab500000, 0x00000000ab500000| Untracked 
| 182|0x00000000ab600000, 0x00000000ab600000, 0x00000000ab700000|  0%| F|  |TAMS 0x00000000ab600000, 0x00000000ab600000| Untracked 
| 183|0x00000000ab700000, 0x00000000ab700000, 0x00000000ab800000|  0%| F|  |TAMS 0x00000000ab700000, 0x00000000ab700000| Untracked 
| 184|0x00000000ab800000, 0x00000000ab800000, 0x00000000ab900000|  0%| F|  |TAMS 0x00000000ab800000, 0x00000000ab800000| Untracked 
| 185|0x00000000ab900000, 0x00000000ab900000, 0x00000000aba00000|  0%| F|  |TAMS 0x00000000ab900000, 0x00000000ab900000| Untracked 
| 186|0x00000000aba00000, 0x00000000aba00000, 0x00000000abb00000|  0%| F|  |TAMS 0x00000000aba00000, 0x00000000aba00000| Untracked 
| 187|0x00000000abb00000, 0x00000000abb00000, 0x00000000abc00000|  0%| F|  |TAMS 0x00000000abb00000, 0x00000000abb00000| Untracked 
| 188|0x00000000abc00000, 0x00000000abc00000, 0x00000000abd00000|  0%| F|  |TAMS 0x00000000abc00000, 0x00000000abc00000| Untracked 
| 189|0x00000000abd00000, 0x00000000abd00000, 0x00000000abe00000|  0%| F|  |TAMS 0x00000000abd00000, 0x00000000abd00000| Untracked 
| 190|0x00000000abe00000, 0x00000000abe00000, 0x00000000abf00000|  0%| F|  |TAMS 0x00000000abe00000, 0x00000000abe00000| Untracked 
| 191|0x00000000abf00000, 0x00000000abf00000, 0x00000000ac000000|  0%| F|  |TAMS 0x00000000abf00000, 0x00000000abf00000| Untracked 
| 192|0x00000000ac000000, 0x00000000ac000000, 0x00000000ac100000|  0%| F|  |TAMS 0x00000000ac000000, 0x00000000ac000000| Untracked 
| 193|0x00000000ac100000, 0x00000000ac100000, 0x00000000ac200000|  0%| F|  |TAMS 0x00000000ac100000, 0x00000000ac100000| Untracked 
| 194|0x00000000ac200000, 0x00000000ac200000, 0x00000000ac300000|  0%| F|  |TAMS 0x00000000ac200000, 0x00000000ac200000| Untracked 
| 195|0x00000000ac300000, 0x00000000ac300000, 0x00000000ac400000|  0%| F|  |TAMS 0x00000000ac300000, 0x00000000ac300000| Untracked 
| 196|0x00000000ac400000, 0x00000000ac400000, 0x00000000ac500000|  0%| F|  |TAMS 0x00000000ac400000, 0x00000000ac400000| Untracked 
| 197|0x00000000ac500000, 0x00000000ac500000, 0x00000000ac600000|  0%| F|  |TAMS 0x00000000ac500000, 0x00000000ac500000| Untracked 
| 198|0x00000000ac600000, 0x00000000ac600000, 0x00000000ac700000|  0%| F|  |TAMS 0x00000000ac600000, 0x00000000ac600000| Untracked 
| 199|0x00000000ac700000, 0x00000000ac700000, 0x00000000ac800000|  0%| F|  |TAMS 0x00000000ac700000, 0x00000000ac700000| Untracked 
| 200|0x00000000ac800000, 0x00000000ac800000, 0x00000000ac900000|  0%| F|  |TAMS 0x00000000ac800000, 0x00000000ac800000| Untracked 
| 201|0x00000000ac900000, 0x00000000ac900000, 0x00000000aca00000|  0%| F|  |TAMS 0x00000000ac900000, 0x00000000ac900000| Untracked 
| 202|0x00000000aca00000, 0x00000000aca00000, 0x00000000acb00000|  0%| F|  |TAMS 0x00000000aca00000, 0x00000000aca00000| Untracked 
| 203|0x00000000acb00000, 0x00000000acb00000, 0x00000000acc00000|  0%| F|  |TAMS 0x00000000acb00000, 0x00000000acb00000| Untracked 
| 204|0x00000000acc00000, 0x00000000acc00000, 0x00000000acd00000|  0%| F|  |TAMS 0x00000000acc00000, 0x00000000acc00000| Untracked 
| 205|0x00000000acd00000, 0x00000000acd00000, 0x00000000ace00000|  0%| F|  |TAMS 0x00000000acd00000, 0x00000000acd00000| Untracked 
| 206|0x00000000ace00000, 0x00000000ace00000, 0x00000000acf00000|  0%| F|  |TAMS 0x00000000ace00000, 0x00000000ace00000| Untracked 
| 207|0x00000000acf00000, 0x00000000acf00000, 0x00000000ad000000|  0%| F|  |TAMS 0x00000000acf00000, 0x00000000acf00000| Untracked 
| 208|0x00000000ad000000, 0x00000000ad000000, 0x00000000ad100000|  0%| F|  |TAMS 0x00000000ad000000, 0x00000000ad000000| Untracked 
| 209|0x00000000ad100000, 0x00000000ad100000, 0x00000000ad200000|  0%| F|  |TAMS 0x00000000ad100000, 0x00000000ad100000| Untracked 
| 210|0x00000000ad200000, 0x00000000ad200000, 0x00000000ad300000|  0%| F|  |TAMS 0x00000000ad200000, 0x00000000ad200000| Untracked 
| 211|0x00000000ad300000, 0x00000000ad300000, 0x00000000ad400000|  0%| F|  |TAMS 0x00000000ad300000, 0x00000000ad300000| Untracked 
| 212|0x00000000ad400000, 0x00000000ad400000, 0x00000000ad500000|  0%| F|  |TAMS 0x00000000ad400000, 0x00000000ad400000| Untracked 
| 213|0x00000000ad500000, 0x00000000ad500000, 0x00000000ad600000|  0%| F|  |TAMS 0x00000000ad500000, 0x00000000ad500000| Untracked 
| 214|0x00000000ad600000, 0x00000000ad600000, 0x00000000ad700000|  0%| F|  |TAMS 0x00000000ad600000, 0x00000000ad600000| Untracked 
| 215|0x00000000ad700000, 0x00000000ad700000, 0x00000000ad800000|  0%| F|  |TAMS 0x00000000ad700000, 0x00000000ad700000| Untracked 
| 216|0x00000000ad800000, 0x00000000ad800000, 0x00000000ad900000|  0%| F|  |TAMS 0x00000000ad800000, 0x00000000ad800000| Untracked 
| 217|0x00000000ad900000, 0x00000000ad900000, 0x00000000ada00000|  0%| F|  |TAMS 0x00000000ad900000, 0x00000000ad900000| Untracked 
| 218|0x00000000ada00000, 0x00000000ada00000, 0x00000000adb00000|  0%| F|  |TAMS 0x00000000ada00000, 0x00000000ada00000| Untracked 
| 219|0x00000000adb00000, 0x00000000adb00000, 0x00000000adc00000|  0%| F|  |TAMS 0x00000000adb00000, 0x00000000adb00000| Untracked 
| 220|0x00000000adc00000, 0x00000000adc00000, 0x00000000add00000|  0%| F|  |TAMS 0x00000000adc00000, 0x00000000adc00000| Untracked 
| 221|0x00000000add00000, 0x00000000add00000, 0x00000000ade00000|  0%| F|  |TAMS 0x00000000add00000, 0x00000000add00000| Untracked 
| 222|0x00000000ade00000, 0x00000000ade00000, 0x00000000adf00000|  0%| F|  |TAMS 0x00000000ade00000, 0x00000000ade00000| Untracked 
| 223|0x00000000adf00000, 0x00000000adf00000, 0x00000000ae000000|  0%| F|  |TAMS 0x00000000adf00000, 0x00000000adf00000| Untracked 
| 224|0x00000000ae000000, 0x00000000ae000000, 0x00000000ae100000|  0%| F|  |TAMS 0x00000000ae000000, 0x00000000ae000000| Untracked 
| 225|0x00000000ae100000, 0x00000000ae100000, 0x00000000ae200000|  0%| F|  |TAMS 0x00000000ae100000, 0x00000000ae100000| Untracked 
| 226|0x00000000ae200000, 0x00000000ae200000, 0x00000000ae300000|  0%| F|  |TAMS 0x00000000ae200000, 0x00000000ae200000| Untracked 
| 227|0x00000000ae300000, 0x00000000ae300000, 0x00000000ae400000|  0%| F|  |TAMS 0x00000000ae300000, 0x00000000ae300000| Untracked 
| 228|0x00000000ae400000, 0x00000000ae400000, 0x00000000ae500000|  0%| F|  |TAMS 0x00000000ae400000, 0x00000000ae400000| Untracked 
| 229|0x00000000ae500000, 0x00000000ae500000, 0x00000000ae600000|  0%| F|  |TAMS 0x00000000ae500000, 0x00000000ae500000| Untracked 
| 230|0x00000000ae600000, 0x00000000ae600000, 0x00000000ae700000|  0%| F|  |TAMS 0x00000000ae600000, 0x00000000ae600000| Untracked 
| 231|0x00000000ae700000, 0x00000000ae700000, 0x00000000ae800000|  0%| F|  |TAMS 0x00000000ae700000, 0x00000000ae700000| Untracked 
| 232|0x00000000ae800000, 0x00000000ae8f1928, 0x00000000ae900000| 94%| E|  |TAMS 0x00000000ae800000, 0x00000000ae800000| Complete 
| 233|0x00000000ae900000, 0x00000000aea00000, 0x00000000aea00000|100%| E|CS|TAMS 0x00000000ae900000, 0x00000000ae900000| Complete 
| 234|0x00000000aea00000, 0x00000000aeb00000, 0x00000000aeb00000|100%| E|CS|TAMS 0x00000000aea00000, 0x00000000aea00000| Complete 
| 235|0x00000000aeb00000, 0x00000000aec00000, 0x00000000aec00000|100%| E|CS|TAMS 0x00000000aeb00000, 0x00000000aeb00000| Complete 
| 236|0x00000000aec00000, 0x00000000aed00000, 0x00000000aed00000|100%| E|CS|TAMS 0x00000000aec00000, 0x00000000aec00000| Complete 
| 237|0x00000000aed00000, 0x00000000aee00000, 0x00000000aee00000|100%| E|CS|TAMS 0x00000000aed00000, 0x00000000aed00000| Complete 
| 238|0x00000000aee00000, 0x00000000aef00000, 0x00000000aef00000|100%| E|CS|TAMS 0x00000000aee00000, 0x00000000aee00000| Complete 
| 239|0x00000000aef00000, 0x00000000af000000, 0x00000000af000000|100%| E|CS|TAMS 0x00000000aef00000, 0x00000000aef00000| Complete 
| 240|0x00000000af000000, 0x00000000af100000, 0x00000000af100000|100%| E|CS|TAMS 0x00000000af000000, 0x00000000af000000| Complete 
| 241|0x00000000af100000, 0x00000000af200000, 0x00000000af200000|100%| E|  |TAMS 0x00000000af100000, 0x00000000af100000| Complete 
| 242|0x00000000af200000, 0x00000000af300000, 0x00000000af300000|100%| E|CS|TAMS 0x00000000af200000, 0x00000000af200000| Complete 
| 243|0x00000000af300000, 0x00000000af400000, 0x00000000af400000|100%| E|CS|TAMS 0x00000000af300000, 0x00000000af300000| Complete 
| 244|0x00000000af400000, 0x00000000af500000, 0x00000000af500000|100%| E|CS|TAMS 0x00000000af400000, 0x00000000af400000| Complete 
| 245|0x00000000af500000, 0x00000000af600000, 0x00000000af600000|100%| E|CS|TAMS 0x00000000af500000, 0x00000000af500000| Complete 
| 246|0x00000000af600000, 0x00000000af700000, 0x00000000af700000|100%| E|CS|TAMS 0x00000000af600000, 0x00000000af600000| Complete 
| 247|0x00000000af700000, 0x00000000af800000, 0x00000000af800000|100%| E|CS|TAMS 0x00000000af700000, 0x00000000af700000| Complete 
| 248|0x00000000af800000, 0x00000000af900000, 0x00000000af900000|100%| E|CS|TAMS 0x00000000af800000, 0x00000000af800000| Complete 
| 249|0x00000000af900000, 0x00000000afa00000, 0x00000000afa00000|100%| E|CS|TAMS 0x00000000af900000, 0x00000000af900000| Complete 
| 250|0x00000000afa00000, 0x00000000afb00000, 0x00000000afb00000|100%| E|CS|TAMS 0x00000000afa00000, 0x00000000afa00000| Complete 
| 251|0x00000000afb00000, 0x00000000afc00000, 0x00000000afc00000|100%| E|CS|TAMS 0x00000000afb00000, 0x00000000afb00000| Complete 
| 252|0x00000000afc00000, 0x00000000afd00000, 0x00000000afd00000|100%| E|CS|TAMS 0x00000000afc00000, 0x00000000afc00000| Complete 
| 253|0x00000000afd00000, 0x00000000afe00000, 0x00000000afe00000|100%| E|CS|TAMS 0x00000000afd00000, 0x00000000afd00000| Complete 
| 254|0x00000000afe00000, 0x00000000aff00000, 0x00000000aff00000|100%| E|CS|TAMS 0x00000000afe00000, 0x00000000afe00000| Complete 
| 255|0x00000000aff00000, 0x00000000b0000000, 0x00000000b0000000|100%| E|CS|TAMS 0x00000000aff00000, 0x00000000aff00000| Complete 
| 256|0x00000000b0000000, 0x00000000b0100000, 0x00000000b0100000|100%| E|CS|TAMS 0x00000000b0000000, 0x00000000b0000000| Complete 
| 257|0x00000000b0100000, 0x00000000b0200000, 0x00000000b0200000|100%| E|CS|TAMS 0x00000000b0100000, 0x00000000b0100000| Complete 
| 258|0x00000000b0200000, 0x00000000b0300000, 0x00000000b0300000|100%| E|CS|TAMS 0x00000000b0200000, 0x00000000b0200000| Complete 
| 259|0x00000000b0300000, 0x00000000b0400000, 0x00000000b0400000|100%| E|CS|TAMS 0x00000000b0300000, 0x00000000b0300000| Complete 
| 260|0x00000000b0400000, 0x00000000b0500000, 0x00000000b0500000|100%| E|CS|TAMS 0x00000000b0400000, 0x00000000b0400000| Complete 
| 261|0x00000000b0500000, 0x00000000b0600000, 0x00000000b0600000|100%| E|CS|TAMS 0x00000000b0500000, 0x00000000b0500000| Complete 
| 262|0x00000000b0600000, 0x00000000b0700000, 0x00000000b0700000|100%| E|CS|TAMS 0x00000000b0600000, 0x00000000b0600000| Complete 
| 263|0x00000000b0700000, 0x00000000b0800000, 0x00000000b0800000|100%| E|CS|TAMS 0x00000000b0700000, 0x00000000b0700000| Complete 
| 264|0x00000000b0800000, 0x00000000b0900000, 0x00000000b0900000|100%| E|CS|TAMS 0x00000000b0800000, 0x00000000b0800000| Complete 
| 265|0x00000000b0900000, 0x00000000b0a00000, 0x00000000b0a00000|100%| E|CS|TAMS 0x00000000b0900000, 0x00000000b0900000| Complete 
| 266|0x00000000b0a00000, 0x00000000b0b00000, 0x00000000b0b00000|100%| E|CS|TAMS 0x00000000b0a00000, 0x00000000b0a00000| Complete 
| 267|0x00000000b0b00000, 0x00000000b0c00000, 0x00000000b0c00000|100%| E|CS|TAMS 0x00000000b0b00000, 0x00000000b0b00000| Complete 
| 268|0x00000000b0c00000, 0x00000000b0d00000, 0x00000000b0d00000|100%| E|CS|TAMS 0x00000000b0c00000, 0x00000000b0c00000| Complete 
| 269|0x00000000b0d00000, 0x00000000b0e00000, 0x00000000b0e00000|100%| E|CS|TAMS 0x00000000b0d00000, 0x00000000b0d00000| Complete 
| 270|0x00000000b0e00000, 0x00000000b0f00000, 0x00000000b0f00000|100%| E|CS|TAMS 0x00000000b0e00000, 0x00000000b0e00000| Complete 
| 271|0x00000000b0f00000, 0x00000000b1000000, 0x00000000b1000000|100%| E|CS|TAMS 0x00000000b0f00000, 0x00000000b0f00000| Complete 
| 272|0x00000000b1000000, 0x00000000b1100000, 0x00000000b1100000|100%| E|CS|TAMS 0x00000000b1000000, 0x00000000b1000000| Complete 
| 273|0x00000000b1100000, 0x00000000b1200000, 0x00000000b1200000|100%| E|CS|TAMS 0x00000000b1100000, 0x00000000b1100000| Complete 
| 274|0x00000000b1200000, 0x00000000b1300000, 0x00000000b1300000|100%| E|CS|TAMS 0x00000000b1200000, 0x00000000b1200000| Complete 
| 275|0x00000000b1300000, 0x00000000b1400000, 0x00000000b1400000|100%| E|CS|TAMS 0x00000000b1300000, 0x00000000b1300000| Complete 
| 276|0x00000000b1400000, 0x00000000b1500000, 0x00000000b1500000|100%| E|CS|TAMS 0x00000000b1400000, 0x00000000b1400000| Complete 
| 277|0x00000000b1500000, 0x00000000b1600000, 0x00000000b1600000|100%| E|CS|TAMS 0x00000000b1500000, 0x00000000b1500000| Complete 
| 278|0x00000000b1600000, 0x00000000b1700000, 0x00000000b1700000|100%| E|CS|TAMS 0x00000000b1600000, 0x00000000b1600000| Complete 
| 279|0x00000000b1700000, 0x00000000b1800000, 0x00000000b1800000|100%| E|CS|TAMS 0x00000000b1700000, 0x00000000b1700000| Complete 
| 280|0x00000000b1800000, 0x00000000b1900000, 0x00000000b1900000|100%| E|CS|TAMS 0x00000000b1800000, 0x00000000b1800000| Complete 
| 281|0x00000000b1900000, 0x00000000b1a00000, 0x00000000b1a00000|100%| E|CS|TAMS 0x00000000b1900000, 0x00000000b1900000| Complete 
| 282|0x00000000b1a00000, 0x00000000b1b00000, 0x00000000b1b00000|100%| E|CS|TAMS 0x00000000b1a00000, 0x00000000b1a00000| Complete 
| 283|0x00000000b1b00000, 0x00000000b1c00000, 0x00000000b1c00000|100%| E|CS|TAMS 0x00000000b1b00000, 0x00000000b1b00000| Complete 
| 284|0x00000000b1c00000, 0x00000000b1d00000, 0x00000000b1d00000|100%| E|CS|TAMS 0x00000000b1c00000, 0x00000000b1c00000| Complete 
| 285|0x00000000b1d00000, 0x00000000b1e00000, 0x00000000b1e00000|100%| E|CS|TAMS 0x00000000b1d00000, 0x00000000b1d00000| Complete 
| 286|0x00000000b1e00000, 0x00000000b1f00000, 0x00000000b1f00000|100%| E|CS|TAMS 0x00000000b1e00000, 0x00000000b1e00000| Complete 
| 287|0x00000000b1f00000, 0x00000000b2000000, 0x00000000b2000000|100%| E|CS|TAMS 0x00000000b1f00000, 0x00000000b1f00000| Complete 
| 288|0x00000000b2000000, 0x00000000b2100000, 0x00000000b2100000|100%| E|CS|TAMS 0x00000000b2000000, 0x00000000b2000000| Complete 
| 289|0x00000000b2100000, 0x00000000b2200000, 0x00000000b2200000|100%| E|CS|TAMS 0x00000000b2100000, 0x00000000b2100000| Complete 
| 290|0x00000000b2200000, 0x00000000b2300000, 0x00000000b2300000|100%| E|CS|TAMS 0x00000000b2200000, 0x00000000b2200000| Complete 
| 291|0x00000000b2300000, 0x00000000b2400000, 0x00000000b2400000|100%| E|CS|TAMS 0x00000000b2300000, 0x00000000b2300000| Complete 
| 292|0x00000000b2400000, 0x00000000b2500000, 0x00000000b2500000|100%| E|CS|TAMS 0x00000000b2400000, 0x00000000b2400000| Complete 
| 293|0x00000000b2500000, 0x00000000b2600000, 0x00000000b2600000|100%| E|CS|TAMS 0x00000000b2500000, 0x00000000b2500000| Complete 
| 294|0x00000000b2600000, 0x00000000b2700000, 0x00000000b2700000|100%| E|CS|TAMS 0x00000000b2600000, 0x00000000b2600000| Complete 
| 295|0x00000000b2700000, 0x00000000b2800000, 0x00000000b2800000|100%| E|CS|TAMS 0x00000000b2700000, 0x00000000b2700000| Complete 
| 296|0x00000000b2800000, 0x00000000b2900000, 0x00000000b2900000|100%| E|CS|TAMS 0x00000000b2800000, 0x00000000b2800000| Complete 
| 297|0x00000000b2900000, 0x00000000b2a00000, 0x00000000b2a00000|100%| E|CS|TAMS 0x00000000b2900000, 0x00000000b2900000| Complete 
| 298|0x00000000b2a00000, 0x00000000b2b00000, 0x00000000b2b00000|100%| E|CS|TAMS 0x00000000b2a00000, 0x00000000b2a00000| Complete 
| 299|0x00000000b2b00000, 0x00000000b2b5dcf8, 0x00000000b2c00000| 36%| S|CS|TAMS 0x00000000b2b00000, 0x00000000b2b00000| Complete 
| 300|0x00000000b2c00000, 0x00000000b2d00000, 0x00000000b2d00000|100%| S|CS|TAMS 0x00000000b2c00000, 0x00000000b2c00000| Complete 
| 301|0x00000000b2d00000, 0x00000000b2e00000, 0x00000000b2e00000|100%| E|CS|TAMS 0x00000000b2d00000, 0x00000000b2d00000| Complete 
| 302|0x00000000b2e00000, 0x00000000b2f00000, 0x00000000b2f00000|100%| E|CS|TAMS 0x00000000b2e00000, 0x00000000b2e00000| Complete 
| 303|0x00000000b2f00000, 0x00000000b3000000, 0x00000000b3000000|100%| E|CS|TAMS 0x00000000b2f00000, 0x00000000b2f00000| Complete 
| 304|0x00000000b3000000, 0x00000000b3100000, 0x00000000b3100000|100%| E|CS|TAMS 0x00000000b3000000, 0x00000000b3000000| Complete 
| 305|0x00000000b3100000, 0x00000000b3200000, 0x00000000b3200000|100%| E|CS|TAMS 0x00000000b3100000, 0x00000000b3100000| Complete 
| 306|0x00000000b3200000, 0x00000000b3300000, 0x00000000b3300000|100%| E|CS|TAMS 0x00000000b3200000, 0x00000000b3200000| Complete 
| 307|0x00000000b3300000, 0x00000000b3400000, 0x00000000b3400000|100%| E|CS|TAMS 0x00000000b3300000, 0x00000000b3300000| Complete 
| 308|0x00000000b3400000, 0x00000000b3500000, 0x00000000b3500000|100%| E|CS|TAMS 0x00000000b3400000, 0x00000000b3400000| Complete 
| 309|0x00000000b3500000, 0x00000000b3600000, 0x00000000b3600000|100%| E|CS|TAMS 0x00000000b3500000, 0x00000000b3500000| Complete 
| 310|0x00000000b3600000, 0x00000000b3700000, 0x00000000b3700000|100%| E|CS|TAMS 0x00000000b3600000, 0x00000000b3600000| Complete 
| 311|0x00000000b3700000, 0x00000000b3800000, 0x00000000b3800000|100%| E|CS|TAMS 0x00000000b3700000, 0x00000000b3700000| Complete 
| 312|0x00000000b3800000, 0x00000000b3900000, 0x00000000b3900000|100%| E|CS|TAMS 0x00000000b3800000, 0x00000000b3800000| Complete 
| 313|0x00000000b3900000, 0x00000000b3a00000, 0x00000000b3a00000|100%| E|CS|TAMS 0x00000000b3900000, 0x00000000b3900000| Complete 
| 314|0x00000000b3a00000, 0x00000000b3b00000, 0x00000000b3b00000|100%| E|CS|TAMS 0x00000000b3a00000, 0x00000000b3a00000| Complete 
| 315|0x00000000b3b00000, 0x00000000b3c00000, 0x00000000b3c00000|100%| E|CS|TAMS 0x00000000b3b00000, 0x00000000b3b00000| Complete 
| 316|0x00000000b3c00000, 0x00000000b3d00000, 0x00000000b3d00000|100%| E|CS|TAMS 0x00000000b3c00000, 0x00000000b3c00000| Complete 
| 317|0x00000000b3d00000, 0x00000000b3e00000, 0x00000000b3e00000|100%| E|CS|TAMS 0x00000000b3d00000, 0x00000000b3d00000| Complete 
| 318|0x00000000b3e00000, 0x00000000b3f00000, 0x00000000b3f00000|100%| E|CS|TAMS 0x00000000b3e00000, 0x00000000b3e00000| Complete 

Card table byte_map: [0x0000024ddbe40000,0x0000024ddc140000] _byte_map_base: 0x0000024ddb940000

Marking Bits (Prev, Next): (CMBitMap*) 0x0000024dc83d43c8, (CMBitMap*) 0x0000024dc83d4400
 Prev Bits: [0x0000024ddc440000, 0x0000024dddc40000)
 Next Bits: [0x0000024dddc40000, 0x0000024ddf440000)

Polling page: 0x0000024dc6b50000

Metaspace:

Usage:
  Non-class:    116.60 MB capacity,   113.85 MB ( 98%) used,     2.32 MB (  2%) free+waste,   435.63 KB ( <1%) overhead. 
      Class:     16.37 MB capacity,    15.06 MB ( 92%) used,     1.13 MB (  7%) free+waste,   185.38 KB (  1%) overhead. 
       Both:    132.98 MB capacity,   128.91 MB ( 97%) used,     3.46 MB (  3%) free+waste,   621.00 KB ( <1%) overhead. 

Virtual space:
  Non-class space:      124.00 MB reserved,     123.74 MB (>99%) committed 
      Class space:        1.00 GB reserved,      17.63 MB (  2%) committed 
             Both:        1.12 GB reserved,     141.37 MB ( 12%) committed 

Chunk freelists:
   Non-Class:  6.92 MB
       Class:  1.19 MB
        Both:  8.11 MB

MaxMetaspaceSize: 17179869184.00 GB
CompressedClassSpaceSize: 1.00 GB

CodeHeap 'non-profiled nmethods': size=120000Kb used=35788Kb max_used=37278Kb free=84211Kb
 bounds [0x0000024dd3980000, 0x0000024dd5df0000, 0x0000024ddaeb0000]
CodeHeap 'profiled nmethods': size=120000Kb used=60970Kb max_used=62368Kb free=59030Kb
 bounds [0x0000024dcc450000, 0x0000024dd01a0000, 0x0000024dd3980000]
CodeHeap 'non-nmethods': size=5760Kb used=2442Kb max_used=2525Kb free=3317Kb
 bounds [0x0000024dcbeb0000, 0x0000024dcc130000, 0x0000024dcc450000]
 total_blobs=30135 nmethods=29021 adapters=1022
 compilation: enabled
              stopped_count=0, restarted_count=0
 full_count=0

Compilation events (20 events):
Event: 12046.923 Thread 0x0000024de8ab7800 38639       4       com.sun.org.apache.xerces.internal.dom.DeferredAttrNSImpl::synchronizeChildren (18 bytes)
Event: 12046.924 Thread 0x0000024de8ab7800 nmethod 38639 0x0000024dd3ddc190 code [0x0000024dd3ddc340, 0x0000024dd3ddc468]
Event: 12046.924 Thread 0x0000024de8ab7800 38593       4       java.awt.geom.Path2D$Iterator::next (35 bytes)
Event: 12046.924 Thread 0x0000024de8ab7800 nmethod 38593 0x0000024dd3d9d110 code [0x0000024dd3d9d2a0, 0x0000024dd3d9d378]
Event: 12046.924 Thread 0x0000024de8ab7800 38597       4       sun.java2d.SunGraphics2D::invalidatePipe (41 bytes)
Event: 12046.928 Thread 0x0000024de8ab7800 nmethod 38597 0x0000024dd3f2e110 code [0x0000024dd3f2e2a0, 0x0000024dd3f2e738]
Event: 12046.928 Thread 0x0000024de8ab7800 38641       4       java.lang.String::startsWith (7 bytes)
Event: 12046.932 Thread 0x0000024de8ab7800 nmethod 38641 0x0000024dd3ec7710 code [0x0000024dd3ec78a0, 0x0000024dd3ec7b78]
Event: 12046.933 Thread 0x0000024de8ab7800 38643       4       java.io.ObjectInputStream$GetFieldImpl::readFields (114 bytes)
Event: 12046.938 Thread 0x0000024de8ab7800 nmethod 38643 0x0000024dd3f2d710 code [0x0000024dd3f2d8e0, 0x0000024dd3f2dd58]
Event: 12046.938 Thread 0x0000024de8ab7800 38642       4       java.io.ObjectInputStream$GetFieldImpl::<init> (47 bytes)
Event: 12046.943 Thread 0x0000024de8ab7800 nmethod 38642 0x0000024dd3f2cc10 code [0x0000024dd3f2cdc0, 0x0000024dd3f2d578]
Event: 12046.943 Thread 0x0000024de8ab7800 38592       4       java.util.Stack::<init> (5 bytes)
Event: 12046.945 Thread 0x0000024de8ab7800 nmethod 38592 0x0000024dd3ddbd10 code [0x0000024dd3ddbea0, 0x0000024dd3ddc058]
Event: 12046.951 Thread 0x0000024de8ab7800 38644       4       com.android.resources.ResourceFolderType::getFolderType (24 bytes)
Event: 12046.971 Thread 0x0000024de8ab7800 nmethod 38644 0x0000024dd3f53210 code [0x0000024dd3f53400, 0x0000024dd3f540b8]
Event: 12046.971 Thread 0x0000024de8ab7800 38645       4       org.gradle.execution.plan.Node::isComplete (56 bytes)
Event: 12046.972 Thread 0x0000024de8ab7800 nmethod 38645 0x0000024dd3d9db10 code [0x0000024dd3d9dcc0, 0x0000024dd3d9dd98]
Event: 12046.975 Thread 0x0000024de8ab7800 38646       4       org.gradle.execution.plan.DefaultExecutionPlan::selectNext (222 bytes)
Event: 12046.994 Thread 0x0000024de2a0e800 nmethod 38529 0x0000024dd41a6790 code [0x0000024dd41a6d60, 0x0000024dd41add78]

GC Heap History (20 events):
Event: 11803.157 GC heap before
{Heap before GC invocations=411 (full 0):
 garbage-first heap   total 326656K, used 164721K [0x00000000a0000000, 0x0000000100000000)
  region size 1024K, 15 young (15360K), 1 survivors (1024K)
 Metaspace       used 131653K, capacity 135745K, committed 144760K, reserved 1175552K
  class space    used 15375K, capacity 16712K, committed 18048K, reserved 1048576K
}
Event: 11803.164 GC heap after
{Heap after GC invocations=412 (full 0):
 garbage-first heap   total 326656K, used 152129K [0x00000000a0000000, 0x0000000100000000)
  region size 1024K, 2 young (2048K), 2 survivors (2048K)
 Metaspace       used 131653K, capacity 135745K, committed 144760K, reserved 1175552K
  class space    used 15375K, capacity 16712K, committed 18048K, reserved 1048576K
}
Event: 11803.196 GC heap before
{Heap before GC invocations=412 (full 0):
 garbage-first heap   total 326656K, used 164417K [0x00000000a0000000, 0x0000000100000000)
  region size 1024K, 15 young (15360K), 2 survivors (2048K)
 Metaspace       used 131654K, capacity 135745K, committed 144760K, reserved 1175552K
  class space    used 15375K, capacity 16712K, committed 18048K, reserved 1048576K
}
Event: 11803.198 GC heap after
{Heap after GC invocations=413 (full 0):
 garbage-first heap   total 326656K, used 154221K [0x00000000a0000000, 0x0000000100000000)
  region size 1024K, 2 young (2048K), 2 survivors (2048K)
 Metaspace       used 131654K, capacity 135745K, committed 144760K, reserved 1175552K
  class space    used 15375K, capacity 16712K, committed 18048K, reserved 1048576K
}
Event: 11803.396 GC heap before
{Heap before GC invocations=414 (full 0):
 garbage-first heap   total 326656K, used 193133K [0x00000000a0000000, 0x0000000100000000)
  region size 1024K, 64 young (65536K), 2 survivors (2048K)
 Metaspace       used 131658K, capacity 135739K, committed 144760K, reserved 1175552K
  class space    used 15374K, capacity 16711K, committed 18048K, reserved 1048576K
}
Event: 11803.399 GC heap after
{Heap after GC invocations=415 (full 0):
 garbage-first heap   total 326656K, used 123735K [0x00000000a0000000, 0x0000000100000000)
  region size 1024K, 5 young (5120K), 5 survivors (5120K)
 Metaspace       used 131658K, capacity 135739K, committed 144760K, reserved 1175552K
  class space    used 15374K, capacity 16711K, committed 18048K, reserved 1048576K
}
Event: 11803.426 GC heap before
{Heap before GC invocations=415 (full 0):
 garbage-first heap   total 326656K, used 132951K [0x00000000a0000000, 0x0000000100000000)
  region size 1024K, 15 young (15360K), 5 survivors (5120K)
 Metaspace       used 131659K, capacity 135739K, committed 144760K, reserved 1175552K
  class space    used 15374K, capacity 16711K, committed 18048K, reserved 1048576K
}
Event: 11803.429 GC heap after
{Heap after GC invocations=416 (full 0):
 garbage-first heap   total 326656K, used 115594K [0x00000000a0000000, 0x0000000100000000)
  region size 1024K, 1 young (1024K), 1 survivors (1024K)
 Metaspace       used 131659K, capacity 135739K, committed 144760K, reserved 1175552K
  class space    used 15374K, capacity 16711K, committed 18048K, reserved 1048576K
}
Event: 11803.984 GC heap before
{Heap before GC invocations=416 (full 0):
 garbage-first heap   total 326656K, used 128906K [0x00000000a0000000, 0x0000000100000000)
  region size 1024K, 15 young (15360K), 1 survivors (1024K)
 Metaspace       used 131868K, capacity 135941K, committed 144760K, reserved 1175552K
  class space    used 15406K, capacity 16750K, committed 18048K, reserved 1048576K
}
Event: 11803.987 GC heap after
{Heap after GC invocations=417 (full 0):
 garbage-first heap   total 326656K, used 113769K [0x00000000a0000000, 0x0000000100000000)
  region size 1024K, 1 young (1024K), 1 survivors (1024K)
 Metaspace       used 131868K, capacity 135941K, committed 144760K, reserved 1175552K
  class space    used 15406K, capacity 16750K, committed 18048K, reserved 1048576K
}
Event: 11830.540 GC heap before
{Heap before GC invocations=417 (full 0):
 garbage-first heap   total 326656K, used 127081K [0x00000000a0000000, 0x0000000100000000)
  region size 1024K, 15 young (15360K), 1 survivors (1024K)
 Metaspace       used 131942K, capacity 136025K, committed 144760K, reserved 1175552K
  class space    used 15416K, capacity 16764K, committed 18048K, reserved 1048576K
}
Event: 11830.545 GC heap after
{Heap after GC invocations=418 (full 0):
 garbage-first heap   total 326656K, used 115060K [0x00000000a0000000, 0x0000000100000000)
  region size 1024K, 2 young (2048K), 2 survivors (2048K)
 Metaspace       used 131942K, capacity 136025K, committed 144760K, reserved 1175552K
  class space    used 15416K, capacity 16764K, committed 18048K, reserved 1048576K
}
Event: 12046.675 GC heap before
{Heap before GC invocations=419 (full 0):
 garbage-first heap   total 326656K, used 199028K [0x00000000a0000000, 0x0000000100000000)
  region size 1024K, 85 young (87040K), 2 survivors (2048K)
 Metaspace       used 131975K, capacity 136158K, committed 144760K, reserved 1175552K
  class space    used 15420K, capacity 16764K, committed 18048K, reserved 1048576K
}
Event: 12046.678 GC heap after
{Heap after GC invocations=420 (full 0):
 garbage-first heap   total 326656K, used 115791K [0x00000000a0000000, 0x0000000100000000)
  region size 1024K, 3 young (3072K), 3 survivors (3072K)
 Metaspace       used 131975K, capacity 136158K, committed 144760K, reserved 1175552K
  class space    used 15420K, capacity 16764K, committed 18048K, reserved 1048576K
}
Event: 12046.708 GC heap before
{Heap before GC invocations=420 (full 0):
 garbage-first heap   total 326656K, used 127055K [0x00000000a0000000, 0x0000000100000000)
  region size 1024K, 15 young (15360K), 3 survivors (3072K)
 Metaspace       used 131977K, capacity 136158K, committed 144760K, reserved 1175552K
  class space    used 15420K, capacity 16764K, committed 18048K, reserved 1048576K
}
Event: 12046.713 GC heap after
{Heap after GC invocations=421 (full 0):
 garbage-first heap   total 326656K, used 111436K [0x00000000a0000000, 0x0000000100000000)
  region size 1024K, 2 young (2048K), 2 survivors (2048K)
 Metaspace       used 131977K, capacity 136158K, committed 144760K, reserved 1175552K
  class space    used 15420K, capacity 16764K, committed 18048K, reserved 1048576K
}
Event: 12046.728 GC heap before
{Heap before GC invocations=421 (full 0):
 garbage-first heap   total 326656K, used 123724K [0x00000000a0000000, 0x0000000100000000)
  region size 1024K, 15 young (15360K), 2 survivors (2048K)
 Metaspace       used 131977K, capacity 136158K, committed 144760K, reserved 1175552K
  class space    used 15420K, capacity 16764K, committed 18048K, reserved 1048576K
}
Event: 12046.732 GC heap after
{Heap after GC invocations=422 (full 0):
 garbage-first heap   total 326656K, used 111581K [0x00000000a0000000, 0x0000000100000000)
  region size 1024K, 1 young (1024K), 1 survivors (1024K)
 Metaspace       used 131977K, capacity 136158K, committed 144760K, reserved 1175552K
  class space    used 15420K, capacity 16764K, committed 18048K, reserved 1048576K
}
Event: 12046.777 GC heap before
{Heap before GC invocations=422 (full 0):
 garbage-first heap   total 326656K, used 126941K [0x00000000a0000000, 0x0000000100000000)
  region size 1024K, 18 young (18432K), 1 survivors (1024K)
 Metaspace       used 131977K, capacity 136158K, committed 144760K, reserved 1175552K
  class space    used 15420K, capacity 16764K, committed 18048K, reserved 1048576K
}
Event: 12046.780 GC heap after
{Heap after GC invocations=423 (full 0):
 garbage-first heap   total 326656K, used 111956K [0x00000000a0000000, 0x0000000100000000)
  region size 1024K, 2 young (2048K), 2 survivors (2048K)
 Metaspace       used 131977K, capacity 136158K, committed 144760K, reserved 1175552K
  class space    used 15420K, capacity 16764K, committed 18048K, reserved 1048576K
}

Deoptimization events (20 events):
Event: 12046.893 Thread 0x0000024dee71f800 DEOPT PACKING pc=0x0000024dcecca909 sp=0x0000005e992fe380
Event: 12046.893 Thread 0x0000024dee71f800 DEOPT UNPACKING pc=0x0000024dcbed6dde sp=0x0000005e992fd808 mode 0
Event: 12046.893 Thread 0x0000024dee71f800 DEOPT PACKING pc=0x0000024dcecca909 sp=0x0000005e992fe380
Event: 12046.893 Thread 0x0000024dee71f800 DEOPT UNPACKING pc=0x0000024dcbed6dde sp=0x0000005e992fd808 mode 0
Event: 12046.896 Thread 0x0000024de8ab1000 Uncommon trap: trap_request=0xffffffde fr.pc=0x0000024dd5c8d404 relative=0x00000000000014e4
Event: 12046.896 Thread 0x0000024de8ab1000 Uncommon trap: reason=class_check action=maybe_recompile pc=0x0000024dd5c8d404 method=com.android.ide.common.resources.NodeUtils.processSingleNodeNamespace(Lorg/w3c/dom/Node;Lorg/w3c/dom/Document;)Z @ 100 c2
Event: 12046.896 Thread 0x0000024de8ab1000 DEOPT PACKING pc=0x0000024dd5c8d404 sp=0x0000005e98dfbb30
Event: 12046.896 Thread 0x0000024de8ab1000 DEOPT UNPACKING pc=0x0000024dcbed662f sp=0x0000005e98dfb9d8 mode 2
Event: 12046.961 Thread 0x0000024de8aae800 DEOPT PACKING pc=0x0000024dccfe19a9 sp=0x0000005e97ffee40
Event: 12046.961 Thread 0x0000024de8aae800 DEOPT UNPACKING pc=0x0000024dcbed6dde sp=0x0000005e97ffe320 mode 0
Event: 12046.968 Thread 0x0000024de7789800 DEOPT PACKING pc=0x0000024dccfe19a9 sp=0x0000005e97dff010
Event: 12046.968 Thread 0x0000024de7789800 DEOPT UNPACKING pc=0x0000024dcbed6dde sp=0x0000005e97dfe4f0 mode 0
Event: 12046.975 Thread 0x0000024de8aae800 DEOPT PACKING pc=0x0000024dccfe19a9 sp=0x0000005e97ffee40
Event: 12046.975 Thread 0x0000024de8aae800 DEOPT UNPACKING pc=0x0000024dcbed6dde sp=0x0000005e97ffe320 mode 0
Event: 12046.981 Thread 0x0000024de8aaf800 DEOPT PACKING pc=0x0000024dccfe19a9 sp=0x0000005e984fea60
Event: 12046.981 Thread 0x0000024de8aaf800 DEOPT UNPACKING pc=0x0000024dcbed6dde sp=0x0000005e984fdf40 mode 0
Event: 12046.990 Thread 0x0000024de8aae800 DEOPT PACKING pc=0x0000024dccfe19a9 sp=0x0000005e97ffee40
Event: 12046.990 Thread 0x0000024de8aae800 DEOPT UNPACKING pc=0x0000024dcbed6dde sp=0x0000005e97ffe320 mode 0
Event: 12046.997 Thread 0x0000024de7789800 DEOPT PACKING pc=0x0000024dccfe1988 sp=0x0000005e97dff010
Event: 12046.997 Thread 0x0000024de7789800 DEOPT UNPACKING pc=0x0000024dcbed6dde sp=0x0000005e97dfe4f0 mode 0

Classes redefined (0 events):
No events

Internal exceptions (20 events):
Event: 11576.558 Thread 0x0000024dee728800 Exception <a 'sun/nio/fs/WindowsException'{0x00000000b2f7db08}> (0x00000000b2f7db08) thrown at [./src/hotspot/share/prims/jni.cpp, line 615]
Event: 11576.596 Thread 0x0000024de8ab2000 Exception <a 'sun/nio/fs/WindowsException'{0x00000000b29d9b28}> (0x00000000b29d9b28) thrown at [./src/hotspot/share/prims/jni.cpp, line 615]
Event: 11576.609 Thread 0x0000024de8ab2000 Exception <a 'sun/nio/fs/WindowsException'{0x00000000b1cb6dc0}> (0x00000000b1cb6dc0) thrown at [./src/hotspot/share/prims/jni.cpp, line 615]
Event: 11576.609 Thread 0x0000024de8ab2000 Exception <a 'sun/nio/fs/WindowsException'{0x00000000b1cbeac0}> (0x00000000b1cbeac0) thrown at [./src/hotspot/share/prims/jni.cpp, line 615]
Event: 11576.610 Thread 0x0000024de8ab2000 Exception <a 'sun/nio/fs/WindowsException'{0x00000000b1a44078}> (0x00000000b1a44078) thrown at [./src/hotspot/share/prims/jni.cpp, line 615]
Event: 11576.611 Thread 0x0000024de8ab2000 Exception <a 'sun/nio/fs/WindowsException'{0x00000000b1a559b8}> (0x00000000b1a559b8) thrown at [./src/hotspot/share/prims/jni.cpp, line 615]
Event: 11576.651 Thread 0x0000024de8ab3800 Exception <a 'sun/nio/fs/WindowsException'{0x00000000b144d958}> (0x00000000b144d958) thrown at [./src/hotspot/share/prims/jni.cpp, line 615]
Event: 11576.997 Thread 0x0000024de4b70800 Exception <a 'sun/nio/fs/WindowsException'{0x00000000b08f58f0}> (0x00000000b08f58f0) thrown at [./src/hotspot/share/prims/jni.cpp, line 615]
Event: 11577.147 Thread 0x0000024de2b80000 Exception <a 'sun/nio/fs/WindowsException'{0x00000000b3bc7b50}> (0x00000000b3bc7b50) thrown at [./src/hotspot/share/prims/jni.cpp, line 615]
Event: 11803.133 Thread 0x0000024de57d4800 Exception <a 'sun/nio/fs/WindowsException'{0x00000000b380cd78}> (0x00000000b380cd78) thrown at [./src/hotspot/share/prims/jni.cpp, line 615]
Event: 11803.927 Thread 0x0000024dee727000 Exception <a 'sun/nio/fs/WindowsException'{0x00000000b3518508}> (0x00000000b3518508) thrown at [./src/hotspot/share/prims/jni.cpp, line 615]
Event: 11803.927 Thread 0x0000024dee727000 Exception <a 'sun/nio/fs/WindowsException'{0x00000000b35187b8}> (0x00000000b35187b8) thrown at [./src/hotspot/share/prims/jni.cpp, line 615]
Event: 11803.949 Thread 0x0000024dee727000 Implicit null exception at 0x0000024dd5bb5bfc to 0x0000024dd5bb6340
Event: 11803.957 Thread 0x0000024de57d5800 Exception <a 'java/lang/NoSuchMethodError'{0x00000000b313e720}: <clinit>> (0x00000000b313e720) thrown at [./src/hotspot/share/prims/jni.cpp, line 1362]
Event: 11803.957 Thread 0x0000024de57d5800 Exception <a 'java/lang/NoSuchMethodError'{0x00000000b31519d0}: <clinit>> (0x00000000b31519d0) thrown at [./src/hotspot/share/prims/jni.cpp, line 1362]
Event: 11803.966 Thread 0x0000024de57d4800 Exception <a 'sun/nio/fs/WindowsException'{0x00000000b3025990}> (0x00000000b3025990) thrown at [./src/hotspot/share/prims/jni.cpp, line 615]
Event: 11830.531 Thread 0x0000024de57d4800 Exception <a 'sun/nio/fs/WindowsException'{0x00000000b33aa0b0}> (0x00000000b33aa0b0) thrown at [./src/hotspot/share/prims/jni.cpp, line 615]
Event: 11831.141 Thread 0x0000024dee728800 Exception <a 'sun/nio/fs/WindowsException'{0x00000000b0f66270}> (0x00000000b0f66270) thrown at [./src/hotspot/share/prims/jni.cpp, line 615]
Event: 11831.194 Thread 0x0000024de57d4800 Exception <a 'sun/nio/fs/WindowsException'{0x00000000aff155b0}> (0x00000000aff155b0) thrown at [./src/hotspot/share/prims/jni.cpp, line 615]
Event: 12046.661 Thread 0x0000024de8168800 Exception <a 'sun/nio/fs/WindowsException'{0x00000000aee53b50}> (0x00000000aee53b50) thrown at [./src/hotspot/share/prims/jni.cpp, line 615]

Events (20 events):
Event: 12046.925 Thread 0x0000024de4b63800 Thread added: 0x0000024de4b63800
Event: 12046.925 Thread 0x0000024de4b64000 Thread added: 0x0000024de4b64000
Event: 12046.927 Thread 0x0000024de4b6b800 Thread added: 0x0000024de4b6b800
Event: 12046.928 Thread 0x0000024de4b6d000 Thread added: 0x0000024de4b6d000
Event: 12046.930 Thread 0x0000024de4b6e000 Thread added: 0x0000024de4b6e000
Event: 12046.930 Thread 0x0000024de4b6c800 Thread added: 0x0000024de4b6c800
Event: 12046.932 Thread 0x0000024de4b6f000 Thread added: 0x0000024de4b6f000
Event: 12046.932 Thread 0x0000024de4b70800 Thread added: 0x0000024de4b70800
Event: 12046.934 Thread 0x0000024de4b6f800 Thread added: 0x0000024de4b6f800
Event: 12046.934 Thread 0x0000024de57d4000 Thread added: 0x0000024de57d4000
Event: 12046.941 Thread 0x0000024de57d6000 Thread added: 0x0000024de57d6000
Event: 12046.941 Thread 0x0000024de57d7000 Thread added: 0x0000024de57d7000
Event: 12046.944 Thread 0x0000024de57d2000 Thread added: 0x0000024de57d2000
Event: 12046.944 Thread 0x0000024de57d8000 Thread added: 0x0000024de57d8000
Event: 12046.955 Executing VM operation: RevokeBias
Event: 12046.955 Executing VM operation: RevokeBias done
Event: 12047.032 Executing VM operation: RevokeBias
Event: 12047.032 Executing VM operation: RevokeBias done
Event: 12047.034 Executing VM operation: RevokeBias
Event: 12047.034 Executing VM operation: RevokeBias done


Dynamic libraries:
0x00007ff775270000 - 0x00007ff77527a000 	C:\Program Files\Android\Android Studio\jre\bin\java.exe
0x00007ffe9d730000 - 0x00007ffe9d925000 	C:\Windows\SYSTEM32\ntdll.dll
0x00007ffe9cab0000 - 0x00007ffe9cb6e000 	C:\Windows\System32\KERNEL32.DLL
0x00007ffe9afa0000 - 0x00007ffe9b268000 	C:\Windows\System32\KERNELBASE.dll
0x00007ffe9b2d0000 - 0x00007ffe9b3d0000 	C:\Windows\System32\ucrtbase.dll
0x00007ffe81ae0000 - 0x00007ffe81af7000 	C:\Program Files\Android\Android Studio\jre\bin\VCRUNTIME140.dll
0x00007ffe813a0000 - 0x00007ffe813b9000 	C:\Program Files\Android\Android Studio\jre\bin\jli.dll
0x00007ffe9bcc0000 - 0x00007ffe9be60000 	C:\Windows\System32\USER32.dll
0x00007ffe8b100000 - 0x00007ffe8b39a000 	C:\Windows\WinSxS\amd64_microsoft.windows.common-controls_6595b64144ccf1df_6.0.19041.1110_none_60b5254171f9507e\COMCTL32.dll
0x00007ffe9b270000 - 0x00007ffe9b292000 	C:\Windows\System32\win32u.dll
0x00007ffe9cb70000 - 0x00007ffe9cb9b000 	C:\Windows\System32\GDI32.dll
0x00007ffe9bf20000 - 0x00007ffe9bfbe000 	C:\Windows\System32\msvcrt.dll
0x00007ffe9b610000 - 0x00007ffe9b71b000 	C:\Windows\System32\gdi32full.dll
0x00007ffe9af00000 - 0x00007ffe9af9d000 	C:\Windows\System32\msvcp_win.dll
0x00007ffe9cc30000 - 0x00007ffe9cc60000 	C:\Windows\System32\IMM32.DLL
0x00007ffe6ff60000 - 0x00007ffe6fffd000 	C:\Program Files\Android\Android Studio\jre\bin\msvcp140.dll
0x00007ffe5b8b0000 - 0x00007ffe5c385000 	C:\Program Files\Android\Android Studio\jre\bin\server\jvm.dll
0x00007ffe9be70000 - 0x00007ffe9bf1e000 	C:\Windows\System32\ADVAPI32.dll
0x00007ffe9b8b0000 - 0x00007ffe9b94c000 	C:\Windows\System32\sechost.dll
0x00007ffe9d220000 - 0x00007ffe9d345000 	C:\Windows\System32\RPCRT4.dll
0x00007ffe9bcb0000 - 0x00007ffe9bcb8000 	C:\Windows\System32\PSAPI.DLL
0x00007ffe86c70000 - 0x00007ffe86c79000 	C:\Windows\SYSTEM32\WSOCK32.dll
0x00007ffe90d70000 - 0x00007ffe90d97000 	C:\Windows\SYSTEM32\WINMM.dll
0x00007ffe958c0000 - 0x00007ffe958ca000 	C:\Windows\SYSTEM32\VERSION.dll
0x00007ffe9c800000 - 0x00007ffe9c86b000 	C:\Windows\System32\WS2_32.dll
0x00007ffe98d80000 - 0x00007ffe98d92000 	C:\Windows\SYSTEM32\kernel.appcore.dll
0x00007ffe90700000 - 0x00007ffe90711000 	C:\Program Files\Android\Android Studio\jre\bin\verify.dll
0x00007ffe90430000 - 0x00007ffe90614000 	C:\Windows\SYSTEM32\DBGHELP.DLL
0x00007ffe8a740000 - 0x00007ffe8a76c000 	C:\Windows\SYSTEM32\dbgcore.DLL
0x00007ffe9b3d0000 - 0x00007ffe9b452000 	C:\Windows\System32\bcryptPrimitives.dll
0x00007ffe8e4d0000 - 0x00007ffe8e4f9000 	C:\Program Files\Android\Android Studio\jre\bin\java.dll
0x00007ffe98740000 - 0x00007ffe9874b000 	C:\Program Files\Android\Android Studio\jre\bin\jimage.dll
0x00007ffe906a0000 - 0x00007ffe906b8000 	C:\Program Files\Android\Android Studio\jre\bin\zip.dll
0x00007ffe9c0b0000 - 0x00007ffe9c7f4000 	C:\Windows\System32\SHELL32.dll
0x00007ffe98f80000 - 0x00007ffe99714000 	C:\Windows\SYSTEM32\windows.storage.dll
0x00007ffe9b950000 - 0x00007ffe9bca4000 	C:\Windows\System32\combase.dll
0x00007ffe9a8b0000 - 0x00007ffe9a8dc000 	C:\Windows\SYSTEM32\Wldp.dll
0x00007ffe9c870000 - 0x00007ffe9c91d000 	C:\Windows\System32\SHCORE.dll
0x00007ffe9d690000 - 0x00007ffe9d6e5000 	C:\Windows\System32\shlwapi.dll
0x00007ffe9ad90000 - 0x00007ffe9adaf000 	C:\Windows\SYSTEM32\profapi.dll
0x00007ffe8f860000 - 0x00007ffe8f87a000 	C:\Program Files\Android\Android Studio\jre\bin\net.dll
0x00007ffe94a90000 - 0x00007ffe94b99000 	C:\Windows\SYSTEM32\WINHTTP.dll
0x00007ffe9a610000 - 0x00007ffe9a67a000 	C:\Windows\system32\mswsock.dll
0x00007ffe8e4b0000 - 0x00007ffe8e4c4000 	C:\Program Files\Android\Android Studio\jre\bin\nio.dll
0x00007ffe80180000 - 0x00007ffe801a6000 	C:\Users\eiyah\.gradle\native\29\windows-amd64\native-platform.dll
0x00007ffe98680000 - 0x00007ffe9868a000 	C:\Program Files\Android\Android Studio\jre\bin\management.dll
0x00007ffe98630000 - 0x00007ffe9863d000 	C:\Program Files\Android\Android Studio\jre\bin\management_ext.dll
0x00007ffe9a800000 - 0x00007ffe9a818000 	C:\Windows\SYSTEM32\CRYPTSP.dll
0x00007ffe99f20000 - 0x00007ffe99f54000 	C:\Windows\system32\rsaenh.dll
0x00007ffe9b2a0000 - 0x00007ffe9b2c7000 	C:\Windows\System32\bcrypt.dll
0x00007ffe9ad10000 - 0x00007ffe9ad3e000 	C:\Windows\SYSTEM32\USERENV.dll
0x00007ffe9a820000 - 0x00007ffe9a82c000 	C:\Windows\SYSTEM32\CRYPTBASE.dll
0x00007ffe9a2b0000 - 0x00007ffe9a2eb000 	C:\Windows\SYSTEM32\IPHLPAPI.DLL
0x00007ffe9be60000 - 0x00007ffe9be68000 	C:\Windows\System32\NSI.dll
0x00007ffe95e50000 - 0x00007ffe95e67000 	C:\Windows\SYSTEM32\dhcpcsvc6.DLL
0x00007ffe95d50000 - 0x00007ffe95d6d000 	C:\Windows\SYSTEM32\dhcpcsvc.DLL
0x00007ffe9a300000 - 0x00007ffe9a3ca000 	C:\Windows\SYSTEM32\DNSAPI.dll
0x00007ffe60cb0000 - 0x00007ffe60e55000 	C:\Program Files\Android\Android Studio\jre\bin\awt.dll
0x00007ffe9bfc0000 - 0x00007ffe9c08d000 	C:\Windows\System32\OLEAUT32.dll
0x00007ffe98ac0000 - 0x00007ffe98aef000 	C:\Windows\SYSTEM32\dwmapi.dll
0x00007ffe980a0000 - 0x00007ffe98130000 	C:\Windows\SYSTEM32\apphelp.dll
0x00007ffe98800000 - 0x00007ffe9889e000 	C:\Windows\system32\uxtheme.dll
0x00007ffe800a0000 - 0x00007ffe800be000 	C:\Users\eiyah\AppData\Local\Temp\native-platform14855822421358643252dir\native-platform.dll
0x00007ffe83140000 - 0x00007ffe83148000 	C:\Program Files\Android\Android Studio\jre\bin\rmi.dll
0x00007ffe8df20000 - 0x00007ffe8df47000 	C:\Program Files\Android\Android Studio\jre\bin\sunec.dll

dbghelp: loaded successfully - version: 4.0.5 - missing functions: none
symbol engine: initialized successfully - sym options: 0x614 - pdb path: .;C:\Program Files\Android\Android Studio\jre\bin;C:\Windows\SYSTEM32;C:\Windows\WinSxS\amd64_microsoft.windows.common-controls_6595b64144ccf1df_6.0.19041.1110_none_60b5254171f9507e;C:\Program Files\Android\Android Studio\jre\bin\server;C:\Users\eiyah\.gradle\native\29\windows-amd64;C:\Users\eiyah\AppData\Local\Temp\native-platform14855822421358643252dir

VM Arguments:
jvm_args: --add-opens=java.base/java.util=ALL-UNNAMED --add-opens=java.base/java.lang=ALL-UNNAMED --add-opens=java.base/java.lang.invoke=ALL-UNNAMED --add-opens=java.prefs/java.util.prefs=ALL-UNNAMED -Xmx1536m -Dfile.encoding=windows-1252 -Duser.country=CO -Duser.language=es -Duser.variant 
java_command: org.gradle.launcher.daemon.bootstrap.GradleDaemon 5.4.1
java_class_path (initial): C:\Users\eiyah\.gradle\wrapper\dists\gradle-5.4.1-all\3221gyojl5jsh0helicew7rwx\gradle-5.4.1\lib\gradle-launcher-5.4.1.jar
Launcher Type: SUN_STANDARD

[Global flags]
     intx CICompilerCount                          = 4                                         {product} {ergonomic}
     uint ConcGCThreads                            = 3                                         {product} {ergonomic}
     uint G1ConcRefinementThreads                  = 10                                        {product} {ergonomic}
   size_t G1HeapRegionSize                         = 1048576                                   {product} {ergonomic}
    uintx GCDrainStackTargetSize                   = 64                                        {product} {ergonomic}
   size_t InitialHeapSize                          = 268435456                                 {product} {ergonomic}
   size_t MarkStackSize                            = 4194304                                   {product} {ergonomic}
   size_t MaxHeapSize                              = 1610612736                                {product} {command line}
   size_t MaxNewSize                               = 965738496                                 {product} {ergonomic}
   size_t MinHeapDeltaBytes                        = 1048576                                   {product} {ergonomic}
    uintx NonNMethodCodeHeapSize                   = 5836300                                {pd product} {ergonomic}
    uintx NonProfiledCodeHeapSize                  = 122910970                              {pd product} {ergonomic}
    uintx ProfiledCodeHeapSize                     = 122910970                              {pd product} {ergonomic}
    uintx ReservedCodeCacheSize                    = 251658240                              {pd product} {ergonomic}
     bool SegmentedCodeCache                       = true                                      {product} {ergonomic}
     bool UseCompressedClassPointers               = true                                 {lp64_product} {ergonomic}
     bool UseCompressedOops                        = true                                 {lp64_product} {ergonomic}
     bool UseG1GC                                  = true                                      {product} {ergonomic}
     bool UseLargePagesIndividualAllocation        = false                                  {pd product} {ergonomic}

Logging:
Log output configuration:
 #0: stdout all=warning uptime,level,tags
 #1: stderr all=off uptime,level,tags

Environment Variables:
PATH=C:\Program Files (x86)\Common Files\Oracle\Java\javapath;C:\Windows\system32;C:\Windows;C:\Windows\System32\Wbem;C:\Windows\System32\WindowsPowerShell\v1.0\;C:\Windows\System32\OpenSSH\;C:\Program Files\NVIDIA Corporation\NVIDIA NvDLISR;C:\Program Files (x86)\NVIDIA Corporation\PhysX\Common;C:\Program Files\Git\cmd;C:\Users\eiyah\AppData\Local\Microsoft\WindowsApps;C:\Users\eiyah\AppData\Local\GitHubDesktop\bin
USERNAME=eiyah
OS=Windows_NT
PROCESSOR_IDENTIFIER=AMD64 Family 23 Model 113 Stepping 0, AuthenticAMD



---------------  S Y S T E M  ---------------

OS: Windows 10 , 64 bit Build 19041 (10.0.19041.1566)
OS uptime: 2 days 1:32 hours

CPU:total 12 (initial active 12) (12 cores per cpu, 2 threads per core) family 23 model 113 stepping 0 microcode 0x0, cmov, cx8, fxsr, mmx, sse, sse2, sse3, ssse3, sse4.1, sse4.2, popcnt, avx, avx2, aes, clmul, mmxext, 3dnowpref, lzcnt, sse4a, ht, tsc, tscinvbit, tscinv, bmi1, bmi2, adx,

Memory: 4k page, system-wide physical 16284M (3893M free)
TotalPageFile size 16284M (AvailPageFile size 6M)
current process WorkingSet (physical memory assigned to process): 714M, peak: 751M
current process commit charge ("private bytes"): 815M, peak: 836M

vm_info: OpenJDK 64-Bit Server VM (11.0.11+9-b60-7590822) for windows-amd64 JRE (11.0.11+9-b60-7590822), built on Jul 29 2021 21:43:44 by "builder" with MS VC++ 14.0 (VS2015)

END.
